1.92e+02,2.86e+01,1.83e+02,1.83e+02,4.20e+02,7.00e+00,3.00e+00
3.84e+02,8.16e+01,1.99e+02,1.99e+02,4.55e+02,7.00e+00,2.00e+00
5.76e+02,5.66e+01,1.90e+02,1.99e+02,4.55e+02,7.00e+00,2.00e+00
7.68e+02,1.59e+02,1.95e+02,1.99e+02,4.55e+02,7.00e+00,2.00e+00
9.60e+02,1.61e+02,2.00e+02,2.00e+02,4.45e+02,7.00e+00,2.00e+00
1.15e+03,1.60e+02,2.00e+02,2.00e+02,4.45e+02,7.00e+00,2.00e+00
1.34e+03,1.60e+02,1.99e+02,2.00e+02,4.45e+02,7.00e+00,2.00e+00
1.54e+03,1.62e+02,1.94e+02,2.00e+02,4.45e+02,7.00e+00,2.00e+00
1.73e+03,1.60e+02,2.00e+02,2.00e+02,4.45e+02,7.00e+00,2.00e+00
1.92e+03,1.54e+02,1.90e+02,2.00e+02,4.45e+02,7.00e+00,2.00e+00
2.11e+03,1.56e+02,1.94e+02,2.00e+02,4.45e+02,7.00e+00,2.00e+00
2.30e+03,1.58e+02,1.94e+02,2.00e+02,4.45e+02,7.00e+00,2.00e+00
2.50e+03,1.59e+02,2.00e+02,2.00e+02,4.45e+02,7.00e+00,2.00e+00
2.69e+03,1.57e+02,1.98e+02,2.00e+02,4.45e+02,7.00e+00,2.00e+00
2.88e+03,1.61e+02,1.99e+02,2.00e+02,4.45e+02,7.00e+00,2.00e+00
3.07e+03,1.59e+02,1.99e+02,2.00e+02,4.45e+02,7.00e+00,2.00e+00
3.26e+03,1.60e+02,2.00e+02,2.00e+02,4.45e+02,7.00e+00,2.00e+00
3.46e+03,1.63e+02,1.94e+02,2.00e+02,4.45e+02,7.00e+00,2.00e+00
3.65e+03,1.60e+02,1.98e+02,2.00e+02,4.45e+02,7.00e+00,2.00e+00
3.84e+03,1.61e+02,1.99e+02,2.00e+02,4.45e+02,7.00e+00,2.00e+00
4.03e+03,1.58e+02,1.92e+02,2.00e+02,4.45e+02,7.00e+00,2.00e+00
4.22e+03,1.59e+02,1.93e+02,2.00e+02,4.45e+02,7.00e+00,2.00e+00
4.42e+03,1.59e+02,1.99e+02,2.00e+02,4.45e+02,7.00e+00,2.00e+00
4.61e+03,1.60e+02,1.99e+02,2.00e+02,4.45e+02,7.00e+00,2.00e+00
4.80e+03,1.60e+02,1.99e+02,2.00e+02,4.45e+02,7.00e+00,2.00e+00
4.99e+03,1.61e+02,1.90e+02,2.00e+02,4.45e+02,7.00e+00,2.00e+00
5.18e+03,1.61e+02,1.92e+02,2.00e+02,4.45e+02,7.00e+00,2.00e+00
5.38e+03,1.60e+02,1.94e+02,2.00e+02,4.45e+02,7.00e+00,2.00e+00
5.57e+03,1.58e+02,1.97e+02,2.00e+02,4.45e+02,7.00e+00,2.00e+00
5.76e+03,1.60e+02,1.92e+02,2.00e+02,4.45e+02,7.00e+00,2.00e+00
5.95e+03,1.60e+02,1.99e+02,2.00e+02,4.45e+02,7.00e+00,2.00e+00
6.14e+03,1.62e+02,1.91e+02,2.00e+02,4.45e+02,7.00e+00,2.00e+00
6.34e+03,1.60e+02,1.90e+02,2.00e+02,4.45e+02,7.00e+00,2.00e+00
6.53e+03,1.59e+02,1.91e+02,2.00e+02,4.45e+02,7.00e+00,2.00e+00
6.72e+03,1.59e+02,1.99e+02,2.00e+02,4.45e+02,7.00e+00,2.00e+00
6.91e+03,1.60e+02,2.00e+02,2.00e+02,4.45e+02,7.00e+00,2.00e+00
7.10e+03,1.59e+02,1.99e+02,2.00e+02,4.45e+02,7.00e+00,2.00e+00
7.30e+03,1.58e+02,1.99e+02,2.00e+02,4.45e+02,7.00e+00,2.00e+00
7.49e+03,1.63e+02,1.93e+02,2.00e+02,4.45e+02,7.00e+00,2.00e+00
7.68e+03,1.57e+02,1.99e+02,2.00e+02,4.45e+02,7.00e+00,2.00e+00
7.87e+03,1.59e+02,1.99e+02,2.00e+02,4.45e+02,7.00e+00,2.00e+00
8.06e+03,1.63e+02,1.99e+02,2.00e+02,4.45e+02,7.00e+00,2.00e+00
8.26e+03,1.59e+02,1.91e+02,2.00e+02,4.45e+02,7.00e+00,2.00e+00
8.45e+03,1.58e+02,1.93e+02,2.00e+02,4.45e+02,7.00e+00,2.00e+00
8.64e+03,1.60e+02,1.95e+02,2.00e+02,4.45e+02,7.00e+00,2.00e+00
8.83e+03,1.61e+02,1.91e+02,2.00e+02,4.45e+02,7.00e+00,2.00e+00
9.02e+03,1.60e+02,1.97e+02,2.00e+02,4.45e+02,7.00e+00,2.00e+00
9.22e+03,1.59e+02,1.99e+02,2.00e+02,4.45e+02,7.00e+00,2.00e+00
9.41e+03,1.58e+02,1.98e+02,2.00e+02,4.45e+02,7.00e+00,2.00e+00
9.60e+03,1.62e+02,1.99e+02,2.00e+02,4.45e+02,7.00e+00,2.00e+00
9.79e+03,1.62e+02,1.95e+02,2.00e+02,4.45e+02,7.00e+00,2.00e+00
9.98e+03,1.59e+02,1.94e+02,2.00e+02,4.45e+02,7.00e+00,2.00e+00
1.02e+04,1.60e+02,2.00e+02,2.00e+02,4.45e+02,7.00e+00,2.00e+00
1.04e+04,1.58e+02,1.99e+02,2.00e+02,4.45e+02,7.00e+00,2.00e+00
1.06e+04,1.60e+02,1.98e+02,2.00e+02,4.45e+02,7.00e+00,2.00e+00
1.08e+04,1.60e+02,1.93e+02,2.00e+02,4.45e+02,7.00e+00,2.00e+00
1.09e+04,1.57e+02,1.92e+02,2.00e+02,4.45e+02,7.00e+00,2.00e+00
1.11e+04,1.59e+02,1.90e+02,2.00e+02,4.45e+02,7.00e+00,2.00e+00
1.13e+04,1.61e+02,1.89e+02,2.00e+02,4.45e+02,7.00e+00,2.00e+00
1.15e+04,1.57e+02,1.95e+02,2.00e+02,4.45e+02,7.00e+00,2.00e+00
1.17e+04,1.61e+02,1.93e+02,2.00e+02,4.45e+02,7.00e+00,2.00e+00
1.19e+04,1.59e+02,1.99e+02,2.00e+02,4.45e+02,7.00e+00,2.00e+00
1.21e+04,1.61e+02,1.99e+02,2.00e+02,4.45e+02,7.00e+00,2.00e+00
1.23e+04,1.62e+02,2.00e+02,2.00e+02,4.45e+02,7.00e+00,2.00e+00
1.25e+04,1.60e+02,1.97e+02,2.00e+02,4.45e+02,7.00e+00,2.00e+00
1.27e+04,1.61e+02,1.87e+02,2.00e+02,4.45e+02,7.00e+00,2.00e+00
1.29e+04,1.60e+02,2.00e+02,2.00e+02,4.45e+02,7.00e+00,2.00e+00
1.31e+04,1.61e+02,1.99e+02,2.00e+02,4.45e+02,7.00e+00,2.00e+00
1.32e+04,1.58e+02,1.94e+02,2.00e+02,4.45e+02,7.00e+00,2.00e+00
1.34e+04,1.61e+02,1.99e+02,2.00e+02,4.45e+02,7.00e+00,2.00e+00
1.36e+04,1.62e+02,1.93e+02,2.00e+02,4.45e+02,7.00e+00,2.00e+00
1.38e+04,1.59e+02,1.99e+02,2.00e+02,4.45e+02,7.00e+00,2.00e+00
1.40e+04,1.58e+02,1.99e+02,2.00e+02,4.45e+02,7.00e+00,2.00e+00
1.42e+04,1.61e+02,1.94e+02,2.00e+02,4.45e+02,7.00e+00,2.00e+00
1.44e+04,1.61e+02,1.99e+02,2.00e+02,4.45e+02,7.00e+00,2.00e+00
1.46e+04,1.61e+02,2.00e+02,2.00e+02,4.45e+02,7.00e+00,2.00e+00
1.48e+04,1.60e+02,1.97e+02,2.00e+02,4.45e+02,7.00e+00,2.00e+00
1.50e+04,1.61e+02,2.00e+02,2.00e+02,4.45e+02,7.00e+00,2.00e+00
1.52e+04,1.60e+02,2.00e+02,2.00e+02,4.45e+02,7.00e+00,2.00e+00
1.54e+04,1.58e+02,1.92e+02,2.00e+02,4.45e+02,7.00e+00,2.00e+00
1.56e+04,1.61e+02,1.95e+02,2.00e+02,4.45e+02,7.00e+00,2.00e+00
1.57e+04,1.59e+02,1.93e+02,2.00e+02,4.45e+02,7.00e+00,2.00e+00
1.59e+04,1.63e+02,1.99e+02,2.00e+02,4.45e+02,7.00e+00,2.00e+00
1.61e+04,1.60e+02,1.99e+02,2.00e+02,4.45e+02,7.00e+00,2.00e+00
1.63e+04,1.59e+02,1.98e+02,2.00e+02,4.45e+02,7.00e+00,2.00e+00
1.65e+04,1.63e+02,1.99e+02,2.00e+02,4.45e+02,7.00e+00,2.00e+00
1.67e+04,1.58e+02,1.99e+02,2.00e+02,4.45e+02,7.00e+00,2.00e+00
1.69e+04,1.63e+02,1.99e+02,2.00e+02,4.45e+02,7.00e+00,2.00e+00
1.71e+04,1.60e+02,1.99e+02,2.00e+02,4.45e+02,7.00e+00,2.00e+00
1.73e+04,1.60e+02,2.00e+02,2.00e+02,4.45e+02,7.00e+00,2.00e+00
1.75e+04,1.61e+02,2.00e+02,2.00e+02,4.45e+02,7.00e+00,2.00e+00
1.77e+04,1.58e+02,2.00e+02,2.00e+02,4.45e+02,7.00e+00,2.00e+00
1.79e+04,1.59e+02,1.95e+02,2.00e+02,4.45e+02,7.00e+00,2.00e+00
1.80e+04,1.62e+02,1.99e+02,2.00e+02,4.45e+02,7.00e+00,2.00e+00
1.82e+04,1.58e+02,1.98e+02,2.00e+02,4.45e+02,7.00e+00,2.00e+00
1.84e+04,1.63e+02,1.99e+02,2.00e+02,4.45e+02,7.00e+00,2.00e+00
1.86e+04,1.58e+02,1.95e+02,2.00e+02,4.45e+02,7.00e+00,2.00e+00
1.88e+04,1.59e+02,1.94e+02,2.00e+02,4.45e+02,7.00e+00,2.00e+00
1.90e+04,1.58e+02,1.93e+02,2.00e+02,4.45e+02,7.00e+00,2.00e+00
1.92e+04,1.57e+02,1.99e+02,2.00e+02,4.45e+02,7.00e+00,2.00e+00
1.94e+04,1.61e+02,2.00e+02,2.00e+02,4.45e+02,7.00e+00,2.00e+00
1.96e+04,1.58e+02,1.93e+02,2.00e+02,4.45e+02,7.00e+00,2.00e+00
1.98e+04,1.61e+02,1.99e+02,2.00e+02,4.45e+02,7.00e+00,2.00e+00
2.00e+04,1.57e+02,1.98e+02,2.00e+02,4.45e+02,7.00e+00,2.00e+00
2.02e+04,1.57e+02,1.89e+02,2.00e+02,4.45e+02,7.00e+00,2.00e+00
2.04e+04,1.62e+02,1.99e+02,2.00e+02,4.45e+02,7.00e+00,2.00e+00
2.05e+04,1.57e+02,2.00e+02,2.00e+02,4.45e+02,7.00e+00,2.00e+00
2.07e+04,1.59e+02,2.00e+02,2.00e+02,4.45e+02,7.00e+00,2.00e+00
2.09e+04,1.59e+02,1.89e+02,2.00e+02,4.45e+02,7.00e+00,2.00e+00
2.11e+04,1.60e+02,1.97e+02,2.00e+02,4.45e+02,7.00e+00,2.00e+00
2.13e+04,1.59e+02,1.92e+02,2.00e+02,4.45e+02,7.00e+00,2.00e+00
2.15e+04,1.58e+02,1.98e+02,2.00e+02,4.45e+02,7.00e+00,2.00e+00
2.17e+04,1.62e+02,1.93e+02,2.00e+02,4.45e+02,7.00e+00,2.00e+00
2.19e+04,1.61e+02,1.93e+02,2.00e+02,4.45e+02,7.00e+00,2.00e+00
2.21e+04,1.57e+02,1.95e+02,2.00e+02,4.45e+02,7.00e+00,2.00e+00
2.23e+04,1.57e+02,2.00e+02,2.00e+02,4.45e+02,7.00e+00,2.00e+00
2.25e+04,1.58e+02,1.92e+02,2.00e+02,4.45e+02,7.00e+00,2.00e+00
2.27e+04,1.62e+02,1.99e+02,2.00e+02,4.45e+02,7.00e+00,2.00e+00
2.28e+04,1.61e+02,1.94e+02,2.00e+02,4.45e+02,7.00e+00,2.00e+00
2.30e+04,1.58e+02,2.00e+02,2.00e+02,4.45e+02,7.00e+00,2.00e+00
2.32e+04,1.57e+02,1.99e+02,2.00e+02,4.45e+02,7.00e+00,2.00e+00
2.34e+04,1.61e+02,2.00e+02,2.00e+02,4.45e+02,7.00e+00,2.00e+00
2.36e+04,1.60e+02,1.93e+02,2.00e+02,4.45e+02,7.00e+00,2.00e+00
2.38e+04,1.60e+02,2.00e+02,2.00e+02,4.45e+02,7.00e+00,2.00e+00
2.40e+04,1.57e+02,1.99e+02,2.00e+02,4.45e+02,7.00e+00,2.00e+00
2.42e+04,1.64e+02,1.99e+02,2.00e+02,4.45e+02,7.00e+00,2.00e+00
2.44e+04,1.59e+02,1.99e+02,2.00e+02,4.45e+02,7.00e+00,2.00e+00
2.46e+04,1.59e+02,2.00e+02,2.00e+02,4.45e+02,7.00e+00,2.00e+00
2.48e+04,1.58e+02,1.97e+02,2.00e+02,4.45e+02,7.00e+00,2.00e+00
2.50e+04,1.61e+02,1.99e+02,2.00e+02,4.45e+02,7.00e+00,2.00e+00
2.52e+04,1.59e+02,1.95e+02,2.00e+02,4.45e+02,7.00e+00,2.00e+00
2.53e+04,1.59e+02,1.99e+02,2.00e+02,4.45e+02,7.00e+00,2.00e+00
2.55e+04,1.59e+02,1.89e+02,2.00e+02,4.45e+02,7.00e+00,2.00e+00
2.57e+04,1.59e+02,1.92e+02,2.00e+02,4.45e+02,7.00e+00,2.00e+00
2.59e+04,1.62e+02,1.99e+02,2.00e+02,4.45e+02,7.00e+00,2.00e+00
2.61e+04,1.62e+02,2.00e+02,2.00e+02,4.45e+02,7.00e+00,2.00e+00
2.63e+04,1.58e+02,1.94e+02,2.00e+02,4.45e+02,7.00e+00,2.00e+00
2.65e+04,1.59e+02,1.93e+02,2.00e+02,4.45e+02,7.00e+00,2.00e+00
2.67e+04,1.62e+02,1.93e+02,2.00e+02,4.45e+02,7.00e+00,2.00e+00
2.69e+04,1.63e+02,1.97e+02,2.00e+02,4.45e+02,7.00e+00,2.00e+00
2.71e+04,1.62e+02,1.99e+02,2.00e+02,4.45e+02,7.00e+00,2.00e+00
2.73e+04,1.61e+02,1.97e+02,2.00e+02,4.45e+02,7.00e+00,2.00e+00
2.75e+04,1.63e+02,2.00e+02,2.00e+02,4.45e+02,7.00e+00,2.00e+00
2.76e+04,1.60e+02,1.99e+02,2.00e+02,4.45e+02,7.00e+00,2.00e+00
2.78e+04,1.59e+02,1.91e+02,2.00e+02,4.45e+02,7.00e+00,2.00e+00
2.80e+04,1.62e+02,1.91e+02,2.00e+02,4.45e+02,7.00e+00,2.00e+00
2.82e+04,1.61e+02,1.98e+02,2.00e+02,4.45e+02,7.00e+00,2.00e+00
2.84e+04,1.61e+02,1.99e+02,2.00e+02,4.45e+02,7.00e+00,2.00e+00
2.86e+04,1.60e+02,1.99e+02,2.00e+02,4.45e+02,7.00e+00,2.00e+00
2.88e+04,1.60e+02,1.95e+02,2.00e+02,4.45e+02,7.00e+00,2.00e+00
2.90e+04,1.60e+02,1.99e+02,2.00e+02,4.45e+02,7.00e+00,2.00e+00
2.92e+04,1.62e+02,1.94e+02,2.00e+02,4.45e+02,7.00e+00,2.00e+00
2.94e+04,1.58e+02,1.99e+02,2.00e+02,4.45e+02,7.00e+00,2.00e+00
2.96e+04,1.63e+02,1.99e+02,2.00e+02,4.45e+02,7.00e+00,2.00e+00
2.98e+04,1.57e+02,1.88e+02,2.00e+02,4.45e+02,7.00e+00,2.00e+00
3.00e+04,1.61e+02,2.00e+02,2.00e+02,4.45e+02,7.00e+00,2.00e+00
3.01e+04,1.59e+02,1.94e+02,2.00e+02,4.45e+02,7.00e+00,2.00e+00
3.03e+04,1.56e+02,1.99e+02,2.00e+02,4.45e+02,7.00e+00,2.00e+00
3.05e+04,1.62e+02,2.00e+02,2.00e+02,4.45e+02,7.00e+00,2.00e+00
3.07e+04,1.60e+02,1.99e+02,2.00e+02,4.45e+02,7.00e+00,2.00e+00
3.09e+04,1.60e+02,1.98e+02,2.00e+02,4.45e+02,7.00e+00,2.00e+00
3.11e+04,1.63e+02,1.98e+02,2.00e+02,4.45e+02,7.00e+00,2.00e+00
3.13e+04,1.63e+02,2.00e+02,2.00e+02,4.45e+02,7.00e+00,2.00e+00
3.15e+04,1.63e+02,1.98e+02,2.00e+02,4.45e+02,7.00e+00,2.00e+00
3.17e+04,1.58e+02,1.92e+02,2.00e+02,4.45e+02,7.00e+00,2.00e+00
3.19e+04,1.61e+02,2.00e+02,2.00e+02,4.45e+02,7.00e+00,2.00e+00
3.21e+04,1.60e+02,2.00e+02,2.00e+02,4.45e+02,7.00e+00,2.00e+00
3.23e+04,1.62e+02,1.93e+02,2.00e+02,4.45e+02,7.00e+00,2.00e+00
3.24e+04,1.60e+02,1.98e+02,2.00e+02,4.45e+02,7.00e+00,2.00e+00
3.26e+04,1.61e+02,1.99e+02,2.00e+02,4.45e+02,7.00e+00,2.00e+00
3.28e+04,1.63e+02,1.97e+02,2.00e+02,4.45e+02,7.00e+00,2.00e+00
3.30e+04,1.63e+02,1.95e+02,2.00e+02,4.45e+02,7.00e+00,2.00e+00
3.32e+04,1.64e+02,1.93e+02,2.00e+02,4.45e+02,7.00e+00,2.00e+00
3.34e+04,1.59e+02,1.98e+02,2.00e+02,4.45e+02,7.00e+00,2.00e+00
3.36e+04,1.60e+02,1.99e+02,2.00e+02,4.45e+02,7.00e+00,2.00e+00
3.38e+04,1.59e+02,1.97e+02,2.00e+02,4.45e+02,7.00e+00,2.00e+00
3.40e+04,1.61e+02,1.91e+02,2.00e+02,4.45e+02,7.00e+00,2.00e+00
3.42e+04,1.59e+02,1.99e+02,2.00e+02,4.45e+02,7.00e+00,2.00e+00
3.44e+04,1.58e+02,1.99e+02,2.00e+02,4.45e+02,7.00e+00,2.00e+00
3.46e+04,1.63e+02,1.98e+02,2.00e+02,4.45e+02,7.00e+00,2.00e+00
3.48e+04,1.63e+02,1.93e+02,2.00e+02,4.45e+02,7.00e+00,2.00e+00
3.49e+04,1.63e+02,1.93e+02,2.00e+02,4.45e+02,7.00e+00,2.00e+00
3.51e+04,1.59e+02,1.97e+02,2.00e+02,4.45e+02,7.00e+00,2.00e+00
3.53e+04,1.63e+02,1.92e+02,2.00e+02,4.45e+02,7.00e+00,2.00e+00
3.55e+04,1.59e+02,1.99e+02,2.00e+02,4.45e+02,7.00e+00,2.00e+00
3.57e+04,1.62e+02,1.99e+02,2.00e+02,4.45e+02,7.00e+00,2.00e+00
3.59e+04,1.62e+02,2.00e+02,2.00e+02,4.45e+02,7.00e+00,2.00e+00
3.61e+04,1.61e+02,2.00e+02,2.00e+02,4.45e+02,7.00e+00,2.00e+00
3.63e+04,1.58e+02,1.93e+02,2.00e+02,4.45e+02,7.00e+00,2.00e+00
3.65e+04,1.61e+02,1.97e+02,2.00e+02,4.45e+02,7.00e+00,2.00e+00
3.67e+04,1.60e+02,1.93e+02,2.00e+02,4.45e+02,7.00e+00,2.00e+00
3.69e+04,1.62e+02,1.99e+02,2.00e+02,4.45e+02,7.00e+00,2.00e+00
3.71e+04,1.60e+02,1.97e+02,2.00e+02,4.45e+02,7.00e+00,2.00e+00
3.72e+04,1.61e+02,2.00e+02,2.00e+02,4.45e+02,7.00e+00,2.00e+00
3.74e+04,1.61e+02,1.99e+02,2.00e+02,4.45e+02,7.00e+00,2.00e+00
3.76e+04,1.61e+02,2.00e+02,2.00e+02,4.45e+02,7.00e+00,2.00e+00
3.78e+04,1.61e+02,1.99e+02,2.00e+02,4.45e+02,7.00e+00,2.00e+00
3.80e+04,1.58e+02,1.92e+02,2.00e+02,4.45e+02,7.00e+00,2.00e+00
3.82e+04,1.61e+02,1.93e+02,2.00e+02,4.45e+02,7.00e+00,2.00e+00
3.84e+04,1.60e+02,1.99e+02,2.00e+02,4.45e+02,7.00e+00,2.00e+00
3.86e+04,1.59e+02,1.97e+02,2.00e+02,4.45e+02,7.00e+00,2.00e+00
3.88e+04,1.57e+02,1.99e+02,2.00e+02,4.45e+02,7.00e+00,2.00e+00
3.90e+04,1.62e+02,1.94e+02,2.00e+02,4.45e+02,7.00e+00,2.00e+00
3.92e+04,1.63e+02,1.95e+02,2.00e+02,4.45e+02,7.00e+00,2.00e+00
3.94e+04,1.62e+02,1.89e+02,2.00e+02,4.45e+02,7.00e+00,2.00e+00
3.96e+04,1.59e+02,1.97e+02,2.00e+02,4.45e+02,7.00e+00,2.00e+00
3.97e+04,1.61e+02,2.00e+02,2.00e+02,4.45e+02,7.00e+00,2.00e+00
3.99e+04,1.57e+02,1.99e+02,2.00e+02,4.45e+02,7.00e+00,2.00e+00
4.01e+04,1.60e+02,1.93e+02,2.00e+02,4.45e+02,7.00e+00,2.00e+00
4.03e+04,1.60e+02,2.00e+02,2.00e+02,4.45e+02,7.00e+00,2.00e+00
4.05e+04,1.59e+02,1.99e+02,2.00e+02,4.45e+02,7.00e+00,2.00e+00
4.07e+04,1.59e+02,1.94e+02,2.00e+02,4.45e+02,7.00e+00,2.00e+00
4.09e+04,1.61e+02,1.99e+02,2.00e+02,4.45e+02,7.00e+00,2.00e+00
4.11e+04,1.60e+02,1.93e+02,2.00e+02,4.45e+02,7.00e+00,2.00e+00
4.13e+04,1.60e+02,1.92e+02,2.00e+02,4.45e+02,7.00e+00,2.00e+00
4.15e+04,1.57e+02,1.90e+02,2.00e+02,4.45e+02,7.00e+00,2.00e+00
4.17e+04,1.61e+02,2.00e+02,2.00e+02,4.45e+02,7.00e+00,2.00e+00
4.19e+04,1.62e+02,1.93e+02,2.00e+02,4.45e+02,7.00e+00,2.00e+00
4.20e+04,1.61e+02,1.99e+02,2.00e+02,4.45e+02,7.00e+00,2.00e+00
4.22e+04,1.61e+02,2.00e+02,2.00e+02,4.45e+02,7.00e+00,2.00e+00
4.24e+04,1.61e+02,1.98e+02,2.00e+02,4.45e+02,7.00e+00,2.00e+00
4.26e+04,1.59e+02,1.97e+02,2.00e+02,4.45e+02,7.00e+00,2.00e+00
4.28e+04,1.61e+02,1.95e+02,2.00e+02,4.45e+02,7.00e+00,2.00e+00
4.30e+04,1.61e+02,1.86e+02,2.00e+02,4.45e+02,7.00e+00,2.00e+00
4.32e+04,1.58e+02,1.97e+02,2.00e+02,4.45e+02,7.00e+00,2.00e+00
4.34e+04,1.58e+02,1.95e+02,2.00e+02,4.45e+02,7.00e+00,2.00e+00
4.36e+04,1.62e+02,2.00e+02,2.00e+02,4.45e+02,7.00e+00,2.00e+00
4.38e+04,1.60e+02,1.99e+02,2.00e+02,4.45e+02,7.00e+00,2.00e+00
4.40e+04,1.59e+02,1.94e+02,2.00e+02,4.45e+02,7.00e+00,2.00e+00
4.42e+04,1.61e+02,1.93e+02,2.00e+02,4.45e+02,7.00e+00,2.00e+00
4.44e+04,1.57e+02,1.99e+02,2.00e+02,4.45e+02,7.00e+00,2.00e+00
4.45e+04,1.61e+02,1.93e+02,2.00e+02,4.45e+02,7.00e+00,2.00e+00
4.47e+04,1.55e+02,2.00e+02,2.00e+02,4.45e+02,7.00e+00,2.00e+00
4.49e+04,1.59e+02,1.97e+02,2.00e+02,4.45e+02,7.00e+00,2.00e+00
4.51e+04,1.60e+02,1.93e+02,2.00e+02,4.45e+02,7.00e+00,2.00e+00
4.53e+04,1.59e+02,1.99e+02,2.00e+02,4.45e+02,7.00e+00,2.00e+00
4.55e+04,1.58e+02,1.99e+02,2.00e+02,4.45e+02,7.00e+00,2.00e+00
4.57e+04,1.60e+02,1.93e+02,2.00e+02,4.45e+02,7.00e+00,2.00e+00
4.59e+04,1.62e+02,1.94e+02,2.00e+02,4.45e+02,7.00e+00,2.00e+00
4.61e+04,1.60e+02,1.95e+02,2.00e+02,4.45e+02,7.00e+00,2.00e+00
4.63e+04,1.58e+02,1.99e+02,2.00e+02,4.45e+02,7.00e+00,2.00e+00
4.65e+04,1.62e+02,1.93e+02,2.00e+02,4.45e+02,7.00e+00,2.00e+00
4.67e+04,1.60e+02,1.92e+02,2.00e+02,4.45e+02,7.00e+00,2.00e+00
4.68e+04,1.58e+02,1.95e+02,2.00e+02,4.45e+02,7.00e+00,2.00e+00
4.70e+04,1.57e+02,1.94e+02,2.00e+02,4.45e+02,7.00e+00,2.00e+00
4.72e+04,1.62e+02,1.91e+02,2.00e+02,4.45e+02,7.00e+00,2.00e+00
4.74e+04,1.61e+02,1.93e+02,2.00e+02,4.45e+02,7.00e+00,2.00e+00
4.76e+04,1.59e+02,1.89e+02,2.00e+02,4.45e+02,7.00e+00,2.00e+00
4.78e+04,1.61e+02,1.99e+02,2.00e+02,4.45e+02,7.00e+00,2.00e+00
4.80e+04,1.60e+02,1.99e+02,2.00e+02,4.45e+02,7.00e+00,2.00e+00
4.82e+04,1.62e+02,1.90e+02,2.00e+02,4.45e+02,7.00e+00,2.00e+00
4.84e+04,1.58e+02,1.88e+02,2.00e+02,4.45e+02,7.00e+00,2.00e+00
4.86e+04,1.59e+02,1.93e+02,2.00e+02,4.45e+02,7.00e+00,2.00e+00
4.88e+04,1.58e+02,1.91e+02,2.00e+02,4.45e+02,7.00e+00,2.00e+00
4.90e+04,1.63e+02,1.91e+02,2.00e+02,4.45e+02,7.00e+00,2.00e+00
4.92e+04,1.62e+02,1.97e+02,2.00e+02,4.45e+02,7.00e+00,2.00e+00
4.93e+04,1.59e+02,1.93e+02,2.00e+02,4.45e+02,7.00e+00,2.00e+00
4.95e+04,1.61e+02,1.99e+02,2.00e+02,4.45e+02,7.00e+00,2.00e+00
4.97e+04,1.60e+02,2.00e+02,2.00e+02,4.45e+02,7.00e+00,2.00e+00
4.99e+04,1.61e+02,1.93e+02,2.00e+02,4.45e+02,7.00e+00,2.00e+00
5.01e+04,1.59e+02,2.00e+02,2.00e+02,4.45e+02,7.00e+00,2.00e+00
5.03e+04,1.61e+02,2.00e+02,2.00e+02,4.45e+02,7.00e+00,2.00e+00
5.05e+04,1.61e+02,1.90e+02,2.00e+02,4.45e+02,7.00e+00,2.00e+00
5.07e+04,1.56e+02,2.00e+02,2.00e+02,4.45e+02,7.00e+00,2.00e+00
5.09e+04,1.58e+02,1.99e+02,2.00e+02,4.45e+02,7.00e+00,2.00e+00
5.11e+04,1.58e+02,2.00e+02,2.00e+02,4.45e+02,7.00e+00,2.00e+00
5.13e+04,1.60e+02,1.92e+02,2.00e+02,4.45e+02,7.00e+00,2.00e+00
5.15e+04,1.60e+02,1.98e+02,2.00e+02,4.45e+02,7.00e+00,2.00e+00
5.16e+04,1.60e+02,2.00e+02,2.00e+02,4.45e+02,7.00e+00,2.00e+00
5.18e+04,1.60e+02,1.93e+02,2.00e+02,4.45e+02,7.00e+00,2.00e+00
5.20e+04,1.57e+02,1.91e+02,2.00e+02,4.45e+02,7.00e+00,2.00e+00
5.22e+04,1.61e+02,1.93e+02,2.00e+02,4.45e+02,7.00e+00,2.00e+00
5.24e+04,1.61e+02,1.99e+02,2.00e+02,4.45e+02,7.00e+00,2.00e+00
5.26e+04,1.59e+02,1.97e+02,2.00e+02,4.45e+02,7.00e+00,2.00e+00
5.28e+04,1.59e+02,1.99e+02,2.00e+02,4.45e+02,7.00e+00,2.00e+00
5.30e+04,1.60e+02,2.00e+02,2.00e+02,4.45e+02,7.00e+00,2.00e+00
5.32e+04,1.63e+02,1.97e+02,2.00e+02,4.45e+02,7.00e+00,2.00e+00
5.34e+04,1.58e+02,1.91e+02,2.00e+02,4.45e+02,7.00e+00,2.00e+00
5.36e+04,1.60e+02,2.00e+02,2.00e+02,4.45e+02,7.00e+00,2.00e+00
5.38e+04,1.61e+02,1.95e+02,2.00e+02,4.45e+02,7.00e+00,2.00e+00
5.40e+04,1.58e+02,1.99e+02,2.00e+02,4.45e+02,7.00e+00,2.00e+00
5.41e+04,1.60e+02,1.99e+02,2.00e+02,4.45e+02,7.00e+00,2.00e+00
5.43e+04,1.63e+02,1.99e+02,2.00e+02,4.45e+02,7.00e+00,2.00e+00
5.45e+04,1.61e+02,1.99e+02,2.00e+02,4.45e+02,7.00e+00,2.00e+00
5.47e+04,1.61e+02,1.97e+02,2.00e+02,4.45e+02,7.00e+00,2.00e+00
5.49e+04,1.61e+02,1.92e+02,2.00e+02,4.45e+02,7.00e+00,2.00e+00
5.51e+04,1.60e+02,2.00e+02,2.00e+02,4.45e+02,7.00e+00,2.00e+00
5.53e+04,1.61e+02,2.00e+02,2.00e+02,4.45e+02,7.00e+00,2.00e+00
5.55e+04,1.59e+02,1.92e+02,2.00e+02,4.45e+02,7.00e+00,2.00e+00
5.57e+04,1.60e+02,2.00e+02,2.00e+02,4.45e+02,7.00e+00,2.00e+00
5.59e+04,1.62e+02,2.00e+02,2.00e+02,4.45e+02,7.00e+00,2.00e+00
5.61e+04,1.62e+02,1.94e+02,2.00e+02,4.45e+02,7.00e+00,2.00e+00
5.63e+04,1.58e+02,1.92e+02,2.00e+02,4.45e+02,7.00e+00,2.00e+00
5.64e+04,1.61e+02,1.99e+02,2.00e+02,4.45e+02,7.00e+00,2.00e+00
5.66e+04,1.60e+02,1.91e+02,2.00e+02,4.45e+02,7.00e+00,2.00e+00
5.68e+04,1.59e+02,1.99e+02,2.00e+02,4.45e+02,7.00e+00,2.00e+00
5.70e+04,1.60e+02,2.00e+02,2.00e+02,4.45e+02,7.00e+00,2.00e+00
5.72e+04,1.61e+02,2.00e+02,2.00e+02,4.45e+02,7.00e+00,2.00e+00
5.74e+04,1.63e+02,1.99e+02,2.00e+02,4.45e+02,7.00e+00,2.00e+00
5.76e+04,1.60e+02,1.98e+02,2.00e+02,4.45e+02,7.00e+00,2.00e+00
5.78e+04,1.59e+02,2.00e+02,2.00e+02,4.45e+02,7.00e+00,2.00e+00
5.80e+04,1.61e+02,1.99e+02,2.00e+02,4.45e+02,7.00e+00,2.00e+00
5.82e+04,1.60e+02,1.89e+02,2.00e+02,4.45e+02,7.00e+00,2.00e+00
5.84e+04,1.60e+02,1.93e+02,2.00e+02,4.45e+02,7.00e+00,2.00e+00
5.86e+04,1.59e+02,2.00e+02,2.00e+02,4.45e+02,7.00e+00,2.00e+00
5.88e+04,1.64e+02,2.00e+02,2.00e+02,4.45e+02,7.00e+00,2.00e+00
5.89e+04,1.62e+02,1.99e+02,2.00e+02,4.45e+02,7.00e+00,2.00e+00
5.91e+04,1.61e+02,1.93e+02,2.00e+02,4.45e+02,7.00e+00,2.00e+00
5.93e+04,1.60e+02,2.00e+02,2.00e+02,4.45e+02,7.00e+00,2.00e+00
5.95e+04,1.57e+02,1.93e+02,2.00e+02,4.45e+02,7.00e+00,2.00e+00
5.97e+04,1.59e+02,1.94e+02,2.00e+02,4.45e+02,7.00e+00,2.00e+00
5.99e+04,1.65e+02,1.99e+02,2.00e+02,4.45e+02,7.00e+00,2.00e+00
6.01e+04,1.59e+02,1.94e+02,2.00e+02,4.45e+02,7.00e+00,2.00e+00
6.03e+04,1.63e+02,2.00e+02,2.00e+02,4.45e+02,7.00e+00,2.00e+00
6.05e+04,1.62e+02,1.99e+02,2.00e+02,4.45e+02,7.00e+00,2.00e+00
6.07e+04,1.60e+02,2.00e+02,2.00e+02,4.45e+02,7.00e+00,2.00e+00
6.09e+04,1.61e+02,1.93e+02,2.00e+02,4.45e+02,7.00e+00,2.00e+00
6.11e+04,1.59e+02,1.99e+02,2.00e+02,4.45e+02,7.00e+00,2.00e+00
6.12e+04,1.59e+02,1.99e+02,2.00e+02,4.45e+02,7.00e+00,2.00e+00
6.14e+04,1.58e+02,1.98e+02,2.00e+02,4.45e+02,7.00e+00,2.00e+00
6.16e+04,1.60e+02,1.97e+02,2.00e+02,4.45e+02,7.00e+00,2.00e+00
6.18e+04,1.60e+02,1.99e+02,2.00e+02,4.45e+02,7.00e+00,2.00e+00
6.20e+04,1.62e+02,1.99e+02,2.00e+02,4.45e+02,7.00e+00,2.00e+00
6.22e+04,1.60e+02,1.94e+02,2.00e+02,4.45e+02,7.00e+00,2.00e+00
6.24e+04,1.60e+02,2.00e+02,2.00e+02,4.45e+02,7.00e+00,2.00e+00
6.26e+04,1.59e+02,1.94e+02,2.00e+02,4.45e+02,7.00e+00,2.00e+00
6.28e+04,1.60e+02,2.00e+02,2.00e+02,4.45e+02,7.00e+00,2.00e+00
6.30e+04,1.58e+02,1.98e+02,2.00e+02,4.45e+02,7.00e+00,2.00e+00
6.32e+04,1.61e+02,1.89e+02,2.00e+02,4.45e+02,7.00e+00,2.00e+00
6.34e+04,1.56e+02,1.91e+02,2.00e+02,4.45e+02,7.00e+00,2.00e+00
6.36e+04,1.60e+02,1.93e+02,2.00e+02,4.45e+02,7.00e+00,2.00e+00
6.37e+04,1.60e+02,2.00e+02,2.00e+02,4.45e+02,7.00e+00,2.00e+00
6.39e+04,1.63e+02,1.95e+02,2.00e+02,4.45e+02,7.00e+00,2.00e+00
6.41e+04,1.60e+02,2.00e+02,2.00e+02,4.45e+02,7.00e+00,2.00e+00
6.43e+04,1.57e+02,2.00e+02,2.00e+02,4.45e+02,7.00e+00,2.00e+00
6.45e+04,1.59e+02,1.99e+02,2.00e+02,4.45e+02,7.00e+00,2.00e+00
6.47e+04,1.60e+02,1.93e+02,2.00e+02,4.45e+02,7.00e+00,2.00e+00
6.49e+04,1.62e+02,2.00e+02,2.00e+02,4.45e+02,7.00e+00,2.00e+00
6.51e+04,1.60e+02,1.99e+02,2.00e+02,4.45e+02,7.00e+00,2.00e+00
6.53e+04,1.60e+02,1.97e+02,2.00e+02,4.45e+02,7.00e+00,2.00e+00
6.55e+04,1.60e+02,1.99e+02,2.00e+02,4.45e+02,7.00e+00,2.00e+00
6.57e+04,1.59e+02,1.94e+02,2.00e+02,4.45e+02,7.00e+00,2.00e+00
6.59e+04,1.59e+02,1.99e+02,2.00e+02,4.45e+02,7.00e+00,2.00e+00
6.60e+04,1.59e+02,1.99e+02,2.00e+02,4.45e+02,7.00e+00,2.00e+00
6.62e+04,1.57e+02,1.97e+02,2.00e+02,4.45e+02,7.00e+00,2.00e+00
6.64e+04,1.59e+02,1.99e+02,2.00e+02,4.45e+02,7.00e+00,2.00e+00
6.66e+04,1.59e+02,1.91e+02,2.00e+02,4.45e+02,7.00e+00,2.00e+00
6.68e+04,1.58e+02,1.94e+02,2.00e+02,4.45e+02,7.00e+00,2.00e+00
6.70e+04,1.58e+02,1.91e+02,2.00e+02,4.45e+02,7.00e+00,2.00e+00
6.72e+04,1.62e+02,1.93e+02,2.00e+02,4.45e+02,7.00e+00,2.00e+00
6.74e+04,1.60e+02,1.98e+02,2.00e+02,4.45e+02,7.00e+00,2.00e+00
6.76e+04,1.60e+02,1.92e+02,2.00e+02,4.45e+02,7.00e+00,2.00e+00
6.78e+04,1.58e+02,1.98e+02,2.00e+02,4.45e+02,7.00e+00,2.00e+00
6.80e+04,1.61e+02,2.00e+02,2.00e+02,4.45e+02,7.00e+00,2.00e+00
6.82e+04,1.58e+02,1.99e+02,2.00e+02,4.45e+02,7.00e+00,2.00e+00
6.84e+04,1.60e+02,1.95e+02,2.00e+02,4.45e+02,7.00e+00,2.00e+00
6.85e+04,1.60e+02,1.99e+02,2.00e+02,4.45e+02,7.00e+00,2.00e+00
6.87e+04,1.58e+02,2.00e+02,2.00e+02,4.45e+02,7.00e+00,2.00e+00
6.89e+04,1.61e+02,1.99e+02,2.00e+02,4.45e+02,7.00e+00,2.00e+00
6.91e+04,1.58e+02,1.94e+02,2.00e+02,4.45e+02,7.00e+00,2.00e+00
6.93e+04,1.57e+02,1.93e+02,2.00e+02,4.45e+02,7.00e+00,2.00e+00
6.95e+04,1.62e+02,1.99e+02,2.00e+02,4.45e+02,7.00e+00,2.00e+00
6.97e+04,1.60e+02,1.98e+02,2.00e+02,4.45e+02,7.00e+00,2.00e+00
6.99e+04,1.60e+02,1.99e+02,2.00e+02,4.45e+02,7.00e+00,2.00e+00
7.01e+04,1.61e+02,2.00e+02,2.00e+02,4.45e+02,7.00e+00,2.00e+00
7.03e+04,1.58e+02,2.00e+02,2.00e+02,4.45e+02,7.00e+00,2.00e+00
7.05e+04,1.57e+02,2.00e+02,2.00e+02,4.45e+02,7.00e+00,2.00e+00
7.07e+04,1.62e+02,1.99e+02,2.00e+02,4.45e+02,7.00e+00,2.00e+00
7.08e+04,1.58e+02,1.94e+02,2.00e+02,4.45e+02,7.00e+00,2.00e+00
7.10e+04,1.62e+02,1.95e+02,2.00e+02,4.45e+02,7.00e+00,2.00e+00
7.12e+04,1.62e+02,2.00e+02,2.00e+02,4.45e+02,7.00e+00,2.00e+00
7.14e+04,1.59e+02,1.93e+02,2.00e+02,4.45e+02,7.00e+00,2.00e+00
7.16e+04,1.59e+02,1.98e+02,2.00e+02,4.45e+02,7.00e+00,2.00e+00
7.18e+04,1.60e+02,1.98e+02,2.00e+02,4.45e+02,7.00e+00,2.00e+00
7.20e+04,1.59e+02,2.00e+02,2.00e+02,4.45e+02,7.00e+00,2.00e+00
7.22e+04,1.62e+02,1.99e+02,2.00e+02,4.45e+02,7.00e+00,2.00e+00
7.24e+04,1.62e+02,1.98e+02,2.00e+02,4.45e+02,7.00e+00,2.00e+00
7.26e+04,1.57e+02,2.00e+02,2.00e+02,4.45e+02,7.00e+00,2.00e+00
7.28e+04,1.56e+02,1.99e+02,2.00e+02,4.45e+02,7.00e+00,2.00e+00
7.30e+04,1.59e+02,2.00e+02,2.00e+02,4.45e+02,7.00e+00,2.00e+00
7.32e+04,1.59e+02,2.00e+02,2.00e+02,4.45e+02,7.00e+00,2.00e+00
7.33e+04,1.59e+02,1.99e+02,2.00e+02,4.45e+02,7.00e+00,2.00e+00
7.35e+04,1.59e+02,2.00e+02,2.00e+02,4.45e+02,7.00e+00,2.00e+00
7.37e+04,1.59e+02,1.87e+02,2.00e+02,4.45e+02,7.00e+00,2.00e+00
7.39e+04,1.62e+02,1.99e+02,2.00e+02,4.45e+02,7.00e+00,2.00e+00
7.41e+04,1.61e+02,1.99e+02,2.00e+02,4.45e+02,7.00e+00,2.00e+00
7.43e+04,1.60e+02,1.93e+02,2.00e+02,4.45e+02,7.00e+00,2.00e+00
7.45e+04,1.60e+02,2.00e+02,2.00e+02,4.45e+02,7.00e+00,2.00e+00
7.47e+04,1.59e+02,1.99e+02,2.00e+02,4.45e+02,7.00e+00,2.00e+00
7.49e+04,1.61e+02,1.91e+02,2.00e+02,4.45e+02,7.00e+00,2.00e+00
7.51e+04,1.64e+02,1.94e+02,2.00e+02,4.45e+02,7.00e+00,2.00e+00
7.53e+04,1.60e+02,1.92e+02,2.00e+02,4.45e+02,7.00e+00,2.00e+00
7.55e+04,1.61e+02,1.92e+02,2.00e+02,4.45e+02,7.00e+00,2.00e+00
7.56e+04,1.59e+02,1.99e+02,2.00e+02,4.45e+02,7.00e+00,2.00e+00
7.58e+04,1.60e+02,2.00e+02,2.00e+02,4.45e+02,7.00e+00,2.00e+00
7.60e+04,1.58e+02,1.92e+02,2.00e+02,4.45e+02,7.00e+00,2.00e+00
7.62e+04,1.58e+02,1.94e+02,2.00e+02,4.45e+02,7.00e+00,2.00e+00
7.64e+04,1.61e+02,2.00e+02,2.00e+02,4.45e+02,7.00e+00,2.00e+00
7.66e+04,1.61e+02,2.00e+02,2.00e+02,4.45e+02,7.00e+00,2.00e+00
7.68e+04,1.60e+02,1.98e+02,2.00e+02,4.45e+02,7.00e+00,2.00e+00
7.70e+04,1.61e+02,1.93e+02,2.00e+02,4.45e+02,7.00e+00,2.00e+00
7.72e+04,1.60e+02,1.93e+02,2.00e+02,4.45e+02,7.00e+00,2.00e+00
7.74e+04,1.59e+02,1.93e+02,2.00e+02,4.45e+02,7.00e+00,2.00e+00
7.76e+04,1.59e+02,1.98e+02,2.00e+02,4.45e+02,7.00e+00,2.00e+00
7.78e+04,1.59e+02,1.99e+02,2.00e+02,4.45e+02,7.00e+00,2.00e+00
7.80e+04,1.64e+02,1.95e+02,2.00e+02,4.45e+02,7.00e+00,2.00e+00
7.81e+04,1.62e+02,1.93e+02,2.00e+02,4.45e+02,7.00e+00,2.00e+00
7.83e+04,1.62e+02,2.00e+02,2.00e+02,4.45e+02,7.00e+00,2.00e+00
7.85e+04,1.63e+02,1.99e+02,2.00e+02,4.45e+02,7.00e+00,2.00e+00
7.87e+04,1.62e+02,1.99e+02,2.00e+02,4.45e+02,7.00e+00,2.00e+00
7.89e+04,1.60e+02,2.00e+02,2.00e+02,4.45e+02,7.00e+00,2.00e+00
7.91e+04,1.61e+02,1.89e+02,2.00e+02,4.45e+02,7.00e+00,2.00e+00
7.93e+04,1.61e+02,1.95e+02,2.00e+02,4.45e+02,7.00e+00,2.00e+00
7.95e+04,1.59e+02,1.95e+02,2.00e+02,4.45e+02,7.00e+00,2.00e+00
7.97e+04,1.60e+02,1.99e+02,2.00e+02,4.45e+02,7.00e+00,2.00e+00
7.99e+04,1.59e+02,2.00e+02,2.00e+02,4.45e+02,7.00e+00,2.00e+00
8.01e+04,1.61e+02,1.99e+02,2.00e+02,4.45e+02,7.00e+00,2.00e+00
8.03e+04,1.59e+02,1.99e+02,2.00e+02,4.45e+02,7.00e+00,2.00e+00
8.04e+04,1.60e+02,1.95e+02,2.00e+02,4.45e+02,7.00e+00,2.00e+00
8.06e+04,1.62e+02,1.99e+02,2.00e+02,4.45e+02,7.00e+00,2.00e+00
8.08e+04,1.61e+02,1.94e+02,2.00e+02,4.45e+02,7.00e+00,2.00e+00
8.10e+04,1.61e+02,1.98e+02,2.00e+02,4.45e+02,7.00e+00,2.00e+00
8.12e+04,1.58e+02,2.00e+02,2.00e+02,4.45e+02,7.00e+00,2.00e+00
8.14e+04,1.58e+02,1.92e+02,2.00e+02,4.45e+02,7.00e+00,2.00e+00
8.16e+04,1.64e+02,2.00e+02,2.00e+02,4.45e+02,7.00e+00,2.00e+00
8.18e+04,1.59e+02,1.93e+02,2.00e+02,4.45e+02,7.00e+00,2.00e+00
8.20e+04,1.58e+02,1.93e+02,2.00e+02,4.45e+02,7.00e+00,2.00e+00
8.22e+04,1.61e+02,1.99e+02,2.00e+02,4.45e+02,7.00e+00,2.00e+00
8.24e+04,1.62e+02,1.92e+02,2.00e+02,4.45e+02,7.00e+00,2.00e+00
8.26e+04,1.61e+02,1.98e+02,2.00e+02,4.45e+02,7.00e+00,2.00e+00
8.28e+04,1.63e+02,2.00e+02,2.00e+02,4.45e+02,7.00e+00,2.00e+00
8.29e+04,1.62e+02,1.97e+02,2.00e+02,4.45e+02,7.00e+00,2.00e+00
8.31e+04,1.60e+02,2.00e+02,2.00e+02,4.45e+02,7.00e+00,2.00e+00
8.33e+04,1.61e+02,1.93e+02,2.00e+02,4.45e+02,7.00e+00,2.00e+00
8.35e+04,1.62e+02,1.94e+02,2.00e+02,4.45e+02,7.00e+00,2.00e+00
8.37e+04,1.59e+02,1.99e+02,2.00e+02,4.45e+02,7.00e+00,2.00e+00
8.39e+04,1.61e+02,1.91e+02,2.00e+02,4.45e+02,7.00e+00,2.00e+00
8.41e+04,1.62e+02,1.92e+02,2.00e+02,4.45e+02,7.00e+00,2.00e+00
8.43e+04,1.59e+02,1.87e+02,2.00e+02,4.45e+02,7.00e+00,2.00e+00
8.45e+04,1.58e+02,1.89e+02,2.00e+02,4.45e+02,7.00e+00,2.00e+00
8.47e+04,1.62e+02,1.99e+02,2.00e+02,4.45e+02,7.00e+00,2.00e+00
8.49e+04,1.60e+02,1.98e+02,2.00e+02,4.45e+02,7.00e+00,2.00e+00
8.51e+04,1.60e+02,2.00e+02,2.00e+02,4.45e+02,7.00e+00,2.00e+00
8.52e+04,1.62e+02,1.92e+02,2.00e+02,4.45e+02,7.00e+00,2.00e+00
8.54e+04,1.59e+02,2.00e+02,2.00e+02,4.45e+02,7.00e+00,2.00e+00
8.56e+04,1.58e+02,2.00e+02,2.00e+02,4.45e+02,7.00e+00,2.00e+00
8.58e+04,1.61e+02,1.99e+02,2.00e+02,4.45e+02,7.00e+00,2.00e+00
8.60e+04,1.58e+02,1.93e+02,2.00e+02,4.45e+02,7.00e+00,2.00e+00
8.62e+04,1.61e+02,1.98e+02,2.00e+02,4.45e+02,7.00e+00,2.00e+00
8.64e+04,1.60e+02,1.91e+02,2.00e+02,4.45e+02,7.00e+00,2.00e+00
8.66e+04,1.61e+02,1.91e+02,2.00e+02,4.45e+02,7.00e+00,2.00e+00
8.68e+04,1.61e+02,1.99e+02,2.00e+02,4.45e+02,7.00e+00,2.00e+00
8.70e+04,1.61e+02,2.00e+02,2.00e+02,4.45e+02,7.00e+00,2.00e+00
8.72e+04,1.61e+02,2.00e+02,2.00e+02,4.45e+02,7.00e+00,2.00e+00
8.74e+04,1.61e+02,1.99e+02,2.00e+02,4.45e+02,7.00e+00,2.00e+00
8.76e+04,1.57e+02,1.99e+02,2.00e+02,4.45e+02,7.00e+00,2.00e+00
8.77e+04,1.61e+02,1.97e+02,2.00e+02,4.45e+02,7.00e+00,2.00e+00
8.79e+04,1.62e+02,2.00e+02,2.00e+02,4.45e+02,7.00e+00,2.00e+00
8.81e+04,1.64e+02,1.89e+02,2.00e+02,4.45e+02,7.00e+00,2.00e+00
8.83e+04,1.61e+02,1.93e+02,2.00e+02,4.45e+02,7.00e+00,2.00e+00
8.85e+04,1.60e+02,2.00e+02,2.00e+02,4.45e+02,7.00e+00,2.00e+00
8.87e+04,1.61e+02,1.99e+02,2.00e+02,4.45e+02,7.00e+00,2.00e+00
8.89e+04,1.60e+02,1.99e+02,2.00e+02,4.45e+02,7.00e+00,2.00e+00
8.91e+04,1.61e+02,1.95e+02,2.00e+02,4.45e+02,7.00e+00,2.00e+00
8.93e+04,1.61e+02,1.98e+02,2.00e+02,4.45e+02,7.00e+00,2.00e+00
8.95e+04,1.61e+02,1.97e+02,2.00e+02,4.45e+02,7.00e+00,2.00e+00
8.97e+04,1.59e+02,2.00e+02,2.00e+02,4.45e+02,7.00e+00,2.00e+00
8.99e+04,1.61e+02,1.99e+02,2.00e+02,4.45e+02,7.00e+00,2.00e+00
9.00e+04,1.62e+02,1.97e+02,2.00e+02,4.45e+02,7.00e+00,2.00e+00
9.02e+04,1.61e+02,1.93e+02,2.00e+02,4.45e+02,7.00e+00,2.00e+00
9.04e+04,1.62e+02,1.91e+02,2.00e+02,4.45e+02,7.00e+00,2.00e+00
9.06e+04,1.59e+02,1.97e+02,2.00e+02,4.45e+02,7.00e+00,2.00e+00
9.08e+04,1.60e+02,2.00e+02,2.00e+02,4.45e+02,7.00e+00,2.00e+00
9.10e+04,1.63e+02,1.99e+02,2.00e+02,4.45e+02,7.00e+00,2.00e+00
9.12e+04,1.62e+02,2.00e+02,2.00e+02,4.45e+02,7.00e+00,2.00e+00
9.14e+04,1.60e+02,1.94e+02,2.00e+02,4.45e+02,7.00e+00,2.00e+00
9.16e+04,1.59e+02,1.99e+02,2.00e+02,4.45e+02,7.00e+00,2.00e+00
9.18e+04,1.59e+02,2.00e+02,2.00e+02,4.45e+02,7.00e+00,2.00e+00
9.20e+04,1.59e+02,2.00e+02,2.00e+02,4.45e+02,7.00e+00,2.00e+00
9.22e+04,1.58e+02,1.99e+02,2.00e+02,4.45e+02,7.00e+00,2.00e+00
9.24e+04,1.57e+02,1.98e+02,2.00e+02,4.45e+02,7.00e+00,2.00e+00
9.25e+04,1.60e+02,2.00e+02,2.00e+02,4.45e+02,7.00e+00,2.00e+00
9.27e+04,1.62e+02,1.93e+02,2.00e+02,4.45e+02,7.00e+00,2.00e+00
9.29e+04,1.57e+02,1.99e+02,2.00e+02,4.45e+02,7.00e+00,2.00e+00
9.31e+04,1.58e+02,1.98e+02,2.00e+02,4.45e+02,7.00e+00,2.00e+00
9.33e+04,1.62e+02,1.92e+02,2.00e+02,4.45e+02,7.00e+00,2.00e+00
9.35e+04,1.61e+02,1.98e+02,2.00e+02,4.45e+02,7.00e+00,2.00e+00
9.37e+04,1.59e+02,1.99e+02,2.00e+02,4.45e+02,7.00e+00,2.00e+00
9.39e+04,1.61e+02,1.95e+02,2.00e+02,4.45e+02,7.00e+00,2.00e+00
9.41e+04,1.59e+02,1.99e+02,2.00e+02,4.45e+02,7.00e+00,2.00e+00
9.43e+04,1.60e+02,2.00e+02,2.00e+02,4.45e+02,7.00e+00,2.00e+00
9.45e+04,1.59e+02,2.00e+02,2.00e+02,4.45e+02,7.00e+00,2.00e+00
9.47e+04,1.57e+02,1.95e+02,2.00e+02,4.45e+02,7.00e+00,2.00e+00
9.48e+04,1.57e+02,1.98e+02,2.00e+02,4.45e+02,7.00e+00,2.00e+00
9.50e+04,1.58e+02,1.99e+02,2.00e+02,4.45e+02,7.00e+00,2.00e+00
9.52e+04,1.59e+02,1.91e+02,2.00e+02,4.45e+02,7.00e+00,2.00e+00
9.54e+04,1.58e+02,1.98e+02,2.00e+02,4.45e+02,7.00e+00,2.00e+00
9.56e+04,1.60e+02,1.95e+02,2.00e+02,4.45e+02,7.00e+00,2.00e+00
9.58e+04,1.57e+02,1.99e+02,2.00e+02,4.45e+02,7.00e+00,2.00e+00
9.60e+04,1.60e+02,2.00e+02,2.00e+02,4.45e+02,7.00e+00,2.00e+00
9.62e+04,1.61e+02,1.93e+02,2.00e+02,4.45e+02,7.00e+00,2.00e+00
9.64e+04,1.59e+02,2.00e+02,2.00e+02,4.45e+02,7.00e+00,2.00e+00
9.66e+04,1.60e+02,1.99e+02,2.00e+02,4.45e+02,7.00e+00,2.00e+00
9.68e+04,1.61e+02,1.99e+02,2.00e+02,4.45e+02,7.00e+00,2.00e+00
9.70e+04,1.59e+02,2.00e+02,2.00e+02,4.45e+02,7.00e+00,2.00e+00
9.72e+04,1.59e+02,1.93e+02,2.00e+02,4.45e+02,7.00e+00,2.00e+00
9.73e+04,1.60e+02,1.99e+02,2.00e+02,4.45e+02,7.00e+00,2.00e+00
9.75e+04,1.61e+02,1.92e+02,2.00e+02,4.45e+02,7.00e+00,2.00e+00
9.77e+04,1.56e+02,1.99e+02,2.00e+02,4.45e+02,7.00e+00,2.00e+00
9.79e+04,1.65e+02,1.93e+02,2.00e+02,4.45e+02,7.00e+00,2.00e+00
9.81e+04,1.59e+02,1.99e+02,2.00e+02,4.45e+02,7.00e+00,2.00e+00
9.83e+04,1.64e+02,1.95e+02,2.00e+02,4.45e+02,7.00e+00,2.00e+00
9.85e+04,1.63e+02,2.00e+02,2.00e+02,4.45e+02,7.00e+00,2.00e+00
9.87e+04,1.58e+02,2.00e+02,2.00e+02,4.45e+02,7.00e+00,2.00e+00
9.89e+04,1.58e+02,2.00e+02,2.00e+02,4.45e+02,7.00e+00,2.00e+00
9.91e+04,1.58e+02,1.99e+02,2.00e+02,4.45e+02,7.00e+00,2.00e+00
9.93e+04,1.60e+02,1.99e+02,2.00e+02,4.45e+02,7.00e+00,2.00e+00
9.95e+04,1.58e+02,1.97e+02,2.00e+02,4.45e+02,7.00e+00,2.00e+00
9.96e+04,1.63e+02,1.99e+02,2.00e+02,4.45e+02,7.00e+00,2.00e+00
9.98e+04,1.60e+02,1.98e+02,2.00e+02,4.45e+02,7.00e+00,2.00e+00
1.00e+05,1.61e+02,1.99e+02,2.00e+02,4.45e+02,7.00e+00,2.00e+00
1.00e+05,1.59e+02,1.99e+02,2.00e+02,4.45e+02,7.00e+00,2.00e+00
1.00e+05,1.63e+02,1.91e+02,2.00e+02,4.45e+02,7.00e+00,2.00e+00
1.01e+05,1.61e+02,2.00e+02,2.00e+02,4.45e+02,7.00e+00,2.00e+00
1.01e+05,1.58e+02,1.92e+02,2.00e+02,4.45e+02,7.00e+00,2.00e+00
1.01e+05,1.58e+02,1.99e+02,2.00e+02,4.45e+02,7.00e+00,2.00e+00
1.01e+05,1.59e+02,2.00e+02,2.00e+02,4.45e+02,7.00e+00,2.00e+00
1.01e+05,1.61e+02,1.95e+02,2.00e+02,4.45e+02,7.00e+00,2.00e+00
1.02e+05,1.62e+02,2.00e+02,2.00e+02,4.45e+02,7.00e+00,2.00e+00
1.02e+05,1.61e+02,1.93e+02,2.00e+02,4.45e+02,7.00e+00,2.00e+00
1.02e+05,1.60e+02,1.98e+02,2.00e+02,4.45e+02,7.00e+00,2.00e+00
1.02e+05,1.60e+02,2.00e+02,2.00e+02,4.45e+02,7.00e+00,2.00e+00
1.02e+05,1.59e+02,1.97e+02,2.00e+02,4.45e+02,7.00e+00,2.00e+00
1.03e+05,1.59e+02,1.87e+02,2.00e+02,4.45e+02,7.00e+00,2.00e+00
1.03e+05,1.60e+02,2.00e+02,2.00e+02,4.45e+02,7.00e+00,2.00e+00
1.03e+05,1.60e+02,1.97e+02,2.00e+02,4.45e+02,7.00e+00,2.00e+00
1.03e+05,1.59e+02,1.99e+02,2.00e+02,4.45e+02,7.00e+00,2.00e+00
1.03e+05,1.57e+02,2.00e+02,2.00e+02,4.45e+02,7.00e+00,2.00e+00
1.03e+05,1.61e+02,2.00e+02,2.00e+02,4.45e+02,7.00e+00,2.00e+00
1.04e+05,1.62e+02,1.99e+02,2.00e+02,4.45e+02,7.00e+00,2.00e+00
1.04e+05,1.56e+02,1.93e+02,2.00e+02,4.45e+02,7.00e+00,2.00e+00
1.04e+05,1.59e+02,2.00e+02,2.00e+02,4.45e+02,7.00e+00,2.00e+00
1.04e+05,1.61e+02,1.97e+02,2.00e+02,4.45e+02,7.00e+00,2.00e+00
1.04e+05,1.57e+02,1.99e+02,2.00e+02,4.45e+02,7.00e+00,2.00e+00
1.05e+05,1.60e+02,2.00e+02,2.00e+02,4.45e+02,7.00e+00,2.00e+00
1.05e+05,1.60e+02,1.98e+02,2.00e+02,4.45e+02,7.00e+00,2.00e+00
1.05e+05,1.57e+02,1.99e+02,2.00e+02,4.45e+02,7.00e+00,2.00e+00
1.05e+05,1.61e+02,1.97e+02,2.00e+02,4.45e+02,7.00e+00,2.00e+00
1.05e+05,1.61e+02,1.98e+02,2.00e+02,4.45e+02,7.00e+00,2.00e+00
1.06e+05,1.62e+02,1.93e+02,2.00e+02,4.45e+02,7.00e+00,2.00e+00
1.06e+05,1.62e+02,1.94e+02,2.00e+02,4.45e+02,7.00e+00,2.00e+00
1.06e+05,1.60e+02,1.97e+02,2.00e+02,4.45e+02,7.00e+00,2.00e+00
1.06e+05,1.62e+02,2.00e+02,2.00e+02,4.45e+02,7.00e+00,2.00e+00
1.06e+05,1.58e+02,1.99e+02,2.00e+02,4.45e+02,7.00e+00,2.00e+00
1.07e+05,1.58e+02,1.91e+02,2.00e+02,4.45e+02,7.00e+00,2.00e+00
1.07e+05,1.63e+02,1.88e+02,2.00e+02,4.45e+02,7.00e+00,2.00e+00
1.07e+05,1.59e+02,2.00e+02,2.00e+02,4.45e+02,7.00e+00,2.00e+00
1.07e+05,1.61e+02,2.00e+02,2.00e+02,4.45e+02,7.00e+00,2.00e+00
1.07e+05,1.61e+02,1.94e+02,2.00e+02,4.45e+02,7.00e+00,2.00e+00
1.08e+05,1.61e+02,1.98e+02,2.00e+02,4.45e+02,7.00e+00,2.00e+00
1.08e+05,1.63e+02,2.00e+02,2.00e+02,4.45e+02,7.00e+00,2.00e+00
1.08e+05,1.62e+02,2.00e+02,2.00e+02,4.45e+02,7.00e+00,2.00e+00
1.08e+05,1.60e+02,1.98e+02,2.00e+02,4.45e+02,7.00e+00,2.00e+00
1.08e+05,1.62e+02,1.99e+02,2.00e+02,4.45e+02,7.00e+00,2.00e+00
1.08e+05,1.62e+02,1.93e+02,2.00e+02,4.45e+02,7.00e+00,2.00e+00
1.09e+05,1.65e+02,1.99e+02,2.00e+02,4.45e+02,7.00e+00,2.00e+00
1.09e+05,1.63e+02,1.99e+02,2.00e+02,4.45e+02,7.00e+00,2.00e+00
1.09e+05,1.60e+02,1.91e+02,2.00e+02,4.45e+02,7.00e+00,2.00e+00
1.09e+05,1.61e+02,2.00e+02,2.00e+02,4.45e+02,7.00e+00,2.00e+00
1.09e+05,1.61e+02,2.00e+02,2.00e+02,4.45e+02,7.00e+00,2.00e+00
1.10e+05,1.61e+02,1.95e+02,2.00e+02,4.45e+02,7.00e+00,2.00e+00
1.10e+05,1.58e+02,1.99e+02,2.00e+02,4.45e+02,7.00e+00,2.00e+00
1.10e+05,1.56e+02,1.93e+02,2.00e+02,4.45e+02,7.00e+00,2.00e+00
1.10e+05,1.61e+02,1.94e+02,2.00e+02,4.45e+02,7.00e+00,2.00e+00
1.10e+05,1.61e+02,1.94e+02,2.00e+02,4.45e+02,7.00e+00,2.00e+00
1.11e+05,1.59e+02,1.99e+02,2.00e+02,4.45e+02,7.00e+00,2.00e+00
1.11e+05,1.61e+02,1.95e+02,2.00e+02,4.45e+02,7.00e+00,2.00e+00
1.11e+05,1.60e+02,2.00e+02,2.00e+02,4.45e+02,7.00e+00,2.00e+00
1.11e+05,1.58e+02,1.93e+02,2.00e+02,4.45e+02,7.00e+00,2.00e+00
1.11e+05,1.61e+02,1.99e+02,2.00e+02,4.45e+02,7.00e+00,2.00e+00
1.12e+05,1.58e+02,1.99e+02,2.00e+02,4.45e+02,7.00e+00,2.00e+00
1.12e+05,1.59e+02,2.00e+02,2.00e+02,4.45e+02,7.00e+00,2.00e+00
1.12e+05,1.61e+02,2.00e+02,2.00e+02,4.45e+02,7.00e+00,2.00e+00
1.12e+05,1.63e+02,1.99e+02,2.00e+02,4.45e+02,7.00e+00,2.00e+00
1.12e+05,1.63e+02,1.99e+02,2.00e+02,4.45e+02,7.00e+00,2.00e+00
1.13e+05,1.60e+02,2.00e+02,2.00e+02,4.45e+02,7.00e+00,2.00e+00
1.13e+05,1.62e+02,1.92e+02,2.00e+02,4.45e+02,7.00e+00,2.00e+00
1.13e+05,1.58e+02,1.99e+02,2.00e+02,4.45e+02,7.00e+00,2.00e+00
1.13e+05,1.62e+02,1.98e+02,2.00e+02,4.45e+02,7.00e+00,2.00e+00
1.13e+05,1.61e+02,1.93e+02,2.00e+02,4.45e+02,7.00e+00,2.00e+00
1.13e+05,1.61e+02,1.93e+02,2.00e+02,4.45e+02,7.00e+00,2.00e+00
1.14e+05,1.58e+02,2.00e+02,2.00e+02,4.45e+02,7.00e+00,2.00e+00
1.14e+05,1.61e+02,1.92e+02,2.00e+02,4.45e+02,7.00e+00,2.00e+00
1.14e+05,1.59e+02,1.99e+02,2.00e+02,4.45e+02,7.00e+00,2.00e+00
1.14e+05,1.57e+02,2.00e+02,2.00e+02,4.45e+02,7.00e+00,2.00e+00
1.14e+05,1.61e+02,2.00e+02,2.00e+02,4.45e+02,7.00e+00,2.00e+00
1.15e+05,1.61e+02,1.87e+02,2.00e+02,4.45e+02,7.00e+00,2.00e+00
1.15e+05,1.61e+02,1.99e+02,2.00e+02,4.45e+02,7.00e+00,2.00e+00
1.15e+05,1.60e+02,1.99e+02,2.00e+02,4.45e+02,7.00e+00,2.00e+00
1.15e+05,1.59e+02,1.95e+02,2.00e+02,4.45e+02,7.00e+00,2.00e+00
1.15e+05,1.59e+02,1.92e+02,2.00e+02,4.45e+02,7.00e+00,2.00e+00
1.16e+05,1.63e+02,1.97e+02,2.00e+02,4.45e+02,7.00e+00,2.00e+00
1.16e+05,1.60e+02,1.99e+02,2.00e+02,4.45e+02,7.00e+00,2.00e+00
1.16e+05,1.61e+02,1.99e+02,2.00e+02,4.45e+02,7.00e+00,2.00e+00
1.16e+05,1.59e+02,2.00e+02,2.00e+02,4.45e+02,7.00e+00,2.00e+00
1.16e+05,1.63e+02,2.00e+02,2.00e+02,4.45e+02,7.00e+00,2.00e+00
1.17e+05,1.58e+02,1.91e+02,2.00e+02,4.45e+02,7.00e+00,2.00e+00
1.17e+05,1.61e+02,1.99e+02,2.00e+02,4.45e+02,7.00e+00,2.00e+00
1.17e+05,1.61e+02,2.00e+02,2.00e+02,4.45e+02,7.00e+00,2.00e+00
1.17e+05,1.59e+02,1.92e+02,2.00e+02,4.45e+02,7.00e+00,2.00e+00
1.17e+05,1.59e+02,1.99e+02,2.00e+02,4.45e+02,7.00e+00,2.00e+00
1.18e+05,1.60e+02,1.93e+02,2.00e+02,4.45e+02,7.00e+00,2.00e+00
1.18e+05,1.59e+02,1.99e+02,2.00e+02,4.45e+02,7.00e+00,2.00e+00
1.18e+05,1.62e+02,2.00e+02,2.00e+02,4.45e+02,7.00e+00,2.00e+00
1.18e+05,1.54e+02,1.94e+02,2.00e+02,4.45e+02,7.00e+00,2.00e+00
1.18e+05,1.59e+02,1.89e+02,2.00e+02,4.45e+02,7.00e+00,2.00e+00
1.18e+05,1.60e+02,1.99e+02,2.00e+02,4.45e+02,7.00e+00,2.00e+00
1.19e+05,1.63e+02,1.93e+02,2.00e+02,4.45e+02,7.00e+00,2.00e+00
1.19e+05,1.58e+02,1.98e+02,2.00e+02,4.45e+02,7.00e+00,2.00e+00
1.19e+05,1.59e+02,1.99e+02,2.00e+02,4.45e+02,7.00e+00,2.00e+00
1.19e+05,1.61e+02,2.00e+02,2.00e+02,4.45e+02,7.00e+00,2.00e+00
1.19e+05,1.61e+02,1.99e+02,2.00e+02,4.45e+02,7.00e+00,2.00e+00
1.20e+05,1.59e+02,1.97e+02,2.00e+02,4.45e+02,7.00e+00,2.00e+00
1.20e+05,1.60e+02,1.92e+02,2.00e+02,4.45e+02,7.00e+00,2.00e+00
1.20e+05,1.59e+02,2.00e+02,2.00e+02,4.45e+02,7.00e+00,2.00e+00
1.20e+05,1.61e+02,1.91e+02,2.00e+02,4.45e+02,7.00e+00,2.00e+00
1.20e+05,1.59e+02,1.95e+02,2.00e+02,4.45e+02,7.00e+00,2.00e+00
1.21e+05,1.61e+02,1.91e+02,2.00e+02,4.45e+02,7.00e+00,2.00e+00
1.21e+05,1.59e+02,1.93e+02,2.00e+02,4.45e+02,7.00e+00,2.00e+00
1.21e+05,1.57e+02,1.94e+02,2.00e+02,4.45e+02,7.00e+00,2.00e+00
1.21e+05,1.59e+02,1.99e+02,2.00e+02,4.45e+02,7.00e+00,2.00e+00
1.21e+05,1.59e+02,1.92e+02,2.00e+02,4.45e+02,7.00e+00,2.00e+00
1.22e+05,1.58e+02,1.99e+02,2.00e+02,4.45e+02,7.00e+00,2.00e+00
1.22e+05,1.61e+02,1.97e+02,2.00e+02,4.45e+02,7.00e+00,2.00e+00
1.22e+05,1.59e+02,2.00e+02,2.00e+02,4.45e+02,7.00e+00,2.00e+00
1.22e+05,1.60e+02,2.00e+02,2.00e+02,4.45e+02,7.00e+00,2.00e+00
1.22e+05,1.61e+02,1.98e+02,2.00e+02,4.45e+02,7.00e+00,2.00e+00
1.22e+05,1.61e+02,1.99e+02,2.00e+02,4.45e+02,7.00e+00,2.00e+00
1.23e+05,1.62e+02,1.98e+02,2.00e+02,4.45e+02,7.00e+00,2.00e+00
1.23e+05,1.61e+02,1.99e+02,2.00e+02,4.45e+02,7.00e+00,2.00e+00
1.23e+05,1.62e+02,2.00e+02,2.00e+02,4.45e+02,7.00e+00,2.00e+00
1.23e+05,1.60e+02,2.00e+02,2.00e+02,4.45e+02,7.00e+00,2.00e+00
1.23e+05,1.59e+02,2.00e+02,2.00e+02,4.45e+02,7.00e+00,2.00e+00
1.24e+05,1.57e+02,1.99e+02,2.00e+02,4.45e+02,7.00e+00,2.00e+00
1.24e+05,1.62e+02,2.00e+02,2.00e+02,4.45e+02,7.00e+00,2.00e+00
1.24e+05,1.61e+02,1.87e+02,2.00e+02,4.45e+02,7.00e+00,2.00e+00
1.24e+05,1.61e+02,1.98e+02,2.00e+02,4.45e+02,7.00e+00,2.00e+00
1.24e+05,1.60e+02,1.95e+02,2.00e+02,4.45e+02,7.00e+00,2.00e+00
1.25e+05,1.62e+02,1.94e+02,2.00e+02,4.45e+02,7.00e+00,2.00e+00
1.25e+05,1.62e+02,1.94e+02,2.00e+02,4.45e+02,7.00e+00,2.00e+00
1.25e+05,1.61e+02,1.95e+02,2.00e+02,4.45e+02,7.00e+00,2.00e+00
1.25e+05,1.56e+02,1.97e+02,2.00e+02,4.45e+02,7.00e+00,2.00e+00
1.25e+05,1.61e+02,1.94e+02,2.00e+02,4.45e+02,7.00e+00,2.00e+00
1.26e+05,1.59e+02,1.99e+02,2.00e+02,4.45e+02,7.00e+00,2.00e+00
1.26e+05,1.59e+02,1.99e+02,2.00e+02,4.45e+02,7.00e+00,2.00e+00
1.26e+05,1.61e+02,1.93e+02,2.00e+02,4.45e+02,7.00e+00,2.00e+00
1.26e+05,1.60e+02,1.98e+02,2.00e+02,4.45e+02,7.00e+00,2.00e+00
1.26e+05,1.60e+02,1.98e+02,2.00e+02,4.45e+02,7.00e+00,2.00e+00
1.27e+05,1.61e+02,1.94e+02,2.00e+02,4.45e+02,7.00e+00,2.00e+00
1.27e+05,1.58e+02,1.92e+02,2.00e+02,4.45e+02,7.00e+00,2.00e+00
1.27e+05,1.58e+02,2.00e+02,2.00e+02,4.45e+02,7.00e+00,2.00e+00
1.27e+05,1.60e+02,1.95e+02,2.00e+02,4.45e+02,7.00e+00,2.00e+00
1.27e+05,1.63e+02,1.94e+02,2.00e+02,4.45e+02,7.00e+00,2.00e+00
1.27e+05,1.61e+02,1.99e+02,2.00e+02,4.45e+02,7.00e+00,2.00e+00
1.28e+05,1.65e+02,1.98e+02,2.00e+02,4.45e+02,7.00e+00,2.00e+00
1.28e+05,1.62e+02,1.99e+02,2.00e+02,4.45e+02,7.00e+00,2.00e+00
1.28e+05,1.61e+02,1.92e+02,2.00e+02,4.45e+02,7.00e+00,2.00e+00
1.28e+05,1.62e+02,1.91e+02,2.00e+02,4.45e+02,7.00e+00,2.00e+00
1.28e+05,1.63e+02,1.98e+02,2.00e+02,4.45e+02,7.00e+00,2.00e+00
1.29e+05,1.63e+02,1.97e+02,2.00e+02,4.45e+02,7.00e+00,2.00e+00
1.29e+05,1.60e+02,1.98e+02,2.00e+02,4.45e+02,7.00e+00,2.00e+00
1.29e+05,1.60e+02,1.94e+02,2.00e+02,4.45e+02,7.00e+00,2.00e+00
1.29e+05,1.61e+02,1.90e+02,2.00e+02,4.45e+02,7.00e+00,2.00e+00
1.29e+05,1.60e+02,1.92e+02,2.00e+02,4.45e+02,7.00e+00,2.00e+00
1.30e+05,1.58e+02,1.99e+02,2.00e+02,4.45e+02,7.00e+00,2.00e+00
1.30e+05,1.60e+02,1.97e+02,2.00e+02,4.45e+02,7.00e+00,2.00e+00
1.30e+05,1.56e+02,1.99e+02,2.00e+02,4.45e+02,7.00e+00,2.00e+00
1.30e+05,1.59e+02,2.00e+02,2.00e+02,4.45e+02,7.00e+00,2.00e+00
1.30e+05,1.59e+02,2.00e+02,2.00e+02,4.45e+02,7.00e+00,2.00e+00
1.31e+05,1.62e+02,1.99e+02,2.00e+02,4.45e+02,7.00e+00,2.00e+00
1.31e+05,1.61e+02,1.98e+02,2.00e+02,4.45e+02,7.00e+00,2.00e+00
1.31e+05,1.63e+02,1.99e+02,2.00e+02,4.45e+02,7.00e+00,2.00e+00
1.31e+05,1.61e+02,2.00e+02,2.00e+02,4.45e+02,7.00e+00,2.00e+00
1.31e+05,1.58e+02,2.00e+02,2.00e+02,4.45e+02,7.00e+00,2.00e+00
1.32e+05,1.60e+02,1.97e+02,2.00e+02,4.45e+02,7.00e+00,2.00e+00
1.32e+05,1.61e+02,1.99e+02,2.00e+02,4.45e+02,7.00e+00,2.00e+00
1.32e+05,1.60e+02,1.94e+02,2.00e+02,4.45e+02,7.00e+00,2.00e+00
1.32e+05,1.59e+02,2.00e+02,2.00e+02,4.45e+02,7.00e+00,2.00e+00
1.32e+05,1.58e+02,1.93e+02,2.00e+02,4.45e+02,7.00e+00,2.00e+00
1.32e+05,1.58e+02,1.91e+02,2.00e+02,4.45e+02,7.00e+00,2.00e+00
1.33e+05,1.61e+02,1.94e+02,2.00e+02,4.45e+02,7.00e+00,2.00e+00
1.33e+05,1.59e+02,2.00e+02,2.00e+02,4.45e+02,7.00e+00,2.00e+00
1.33e+05,1.62e+02,1.99e+02,2.00e+02,4.45e+02,7.00e+00,2.00e+00
1.33e+05,1.62e+02,1.99e+02,2.00e+02,4.45e+02,7.00e+00,2.00e+00
1.33e+05,1.60e+02,1.98e+02,2.00e+02,4.45e+02,7.00e+00,2.00e+00
1.34e+05,1.59e+02,1.99e+02,2.00e+02,4.45e+02,7.00e+00,2.00e+00
1.34e+05,1.60e+02,1.88e+02,2.00e+02,4.45e+02,7.00e+00,2.00e+00
1.34e+05,1.60e+02,1.92e+02,2.00e+02,4.45e+02,7.00e+00,2.00e+00
1.34e+05,1.59e+02,1.99e+02,2.00e+02,4.45e+02,7.00e+00,2.00e+00
1.34e+05,1.59e+02,2.00e+02,2.00e+02,4.45e+02,7.00e+00,2.00e+00
1.35e+05,1.60e+02,1.99e+02,2.00e+02,4.45e+02,7.00e+00,2.00e+00
1.35e+05,1.61e+02,2.00e+02,2.00e+02,4.45e+02,7.00e+00,2.00e+00
1.35e+05,1.61e+02,2.00e+02,2.00e+02,4.45e+02,7.00e+00,2.00e+00
1.35e+05,1.61e+02,1.99e+02,2.00e+02,4.45e+02,7.00e+00,2.00e+00
1.35e+05,1.59e+02,1.95e+02,2.00e+02,4.45e+02,7.00e+00,2.00e+00
1.36e+05,1.61e+02,1.99e+02,2.00e+02,4.45e+02,7.00e+00,2.00e+00
1.36e+05,1.61e+02,1.94e+02,2.00e+02,4.45e+02,7.00e+00,2.00e+00
1.36e+05,1.61e+02,1.89e+02,2.00e+02,4.45e+02,7.00e+00,2.00e+00
1.36e+05,1.61e+02,1.94e+02,2.00e+02,4.45e+02,7.00e+00,2.00e+00
1.36e+05,1.58e+02,1.92e+02,2.00e+02,4.45e+02,7.00e+00,2.00e+00
1.37e+05,1.59e+02,2.00e+02,2.00e+02,4.45e+02,7.00e+00,2.00e+00
1.37e+05,1.63e+02,1.94e+02,2.00e+02,4.45e+02,7.00e+00,2.00e+00
1.37e+05,1.61e+02,2.00e+02,2.00e+02,4.45e+02,7.00e+00,2.00e+00
1.37e+05,1.59e+02,1.99e+02,2.00e+02,4.45e+02,7.00e+00,2.00e+00
1.37e+05,1.60e+02,2.00e+02,2.00e+02,4.45e+02,7.00e+00,2.00e+00
1.37e+05,1.60e+02,1.91e+02,2.00e+02,4.45e+02,7.00e+00,2.00e+00
1.38e+05,1.62e+02,1.98e+02,2.00e+02,4.45e+02,7.00e+00,2.00e+00
1.38e+05,1.57e+02,1.97e+02,2.00e+02,4.45e+02,7.00e+00,2.00e+00
1.38e+05,1.63e+02,1.99e+02,2.00e+02,4.45e+02,7.00e+00,2.00e+00
1.38e+05,1.62e+02,1.99e+02,2.00e+02,4.45e+02,7.00e+00,2.00e+00
1.38e+05,1.58e+02,1.91e+02,2.00e+02,4.45e+02,7.00e+00,2.00e+00
1.39e+05,1.57e+02,1.99e+02,2.00e+02,4.45e+02,7.00e+00,2.00e+00
1.39e+05,1.58e+02,1.92e+02,2.00e+02,4.45e+02,7.00e+00,2.00e+00
1.39e+05,1.59e+02,2.00e+02,2.00e+02,4.45e+02,7.00e+00,2.00e+00
1.39e+05,1.62e+02,2.00e+02,2.00e+02,4.45e+02,7.00e+00,2.00e+00
1.39e+05,1.59e+02,1.92e+02,2.00e+02,4.45e+02,7.00e+00,2.00e+00
1.40e+05,1.61e+02,2.00e+02,2.00e+02,4.45e+02,7.00e+00,2.00e+00
1.40e+05,1.60e+02,2.00e+02,2.00e+02,4.45e+02,7.00e+00,2.00e+00
1.40e+05,1.60e+02,1.93e+02,2.00e+02,4.45e+02,7.00e+00,2.00e+00
1.40e+05,1.60e+02,1.93e+02,2.00e+02,4.45e+02,7.00e+00,2.00e+00
1.40e+05,1.59e+02,1.88e+02,2.00e+02,4.45e+02,7.00e+00,2.00e+00
1.41e+05,1.61e+02,1.92e+02,2.00e+02,4.45e+02,7.00e+00,2.00e+00
1.41e+05,1.58e+02,1.95e+02,2.00e+02,4.45e+02,7.00e+00,2.00e+00
1.41e+05,1.61e+02,1.99e+02,2.00e+02,4.45e+02,7.00e+00,2.00e+00
1.41e+05,1.59e+02,1.93e+02,2.00e+02,4.45e+02,7.00e+00,2.00e+00
1.41e+05,1.59e+02,1.99e+02,2.00e+02,4.45e+02,7.00e+00,2.00e+00
1.42e+05,1.59e+02,1.99e+02,2.00e+02,4.45e+02,7.00e+00,2.00e+00
1.42e+05,1.63e+02,2.00e+02,2.00e+02,4.45e+02,7.00e+00,2.00e+00
1.42e+05,1.61e+02,1.97e+02,2.00e+02,4.45e+02,7.00e+00,2.00e+00
1.42e+05,1.59e+02,1.89e+02,2.00e+02,4.45e+02,7.00e+00,2.00e+00
1.42e+05,1.63e+02,2.00e+02,2.00e+02,4.45e+02,7.00e+00,2.00e+00
1.42e+05,1.58e+02,1.92e+02,2.00e+02,4.45e+02,7.00e+00,2.00e+00
1.43e+05,1.56e+02,1.91e+02,2.00e+02,4.45e+02,7.00e+00,2.00e+00
1.43e+05,1.59e+02,1.91e+02,2.00e+02,4.45e+02,7.00e+00,2.00e+00
1.43e+05,1.61e+02,2.00e+02,2.00e+02,4.45e+02,7.00e+00,2.00e+00
1.43e+05,1.62e+02,1.97e+02,2.00e+02,4.45e+02,7.00e+00,2.00e+00
1.43e+05,1.60e+02,2.00e+02,2.00e+02,4.45e+02,7.00e+00,2.00e+00
1.44e+05,1.62e+02,2.00e+02,2.00e+02,4.45e+02,7.00e+00,2.00e+00
1.44e+05,1.59e+02,1.99e+02,2.00e+02,4.45e+02,7.00e+00,2.00e+00
1.44e+05,1.59e+02,1.93e+02,2.00e+02,4.45e+02,7.00e+00,2.00e+00
1.44e+05,1.58e+02,1.99e+02,2.00e+02,4.45e+02,7.00e+00,2.00e+00
1.44e+05,1.58e+02,1.94e+02,2.00e+02,4.45e+02,7.00e+00,2.00e+00
1.45e+05,1.60e+02,2.00e+02,2.00e+02,4.45e+02,7.00e+00,2.00e+00
1.45e+05,1.62e+02,1.95e+02,2.00e+02,4.45e+02,7.00e+00,2.00e+00
1.45e+05,1.63e+02,1.89e+02,2.00e+02,4.45e+02,7.00e+00,2.00e+00
1.45e+05,1.58e+02,2.00e+02,2.00e+02,4.45e+02,7.00e+00,2.00e+00
1.45e+05,1.62e+02,1.91e+02,2.00e+02,4.45e+02,7.00e+00,2.00e+00
1.46e+05,1.59e+02,1.90e+02,2.00e+02,4.45e+02,7.00e+00,2.00e+00
1.46e+05,1.60e+02,2.00e+02,2.00e+02,4.45e+02,7.00e+00,2.00e+00
1.46e+05,1.59e+02,1.93e+02,2.00e+02,4.45e+02,7.00e+00,2.00e+00
1.46e+05,1.64e+02,2.00e+02,2.00e+02,4.45e+02,7.00e+00,2.00e+00
1.46e+05,1.59e+02,1.99e+02,2.00e+02,4.45e+02,7.00e+00,2.00e+00
1.46e+05,1.59e+02,1.93e+02,2.00e+02,4.45e+02,7.00e+00,2.00e+00
1.47e+05,1.63e+02,1.99e+02,2.00e+02,4.45e+02,7.00e+00,2.00e+00
1.47e+05,1.62e+02,2.00e+02,2.00e+02,4.45e+02,7.00e+00,2.00e+00
1.47e+05,1.59e+02,2.00e+02,2.00e+02,4.45e+02,7.00e+00,2.00e+00
1.47e+05,1.58e+02,1.93e+02,2.00e+02,4.45e+02,7.00e+00,2.00e+00
1.47e+05,1.60e+02,1.90e+02,2.00e+02,4.45e+02,7.00e+00,2.00e+00
1.48e+05,1.61e+02,1.94e+02,2.00e+02,4.45e+02,7.00e+00,2.00e+00
1.48e+05,1.60e+02,1.99e+02,2.00e+02,4.45e+02,7.00e+00,2.00e+00
1.48e+05,1.60e+02,1.99e+02,2.00e+02,4.45e+02,7.00e+00,2.00e+00
1.48e+05,1.58e+02,1.89e+02,2.00e+02,4.45e+02,7.00e+00,2.00e+00
1.48e+05,1.56e+02,1.92e+02,2.00e+02,4.45e+02,7.00e+00,2.00e+00
1.49e+05,1.64e+02,1.93e+02,2.00e+02,4.45e+02,7.00e+00,2.00e+00
1.49e+05,1.60e+02,1.99e+02,2.00e+02,4.45e+02,7.00e+00,2.00e+00
1.49e+05,1.62e+02,1.91e+02,2.00e+02,4.45e+02,7.00e+00,2.00e+00
1.49e+05,1.61e+02,1.99e+02,2.00e+02,4.45e+02,7.00e+00,2.00e+00
1.49e+05,1.62e+02,1.98e+02,2.00e+02,4.45e+02,7.00e+00,2.00e+00
1.50e+05,1.58e+02,1.91e+02,2.00e+02,4.45e+02,7.00e+00,2.00e+00
1.50e+05,1.62e+02,1.99e+02,2.00e+02,4.45e+02,7.00e+00,2.00e+00
1.50e+05,1.59e+02,1.99e+02,2.00e+02,4.45e+02,7.00e+00,2.00e+00
1.50e+05,1.57e+02,1.97e+02,2.00e+02,4.45e+02,7.00e+00,2.00e+00
1.50e+05,1.65e+02,1.99e+02,2.00e+02,4.45e+02,7.00e+00,2.00e+00
1.51e+05,1.59e+02,2.00e+02,2.00e+02,4.45e+02,7.00e+00,2.00e+00
1.51e+05,1.58e+02,1.91e+02,2.00e+02,4.45e+02,7.00e+00,2.00e+00
1.51e+05,1.60e+02,1.99e+02,2.00e+02,4.45e+02,7.00e+00,2.00e+00
1.51e+05,1.62e+02,1.97e+02,2.00e+02,4.45e+02,7.00e+00,2.00e+00
1.51e+05,1.58e+02,1.99e+02,2.00e+02,4.45e+02,7.00e+00,2.00e+00
1.51e+05,1.60e+02,1.93e+02,2.00e+02,4.45e+02,7.00e+00,2.00e+00
1.52e+05,1.61e+02,1.98e+02,2.00e+02,4.45e+02,7.00e+00,2.00e+00
1.52e+05,1.60e+02,1.92e+02,2.00e+02,4.45e+02,7.00e+00,2.00e+00
1.52e+05,1.59e+02,1.89e+02,2.00e+02,4.45e+02,7.00e+00,2.00e+00
1.52e+05,1.60e+02,1.98e+02,2.00e+02,4.45e+02,7.00e+00,2.00e+00
1.52e+05,1.58e+02,1.93e+02,2.00e+02,4.45e+02,7.00e+00,2.00e+00
1.53e+05,1.58e+02,1.95e+02,2.00e+02,4.45e+02,7.00e+00,2.00e+00
1.53e+05,1.59e+02,1.99e+02,2.00e+02,4.45e+02,7.00e+00,2.00e+00
1.53e+05,1.61e+02,1.93e+02,2.00e+02,4.45e+02,7.00e+00,2.00e+00
1.53e+05,1.59e+02,1.98e+02,2.00e+02,4.45e+02,7.00e+00,2.00e+00
1.53e+05,1.59e+02,1.99e+02,2.00e+02,4.45e+02,7.00e+00,2.00e+00
1.54e+05,1.63e+02,1.98e+02,2.00e+02,4.45e+02,7.00e+00,2.00e+00
1.54e+05,1.60e+02,1.99e+02,2.00e+02,4.45e+02,7.00e+00,2.00e+00
1.54e+05,1.58e+02,1.90e+02,2.00e+02,4.45e+02,7.00e+00,2.00e+00
1.54e+05,1.62e+02,1.90e+02,2.00e+02,4.45e+02,7.00e+00,2.00e+00
1.54e+05,1.60e+02,2.00e+02,2.00e+02,4.45e+02,7.00e+00,2.00e+00
1.55e+05,1.61e+02,2.00e+02,2.00e+02,4.45e+02,7.00e+00,2.00e+00
1.55e+05,1.63e+02,1.94e+02,2.00e+02,4.45e+02,7.00e+00,2.00e+00
1.55e+05,1.62e+02,2.00e+02,2.00e+02,4.45e+02,7.00e+00,2.00e+00
1.55e+05,1.59e+02,1.91e+02,2.00e+02,4.45e+02,7.00e+00,2.00e+00
1.55e+05,1.61e+02,1.91e+02,2.00e+02,4.45e+02,7.00e+00,2.00e+00
1.56e+05,1.61e+02,1.98e+02,2.00e+02,4.45e+02,7.00e+00,2.00e+00
1.56e+05,1.60e+02,1.91e+02,2.00e+02,4.45e+02,7.00e+00,2.00e+00
1.56e+05,1.61e+02,1.99e+02,2.00e+02,4.45e+02,7.00e+00,2.00e+00
1.56e+05,1.60e+02,2.00e+02,2.00e+02,4.45e+02,7.00e+00,2.00e+00
1.56e+05,1.62e+02,1.98e+02,2.00e+02,4.45e+02,7.00e+00,2.00e+00
1.56e+05,1.62e+02,2.00e+02,2.00e+02,4.45e+02,7.00e+00,2.00e+00
1.57e+05,1.61e+02,2.00e+02,2.00e+02,4.45e+02,7.00e+00,2.00e+00
1.57e+05,1.63e+02,2.00e+02,2.00e+02,4.45e+02,7.00e+00,2.00e+00
1.57e+05,1.61e+02,1.94e+02,2.00e+02,4.45e+02,7.00e+00,2.00e+00
1.57e+05,1.58e+02,1.99e+02,2.00e+02,4.45e+02,7.00e+00,2.00e+00
1.57e+05,1.60e+02,1.93e+02,2.00e+02,4.45e+02,7.00e+00,2.00e+00
1.58e+05,1.57e+02,1.93e+02,2.00e+02,4.45e+02,7.00e+00,2.00e+00
1.58e+05,1.58e+02,1.91e+02,2.00e+02,4.45e+02,7.00e+00,2.00e+00
1.58e+05,1.60e+02,1.97e+02,2.00e+02,4.45e+02,7.00e+00,2.00e+00
1.58e+05,1.58e+02,1.99e+02,2.00e+02,4.45e+02,7.00e+00,2.00e+00
1.58e+05,1.60e+02,1.97e+02,2.00e+02,4.45e+02,7.00e+00,2.00e+00
1.59e+05,1.62e+02,1.99e+02,2.00e+02,4.45e+02,7.00e+00,2.00e+00
1.59e+05,1.58e+02,1.93e+02,2.00e+02,4.45e+02,7.00e+00,2.00e+00
1.59e+05,1.62e+02,2.00e+02,2.00e+02,4.45e+02,7.00e+00,2.00e+00
1.59e+05,1.61e+02,1.98e+02,2.00e+02,4.45e+02,7.00e+00,2.00e+00
1.59e+05,1.62e+02,1.97e+02,2.00e+02,4.45e+02,7.00e+00,2.00e+00
1.60e+05,1.59e+02,1.94e+02,2.00e+02,4.45e+02,7.00e+00,2.00e+00
1.60e+05,1.62e+02,2.00e+02,2.00e+02,4.45e+02,7.00e+00,2.00e+00
1.60e+05,1.55e+02,1.93e+02,2.00e+02,4.45e+02,7.00e+00,2.00e+00
1.60e+05,1.60e+02,1.93e+02,2.00e+02,4.45e+02,7.00e+00,2.00e+00
1.60e+05,1.57e+02,1.98e+02,2.00e+02,4.45e+02,7.00e+00,2.00e+00
1.61e+05,1.61e+02,1.92e+02,2.00e+02,4.45e+02,7.00e+00,2.00e+00
1.61e+05,1.59e+02,1.99e+02,2.00e+02,4.45e+02,7.00e+00,2.00e+00
1.61e+05,1.60e+02,1.97e+02,2.00e+02,4.45e+02,7.00e+00,2.00e+00
1.61e+05,1.59e+02,1.99e+02,2.00e+02,4.45e+02,7.00e+00,2.00e+00
1.61e+05,1.61e+02,1.97e+02,2.00e+02,4.45e+02,7.00e+00,2.00e+00
1.61e+05,1.61e+02,1.99e+02,2.00e+02,4.45e+02,7.00e+00,2.00e+00
1.62e+05,1.59e+02,1.99e+02,2.00e+02,4.45e+02,7.00e+00,2.00e+00
1.62e+05,1.59e+02,1.99e+02,2.00e+02,4.45e+02,7.00e+00,2.00e+00
1.62e+05,1.61e+02,1.93e+02,2.00e+02,4.45e+02,7.00e+00,2.00e+00
1.62e+05,1.60e+02,2.00e+02,2.00e+02,4.45e+02,7.00e+00,2.00e+00
1.62e+05,1.62e+02,2.00e+02,2.00e+02,4.45e+02,7.00e+00,2.00e+00
1.63e+05,1.62e+02,1.94e+02,2.00e+02,4.45e+02,7.00e+00,2.00e+00
1.63e+05,1.60e+02,1.98e+02,2.00e+02,4.45e+02,7.00e+00,2.00e+00
1.63e+05,1.58e+02,2.00e+02,2.00e+02,4.45e+02,7.00e+00,2.00e+00
1.63e+05,1.59e+02,1.98e+02,2.00e+02,4.45e+02,7.00e+00,2.00e+00
1.63e+05,1.61e+02,1.98e+02,2.00e+02,4.45e+02,7.00e+00,2.00e+00
1.64e+05,1.62e+02,1.93e+02,2.00e+02,4.45e+02,7.00e+00,2.00e+00
1.64e+05,1.57e+02,2.00e+02,2.00e+02,4.45e+02,7.00e+00,2.00e+00
1.64e+05,1.60e+02,1.99e+02,2.00e+02,4.45e+02,7.00e+00,2.00e+00
1.64e+05,1.58e+02,1.97e+02,2.00e+02,4.45e+02,7.00e+00,2.00e+00
1.64e+05,1.62e+02,1.99e+02,2.00e+02,4.45e+02,7.00e+00,2.00e+00
1.65e+05,1.63e+02,1.99e+02,2.00e+02,4.45e+02,7.00e+00,2.00e+00
1.65e+05,1.59e+02,1.98e+02,2.00e+02,4.45e+02,7.00e+00,2.00e+00
1.65e+05,1.60e+02,1.95e+02,2.00e+02,4.45e+02,7.00e+00,2.00e+00
1.65e+05,1.61e+02,2.00e+02,2.00e+02,4.45e+02,7.00e+00,2.00e+00
1.65e+05,1.60e+02,1.89e+02,2.00e+02,4.45e+02,7.00e+00,2.00e+00
1.66e+05,1.60e+02,2.00e+02,2.00e+02,4.45e+02,7.00e+00,2.00e+00
1.66e+05,1.63e+02,1.99e+02,2.00e+02,4.45e+02,7.00e+00,2.00e+00
1.66e+05,1.60e+02,1.92e+02,2.00e+02,4.45e+02,7.00e+00,2.00e+00
1.66e+05,1.63e+02,2.00e+02,2.00e+02,4.45e+02,7.00e+00,2.00e+00
1.66e+05,1.64e+02,1.91e+02,2.00e+02,4.45e+02,7.00e+00,2.00e+00
1.66e+05,1.58e+02,1.94e+02,2.00e+02,4.45e+02,7.00e+00,2.00e+00
1.67e+05,1.59e+02,1.92e+02,2.00e+02,4.45e+02,7.00e+00,2.00e+00
1.67e+05,1.61e+02,1.97e+02,2.00e+02,4.45e+02,7.00e+00,2.00e+00
1.67e+05,1.60e+02,1.99e+02,2.00e+02,4.45e+02,7.00e+00,2.00e+00
1.67e+05,1.60e+02,1.97e+02,2.00e+02,4.45e+02,7.00e+00,2.00e+00
1.67e+05,1.59e+02,1.99e+02,2.00e+02,4.45e+02,7.00e+00,2.00e+00
1.68e+05,1.59e+02,2.00e+02,2.00e+02,4.45e+02,7.00e+00,2.00e+00
1.68e+05,1.63e+02,1.93e+02,2.00e+02,4.45e+02,7.00e+00,2.00e+00
1.68e+05,1.61e+02,2.00e+02,2.00e+02,4.45e+02,7.00e+00,2.00e+00
1.68e+05,1.59e+02,1.91e+02,2.00e+02,4.45e+02,7.00e+00,2.00e+00
1.68e+05,1.56e+02,1.90e+02,2.00e+02,4.45e+02,7.00e+00,2.00e+00
1.69e+05,1.60e+02,1.99e+02,2.00e+02,4.45e+02,7.00e+00,2.00e+00
1.69e+05,1.60e+02,1.99e+02,2.00e+02,4.45e+02,7.00e+00,2.00e+00
1.69e+05,1.57e+02,1.97e+02,2.00e+02,4.45e+02,7.00e+00,2.00e+00
1.69e+05,1.61e+02,1.92e+02,2.00e+02,4.45e+02,7.00e+00,2.00e+00
1.69e+05,1.61e+02,1.99e+02,2.00e+02,4.45e+02,7.00e+00,2.00e+00
1.70e+05,1.61e+02,1.92e+02,2.00e+02,4.45e+02,7.00e+00,2.00e+00
1.70e+05,1.56e+02,1.99e+02,2.00e+02,4.45e+02,7.00e+00,2.00e+00
1.70e+05,1.59e+02,1.98e+02,2.00e+02,4.45e+02,7.00e+00,2.00e+00
1.70e+05,1.60e+02,1.93e+02,2.00e+02,4.45e+02,7.00e+00,2.00e+00
1.70e+05,1.58e+02,1.97e+02,2.00e+02,4.45e+02,7.00e+00,2.00e+00
1.70e+05,1.61e+02,1.99e+02,2.00e+02,4.45e+02,7.00e+00,2.00e+00
1.71e+05,1.60e+02,1.91e+02,2.00e+02,4.45e+02,7.00e+00,2.00e+00
1.71e+05,1.61e+02,1.93e+02,2.00e+02,4.45e+02,7.00e+00,2.00e+00
1.71e+05,1.62e+02,2.00e+02,2.00e+02,4.45e+02,7.00e+00,2.00e+00
1.71e+05,1.59e+02,2.00e+02,2.00e+02,4.45e+02,7.00e+00,2.00e+00
1.71e+05,1.61e+02,1.99e+02,2.00e+02,4.45e+02,7.00e+00,2.00e+00
1.72e+05,1.60e+02,1.99e+02,2.00e+02,4.45e+02,7.00e+00,2.00e+00
1.72e+05,1.62e+02,1.99e+02,2.00e+02,4.45e+02,7.00e+00,2.00e+00
1.72e+05,1.60e+02,2.00e+02,2.00e+02,4.45e+02,7.00e+00,2.00e+00
1.72e+05,1.63e+02,1.92e+02,2.00e+02,4.45e+02,7.00e+00,2.00e+00
1.72e+05,1.61e+02,1.95e+02,2.00e+02,4.45e+02,7.00e+00,2.00e+00
1.73e+05,1.61e+02,1.99e+02,2.00e+02,4.45e+02,7.00e+00,2.00e+00
1.73e+05,1.60e+02,1.93e+02,2.00e+02,4.45e+02,7.00e+00,2.00e+00
1.73e+05,1.62e+02,1.93e+02,2.00e+02,4.45e+02,7.00e+00,2.00e+00
1.73e+05,1.57e+02,1.99e+02,2.00e+02,4.45e+02,7.00e+00,2.00e+00
1.73e+05,1.61e+02,2.00e+02,2.00e+02,4.45e+02,7.00e+00,2.00e+00
1.74e+05,1.60e+02,1.95e+02,2.00e+02,4.45e+02,7.00e+00,2.00e+00
1.74e+05,1.58e+02,1.95e+02,2.00e+02,4.45e+02,7.00e+00,2.00e+00
1.74e+05,1.60e+02,1.98e+02,2.00e+02,4.45e+02,7.00e+00,2.00e+00
1.74e+05,1.59e+02,1.99e+02,2.00e+02,4.45e+02,7.00e+00,2.00e+00
1.74e+05,1.57e+02,1.99e+02,2.00e+02,4.45e+02,7.00e+00,2.00e+00
1.75e+05,1.58e+02,2.00e+02,2.00e+02,4.45e+02,7.00e+00,2.00e+00
1.75e+05,1.61e+02,1.99e+02,2.00e+02,4.45e+02,7.00e+00,2.00e+00
1.75e+05,1.56e+02,2.00e+02,2.00e+02,4.45e+02,7.00e+00,2.00e+00
1.75e+05,1.60e+02,1.99e+02,2.00e+02,4.45e+02,7.00e+00,2.00e+00
1.75e+05,1.60e+02,1.99e+02,2.00e+02,4.45e+02,7.00e+00,2.00e+00
1.75e+05,1.61e+02,2.00e+02,2.00e+02,4.45e+02,7.00e+00,2.00e+00
1.76e+05,1.61e+02,2.00e+02,2.00e+02,4.45e+02,7.00e+00,2.00e+00
1.76e+05,1.61e+02,1.94e+02,2.00e+02,4.45e+02,7.00e+00,2.00e+00
1.76e+05,1.60e+02,1.98e+02,2.00e+02,4.45e+02,7.00e+00,2.00e+00
1.76e+05,1.63e+02,1.89e+02,2.00e+02,4.45e+02,7.00e+00,2.00e+00
1.76e+05,1.56e+02,1.89e+02,2.00e+02,4.45e+02,7.00e+00,2.00e+00
1.77e+05,1.61e+02,1.99e+02,2.00e+02,4.45e+02,7.00e+00,2.00e+00
1.77e+05,1.64e+02,1.97e+02,2.00e+02,4.45e+02,7.00e+00,2.00e+00
1.77e+05,1.60e+02,2.00e+02,2.00e+02,4.45e+02,7.00e+00,2.00e+00
1.77e+05,1.61e+02,1.95e+02,2.00e+02,4.45e+02,7.00e+00,2.00e+00
1.77e+05,1.58e+02,1.99e+02,2.00e+02,4.45e+02,7.00e+00,2.00e+00
1.78e+05,1.61e+02,2.00e+02,2.00e+02,4.45e+02,7.00e+00,2.00e+00
1.78e+05,1.59e+02,1.99e+02,2.00e+02,4.45e+02,7.00e+00,2.00e+00
1.78e+05,1.59e+02,1.98e+02,2.00e+02,4.45e+02,7.00e+00,2.00e+00
1.78e+05,1.58e+02,1.94e+02,2.00e+02,4.45e+02,7.00e+00,2.00e+00
1.78e+05,1.58e+02,1.99e+02,2.00e+02,4.45e+02,7.00e+00,2.00e+00
1.79e+05,1.62e+02,1.91e+02,2.00e+02,4.45e+02,7.00e+00,2.00e+00
1.79e+05,1.60e+02,1.94e+02,2.00e+02,4.45e+02,7.00e+00,2.00e+00
1.79e+05,1.59e+02,1.94e+02,2.00e+02,4.45e+02,7.00e+00,2.00e+00
1.79e+05,1.61e+02,2.00e+02,2.00e+02,4.45e+02,7.00e+00,2.00e+00
1.79e+05,1.59e+02,1.99e+02,2.00e+02,4.45e+02,7.00e+00,2.00e+00
1.80e+05,1.62e+02,2.00e+02,2.00e+02,4.45e+02,7.00e+00,2.00e+00
1.80e+05,1.60e+02,1.93e+02,2.00e+02,4.45e+02,7.00e+00,2.00e+00
1.80e+05,1.59e+02,1.97e+02,2.00e+02,4.45e+02,7.00e+00,2.00e+00
1.80e+05,1.61e+02,2.00e+02,2.00e+02,4.45e+02,7.00e+00,2.00e+00
1.80e+05,1.62e+02,1.99e+02,2.00e+02,4.45e+02,7.00e+00,2.00e+00
1.80e+05,1.63e+02,1.99e+02,2.00e+02,4.45e+02,7.00e+00,2.00e+00
1.81e+05,1.60e+02,1.93e+02,2.00e+02,4.45e+02,7.00e+00,2.00e+00
1.81e+05,1.59e+02,1.93e+02,2.00e+02,4.45e+02,7.00e+00,2.00e+00
1.81e+05,1.58e+02,1.94e+02,2.00e+02,4.45e+02,7.00e+00,2.00e+00
1.81e+05,1.60e+02,2.00e+02,2.00e+02,4.45e+02,7.00e+00,2.00e+00
1.81e+05,1.59e+02,1.98e+02,2.00e+02,4.45e+02,7.00e+00,2.00e+00
1.82e+05,1.61e+02,1.95e+02,2.00e+02,4.45e+02,7.00e+00,2.00e+00
1.82e+05,1.58e+02,1.99e+02,2.00e+02,4.45e+02,7.00e+00,2.00e+00
1.82e+05,1.59e+02,1.91e+02,2.00e+02,4.45e+02,7.00e+00,2.00e+00
1.82e+05,1.58e+02,1.99e+02,2.00e+02,4.45e+02,7.00e+00,2.00e+00
1.82e+05,1.63e+02,1.88e+02,2.00e+02,4.45e+02,7.00e+00,2.00e+00
1.83e+05,1.61e+02,1.93e+02,2.00e+02,4.45e+02,7.00e+00,2.00e+00
1.83e+05,1.61e+02,1.99e+02,2.00e+02,4.45e+02,7.00e+00,2.00e+00
1.83e+05,1.59e+02,1.98e+02,2.00e+02,4.45e+02,7.00e+00,2.00e+00
1.83e+05,1.56e+02,2.00e+02,2.00e+02,4.45e+02,7.00e+00,2.00e+00
1.83e+05,1.61e+02,1.99e+02,2.00e+02,4.45e+02,7.00e+00,2.00e+00
1.84e+05,1.61e+02,1.92e+02,2.00e+02,4.45e+02,7.00e+00,2.00e+00
1.84e+05,1.59e+02,1.89e+02,2.00e+02,4.45e+02,7.00e+00,2.00e+00
1.84e+05,1.59e+02,1.92e+02,2.00e+02,4.45e+02,7.00e+00,2.00e+00
1.84e+05,1.59e+02,2.00e+02,2.00e+02,4.45e+02,7.00e+00,2.00e+00
1.84e+05,1.59e+02,2.00e+02,2.00e+02,4.45e+02,7.00e+00,2.00e+00
1.85e+05,1.59e+02,2.00e+02,2.00e+02,4.45e+02,7.00e+00,2.00e+00
1.85e+05,1.62e+02,1.92e+02,2.00e+02,4.45e+02,7.00e+00,2.00e+00
1.85e+05,1.59e+02,1.90e+02,2.00e+02,4.45e+02,7.00e+00,2.00e+00
1.85e+05,1.58e+02,1.99e+02,2.00e+02,4.45e+02,7.00e+00,2.00e+00
1.85e+05,1.58e+02,1.91e+02,2.00e+02,4.45e+02,7.00e+00,2.00e+00
1.85e+05,1.61e+02,2.00e+02,2.00e+02,4.45e+02,7.00e+00,2.00e+00
1.86e+05,1.57e+02,1.99e+02,2.00e+02,4.45e+02,7.00e+00,2.00e+00
1.86e+05,1.61e+02,2.00e+02,2.00e+02,4.45e+02,7.00e+00,2.00e+00
1.86e+05,1.59e+02,1.91e+02,2.00e+02,4.45e+02,7.00e+00,2.00e+00
1.86e+05,1.57e+02,1.91e+02,2.00e+02,4.45e+02,7.00e+00,2.00e+00
1.86e+05,1.58e+02,1.99e+02,2.00e+02,4.45e+02,7.00e+00,2.00e+00
1.87e+05,1.61e+02,1.98e+02,2.00e+02,4.45e+02,7.00e+00,2.00e+00
1.87e+05,1.60e+02,1.99e+02,2.00e+02,4.45e+02,7.00e+00,2.00e+00
1.87e+05,1.61e+02,1.91e+02,2.00e+02,4.45e+02,7.00e+00,2.00e+00
1.87e+05,1.60e+02,1.99e+02,2.00e+02,4.45e+02,7.00e+00,2.00e+00
1.87e+05,1.61e+02,1.98e+02,2.00e+02,4.45e+02,7.00e+00,2.00e+00
1.88e+05,1.61e+02,1.93e+02,2.00e+02,4.45e+02,7.00e+00,2.00e+00
1.88e+05,1.62e+02,2.00e+02,2.00e+02,4.45e+02,7.00e+00,2.00e+00
1.88e+05,1.61e+02,1.99e+02,2.00e+02,4.45e+02,7.00e+00,2.00e+00
1.88e+05,1.57e+02,1.99e+02,2.00e+02,4.45e+02,7.00e+00,2.00e+00
1.88e+05,1.60e+02,1.98e+02,2.00e+02,4.45e+02,7.00e+00,2.00e+00
1.89e+05,1.58e+02,1.99e+02,2.00e+02,4.45e+02,7.00e+00,2.00e+00
1.89e+05,1.58e+02,1.91e+02,2.00e+02,4.45e+02,7.00e+00,2.00e+00
1.89e+05,1.57e+02,1.90e+02,2.00e+02,4.45e+02,7.00e+00,2.00e+00
1.89e+05,1.57e+02,1.87e+02,2.00e+02,4.45e+02,7.00e+00,2.00e+00
1.89e+05,1.61e+02,2.00e+02,2.00e+02,4.45e+02,7.00e+00,2.00e+00
1.90e+05,1.58e+02,1.99e+02,2.00e+02,4.45e+02,7.00e+00,2.00e+00
1.90e+05,1.63e+02,1.98e+02,2.00e+02,4.45e+02,7.00e+00,2.00e+00
1.90e+05,1.61e+02,1.99e+02,2.00e+02,4.45e+02,7.00e+00,2.00e+00
1.90e+05,1.63e+02,1.97e+02,2.00e+02,4.45e+02,7.00e+00,2.00e+00
1.90e+05,1.60e+02,2.00e+02,2.00e+02,4.45e+02,7.00e+00,2.00e+00
1.90e+05,1.61e+02,1.99e+02,2.00e+02,4.45e+02,7.00e+00,2.00e+00
1.91e+05,1.61e+02,1.99e+02,2.00e+02,4.45e+02,7.00e+00,2.00e+00
1.91e+05,1.60e+02,1.99e+02,2.00e+02,4.45e+02,7.00e+00,2.00e+00
1.91e+05,1.60e+02,2.00e+02,2.00e+02,4.45e+02,7.00e+00,2.00e+00
1.91e+05,1.61e+02,1.97e+02,2.00e+02,4.45e+02,7.00e+00,2.00e+00
1.91e+05,1.61e+02,2.00e+02,2.00e+02,4.45e+02,7.00e+00,2.00e+00
1.92e+05,1.63e+02,1.97e+02,2.00e+02,4.45e+02,7.00e+00,2.00e+00
1.92e+05,1.61e+02,2.00e+02,2.00e+02,4.45e+02,7.00e+00,2.00e+00
1.92e+05,1.58e+02,1.99e+02,2.00e+02,4.45e+02,7.00e+00,2.00e+00
1.92e+05,1.60e+02,1.99e+02,2.00e+02,4.45e+02,7.00e+00,2.00e+00
1.92e+05,1.62e+02,1.95e+02,2.00e+02,4.45e+02,7.00e+00,2.00e+00
1.93e+05,1.58e+02,2.00e+02,2.00e+02,4.45e+02,7.00e+00,2.00e+00
1.93e+05,1.64e+02,1.99e+02,2.00e+02,4.45e+02,7.00e+00,2.00e+00
1.93e+05,1.63e+02,2.00e+02,2.00e+02,4.45e+02,7.00e+00,2.00e+00
1.93e+05,1.59e+02,1.93e+02,2.00e+02,4.45e+02,7.00e+00,2.00e+00
1.93e+05,1.63e+02,1.99e+02,2.00e+02,4.45e+02,7.00e+00,2.00e+00
1.94e+05,1.60e+02,2.00e+02,2.00e+02,4.45e+02,7.00e+00,2.00e+00
1.94e+05,1.60e+02,1.99e+02,2.00e+02,4.45e+02,7.00e+00,2.00e+00
1.94e+05,1.62e+02,1.99e+02,2.00e+02,4.45e+02,7.00e+00,2.00e+00
1.94e+05,1.63e+02,1.98e+02,2.00e+02,4.45e+02,7.00e+00,2.00e+00
1.94e+05,1.62e+02,2.00e+02,2.00e+02,4.45e+02,7.00e+00,2.00e+00
1.94e+05,1.59e+02,1.99e+02,2.00e+02,4.45e+02,7.00e+00,2.00e+00
1.95e+05,1.61e+02,1.94e+02,2.00e+02,4.45e+02,7.00e+00,2.00e+00
1.95e+05,1.59e+02,1.92e+02,2.00e+02,4.45e+02,7.00e+00,2.00e+00
1.95e+05,1.63e+02,2.00e+02,2.00e+02,4.45e+02,7.00e+00,2.00e+00
1.95e+05,1.59e+02,1.98e+02,2.00e+02,4.45e+02,7.00e+00,2.00e+00
1.95e+05,1.60e+02,1.92e+02,2.00e+02,4.45e+02,7.00e+00,2.00e+00
1.96e+05,1.61e+02,1.99e+02,2.00e+02,4.45e+02,7.00e+00,2.00e+00
1.96e+05,1.57e+02,1.93e+02,2.00e+02,4.45e+02,7.00e+00,2.00e+00
1.96e+05,1.62e+02,1.99e+02,2.00e+02,4.45e+02,7.00e+00,2.00e+00
1.96e+05,1.60e+02,1.91e+02,2.00e+02,4.45e+02,7.00e+00,2.00e+00
1.96e+05,1.60e+02,1.92e+02,2.00e+02,4.45e+02,7.00e+00,2.00e+00
1.97e+05,1.60e+02,1.99e+02,2.00e+02,4.45e+02,7.00e+00,2.00e+00
1.97e+05,1.60e+02,1.99e+02,2.00e+02,4.45e+02,7.00e+00,2.00e+00
