5.76e+02,1.18e+01,2.92e+02,2.92e+02,7.00e+00,6.00e+00
1.15e+03,6.17e+01,5.06e+02,5.06e+02,7.00e+00,6.00e+00
1.73e+03,9.63e+01,6.01e+02,6.01e+02,7.00e+00,6.00e+00
2.30e+03,3.17e+02,5.44e+02,6.01e+02,7.00e+00,6.00e+00
2.88e+03,4.23e+02,6.13e+02,6.13e+02,7.00e+00,6.00e+00
3.46e+03,4.41e+02,6.08e+02,6.13e+02,7.00e+00,6.00e+00
4.03e+03,4.56e+02,6.41e+02,6.41e+02,7.00e+00,6.00e+00
4.61e+03,4.52e+02,6.40e+02,6.41e+02,7.00e+00,6.00e+00
5.18e+03,4.56e+02,6.21e+02,6.41e+02,7.00e+00,6.00e+00
5.76e+03,4.48e+02,6.42e+02,6.42e+02,7.00e+00,6.00e+00
6.34e+03,4.70e+02,6.82e+02,6.82e+02,7.00e+00,6.00e+00
6.91e+03,4.69e+02,6.60e+02,6.82e+02,7.00e+00,6.00e+00
7.49e+03,4.57e+02,6.61e+02,6.82e+02,7.00e+00,6.00e+00
8.06e+03,4.50e+02,6.65e+02,6.82e+02,7.00e+00,6.00e+00
8.64e+03,4.57e+02,6.51e+02,6.82e+02,7.00e+00,6.00e+00
9.22e+03,4.67e+02,6.65e+02,6.82e+02,7.00e+00,6.00e+00
9.79e+03,4.56e+02,6.70e+02,6.82e+02,7.00e+00,6.00e+00
1.04e+04,4.34e+02,6.75e+02,6.82e+02,7.00e+00,6.00e+00
1.09e+04,4.45e+02,6.70e+02,6.82e+02,7.00e+00,6.00e+00
1.15e+04,4.35e+02,6.70e+02,6.82e+02,7.00e+00,6.00e+00
1.21e+04,4.35e+02,6.68e+02,6.82e+02,7.00e+00,6.00e+00
1.27e+04,4.35e+02,6.86e+02,6.86e+02,7.00e+00,6.00e+00
1.32e+04,4.28e+02,6.61e+02,6.86e+02,7.00e+00,6.00e+00
1.38e+04,4.38e+02,6.73e+02,6.86e+02,7.00e+00,6.00e+00
1.44e+04,4.39e+02,6.65e+02,6.86e+02,7.00e+00,6.00e+00
1.50e+04,4.33e+02,6.63e+02,6.86e+02,7.00e+00,6.00e+00
1.56e+04,4.13e+02,6.60e+02,6.86e+02,7.00e+00,6.00e+00
1.61e+04,4.22e+02,6.76e+02,6.86e+02,7.00e+00,6.00e+00
1.67e+04,4.25e+02,6.68e+02,6.86e+02,7.00e+00,6.00e+00
1.73e+04,4.52e+02,6.89e+02,6.89e+02,7.00e+00,6.00e+00
1.79e+04,4.24e+02,6.64e+02,6.89e+02,7.00e+00,6.00e+00
1.84e+04,4.16e+02,6.68e+02,6.89e+02,7.00e+00,6.00e+00
1.90e+04,4.30e+02,6.68e+02,6.89e+02,7.00e+00,6.00e+00
1.96e+04,4.22e+02,6.76e+02,6.89e+02,7.00e+00,6.00e+00
2.02e+04,4.38e+02,6.69e+02,6.89e+02,7.00e+00,6.00e+00
2.07e+04,4.06e+02,6.99e+02,6.99e+02,7.00e+00,6.00e+00
2.13e+04,4.06e+02,6.73e+02,6.99e+02,7.00e+00,6.00e+00
2.19e+04,4.26e+02,6.70e+02,6.99e+02,7.00e+00,6.00e+00
2.25e+04,4.32e+02,6.63e+02,6.99e+02,7.00e+00,6.00e+00
2.30e+04,4.19e+02,6.69e+02,6.99e+02,7.00e+00,6.00e+00
2.36e+04,4.18e+02,6.72e+02,6.99e+02,7.00e+00,6.00e+00
2.42e+04,4.16e+02,6.68e+02,6.99e+02,7.00e+00,6.00e+00
2.48e+04,4.31e+02,6.75e+02,6.99e+02,7.00e+00,6.00e+00
2.53e+04,3.93e+02,6.67e+02,6.99e+02,7.00e+00,6.00e+00
2.59e+04,3.97e+02,6.66e+02,6.99e+02,7.00e+00,6.00e+00
2.65e+04,4.11e+02,6.85e+02,6.99e+02,7.00e+00,6.00e+00
2.71e+04,4.03e+02,6.79e+02,6.99e+02,7.00e+00,6.00e+00
2.76e+04,4.27e+02,6.91e+02,6.99e+02,7.00e+00,6.00e+00
2.82e+04,3.77e+02,6.86e+02,6.99e+02,7.00e+00,6.00e+00
2.88e+04,3.82e+02,6.80e+02,6.99e+02,7.00e+00,6.00e+00
2.94e+04,3.87e+02,6.77e+02,6.99e+02,7.00e+00,6.00e+00
3.00e+04,3.89e+02,6.83e+02,6.99e+02,7.00e+00,6.00e+00
3.05e+04,3.92e+02,6.78e+02,6.99e+02,7.00e+00,6.00e+00
3.11e+04,3.79e+02,6.82e+02,6.99e+02,7.00e+00,6.00e+00
3.17e+04,4.14e+02,6.83e+02,6.99e+02,7.00e+00,6.00e+00
3.23e+04,4.03e+02,6.93e+02,6.99e+02,7.00e+00,6.00e+00
3.28e+04,3.90e+02,6.94e+02,6.99e+02,7.00e+00,6.00e+00
3.34e+04,3.94e+02,6.78e+02,6.99e+02,7.00e+00,6.00e+00
3.40e+04,4.05e+02,6.66e+02,6.99e+02,7.00e+00,6.00e+00
3.46e+04,3.78e+02,6.69e+02,6.99e+02,7.00e+00,6.00e+00
3.51e+04,4.28e+02,6.80e+02,6.99e+02,7.00e+00,6.00e+00
3.57e+04,3.87e+02,6.80e+02,6.99e+02,7.00e+00,6.00e+00
3.63e+04,3.89e+02,6.73e+02,6.99e+02,7.00e+00,6.00e+00
3.69e+04,3.79e+02,6.76e+02,6.99e+02,7.00e+00,6.00e+00
3.74e+04,3.77e+02,6.68e+02,6.99e+02,7.00e+00,6.00e+00
3.80e+04,3.90e+02,6.82e+02,6.99e+02,7.00e+00,6.00e+00
3.86e+04,3.82e+02,6.75e+02,6.99e+02,7.00e+00,6.00e+00
3.92e+04,3.79e+02,6.72e+02,6.99e+02,7.00e+00,6.00e+00
3.97e+04,4.02e+02,6.81e+02,6.99e+02,7.00e+00,6.00e+00
4.03e+04,3.62e+02,6.73e+02,6.99e+02,7.00e+00,6.00e+00
4.09e+04,3.92e+02,6.79e+02,6.99e+02,7.00e+00,6.00e+00
4.15e+04,3.82e+02,7.01e+02,6.99e+02,7.00e+00,6.00e+00
4.20e+04,3.64e+02,7.05e+02,6.99e+02,7.00e+00,6.00e+00
4.26e+04,3.91e+02,6.99e+02,6.99e+02,7.00e+00,6.00e+00
4.32e+04,3.68e+02,6.70e+02,6.99e+02,7.00e+00,6.00e+00
4.38e+04,3.86e+02,6.96e+02,6.99e+02,7.00e+00,6.00e+00
4.44e+04,3.92e+02,6.93e+02,6.99e+02,7.00e+00,6.00e+00
4.49e+04,3.88e+02,7.13e+02,7.13e+02,7.00e+00,6.00e+00
4.55e+04,3.80e+02,6.97e+02,7.13e+02,7.00e+00,6.00e+00
4.61e+04,3.63e+02,6.83e+02,7.13e+02,7.00e+00,6.00e+00
4.67e+04,3.75e+02,7.03e+02,7.13e+02,7.00e+00,6.00e+00
4.72e+04,3.83e+02,6.84e+02,7.13e+02,7.00e+00,6.00e+00
4.78e+04,3.77e+02,6.89e+02,7.13e+02,7.00e+00,6.00e+00
4.84e+04,3.64e+02,7.08e+02,7.13e+02,7.00e+00,6.00e+00
4.90e+04,3.74e+02,6.88e+02,7.13e+02,7.00e+00,6.00e+00
4.95e+04,3.69e+02,6.85e+02,7.13e+02,8.00e+00,7.00e+00
5.01e+04,3.60e+02,6.88e+02,7.13e+02,7.00e+00,6.00e+00
5.07e+04,3.53e+02,6.98e+02,7.13e+02,7.00e+00,6.00e+00
5.13e+04,3.95e+02,6.84e+02,7.13e+02,8.00e+00,7.00e+00
5.18e+04,3.59e+02,6.97e+02,7.13e+02,7.00e+00,6.00e+00
5.24e+04,3.89e+02,6.73e+02,7.13e+02,8.00e+00,7.00e+00
5.30e+04,3.62e+02,6.79e+02,7.13e+02,7.00e+00,6.00e+00
5.36e+04,3.88e+02,6.97e+02,7.13e+02,7.00e+00,6.00e+00
5.41e+04,3.81e+02,6.95e+02,7.13e+02,7.00e+00,6.00e+00
5.47e+04,3.45e+02,7.07e+02,7.13e+02,7.00e+00,6.00e+00
5.53e+04,3.74e+02,6.94e+02,7.13e+02,8.00e+00,7.00e+00
5.59e+04,3.82e+02,6.90e+02,7.13e+02,8.00e+00,7.00e+00
5.64e+04,3.74e+02,6.82e+02,7.13e+02,8.00e+00,7.00e+00
5.70e+04,3.77e+02,6.90e+02,7.13e+02,8.00e+00,7.00e+00
5.76e+04,3.45e+02,6.97e+02,7.13e+02,8.00e+00,7.00e+00
5.82e+04,3.58e+02,6.95e+02,7.13e+02,8.00e+00,7.00e+00
5.88e+04,3.42e+02,6.87e+02,7.13e+02,8.00e+00,7.00e+00
5.93e+04,3.69e+02,6.94e+02,7.13e+02,8.00e+00,7.00e+00
5.99e+04,3.52e+02,6.91e+02,7.13e+02,8.00e+00,7.00e+00
6.05e+04,3.72e+02,6.97e+02,7.13e+02,8.00e+00,7.00e+00
6.11e+04,3.89e+02,6.80e+02,7.13e+02,7.00e+00,6.00e+00
6.16e+04,3.67e+02,6.78e+02,7.13e+02,8.00e+00,7.00e+00
6.22e+04,3.49e+02,6.78e+02,7.13e+02,8.00e+00,7.00e+00
6.28e+04,3.80e+02,6.91e+02,7.13e+02,8.00e+00,7.00e+00
6.34e+04,3.76e+02,7.00e+02,7.13e+02,8.00e+00,7.00e+00
6.39e+04,3.72e+02,7.05e+02,7.13e+02,8.00e+00,7.00e+00
6.45e+04,3.71e+02,6.98e+02,7.13e+02,8.00e+00,7.00e+00
6.51e+04,3.54e+02,6.97e+02,7.13e+02,8.00e+00,7.00e+00
6.57e+04,3.59e+02,6.95e+02,7.13e+02,8.00e+00,7.00e+00
6.62e+04,3.51e+02,6.99e+02,7.13e+02,7.00e+00,6.00e+00
6.68e+04,3.54e+02,6.97e+02,7.13e+02,7.00e+00,6.00e+00
6.74e+04,3.71e+02,7.21e+02,7.21e+02,8.00e+00,7.00e+00
6.80e+04,3.70e+02,7.19e+02,7.21e+02,8.00e+00,7.00e+00
6.85e+04,3.65e+02,7.28e+02,7.28e+02,8.00e+00,7.00e+00
6.91e+04,3.71e+02,7.01e+02,7.28e+02,8.00e+00,7.00e+00
6.97e+04,3.40e+02,7.06e+02,7.28e+02,7.00e+00,6.00e+00
7.03e+04,3.90e+02,7.01e+02,7.28e+02,8.00e+00,7.00e+00
7.08e+04,3.73e+02,6.94e+02,7.28e+02,8.00e+00,7.00e+00
7.14e+04,3.77e+02,6.90e+02,7.28e+02,8.00e+00,7.00e+00
7.20e+04,3.67e+02,6.92e+02,7.28e+02,8.00e+00,7.00e+00
7.26e+04,3.68e+02,6.87e+02,7.28e+02,7.00e+00,6.00e+00
7.32e+04,3.61e+02,6.88e+02,7.28e+02,8.00e+00,7.00e+00
7.37e+04,3.62e+02,7.11e+02,7.28e+02,8.00e+00,7.00e+00
7.43e+04,3.75e+02,6.87e+02,7.28e+02,8.00e+00,7.00e+00
7.49e+04,3.79e+02,6.73e+02,7.28e+02,8.00e+00,7.00e+00
7.55e+04,3.66e+02,6.74e+02,7.28e+02,8.00e+00,7.00e+00
7.60e+04,3.69e+02,6.92e+02,7.28e+02,8.00e+00,7.00e+00
7.66e+04,3.73e+02,7.09e+02,7.28e+02,8.00e+00,7.00e+00
7.72e+04,3.73e+02,6.91e+02,7.28e+02,8.00e+00,7.00e+00
7.78e+04,3.65e+02,6.96e+02,7.28e+02,7.00e+00,6.00e+00
7.83e+04,3.67e+02,6.96e+02,7.28e+02,8.00e+00,7.00e+00
7.89e+04,3.72e+02,6.87e+02,7.28e+02,7.00e+00,6.00e+00
7.95e+04,3.73e+02,6.92e+02,7.28e+02,8.00e+00,7.00e+00
8.01e+04,3.73e+02,6.92e+02,7.28e+02,8.00e+00,7.00e+00
8.06e+04,3.73e+02,6.94e+02,7.28e+02,8.00e+00,7.00e+00
8.12e+04,3.84e+02,7.13e+02,7.28e+02,7.00e+00,6.00e+00
8.18e+04,3.84e+02,7.05e+02,7.28e+02,7.00e+00,6.00e+00
8.24e+04,3.65e+02,7.07e+02,7.28e+02,8.00e+00,7.00e+00
8.29e+04,3.76e+02,7.02e+02,7.28e+02,8.00e+00,7.00e+00
8.35e+04,3.76e+02,7.05e+02,7.28e+02,8.00e+00,7.00e+00
8.41e+04,3.76e+02,7.03e+02,7.28e+02,8.00e+00,7.00e+00
8.47e+04,3.65e+02,7.05e+02,7.28e+02,8.00e+00,7.00e+00
8.52e+04,3.59e+02,7.17e+02,7.28e+02,8.00e+00,7.00e+00
8.58e+04,3.89e+02,7.20e+02,7.28e+02,8.00e+00,7.00e+00
8.64e+04,3.75e+02,7.08e+02,7.28e+02,8.00e+00,7.00e+00
8.70e+04,3.74e+02,6.90e+02,7.28e+02,8.00e+00,7.00e+00
8.76e+04,3.46e+02,6.81e+02,7.28e+02,8.00e+00,7.00e+00
8.81e+04,3.77e+02,7.20e+02,7.28e+02,8.00e+00,7.00e+00
8.87e+04,3.65e+02,6.78e+02,7.28e+02,8.00e+00,7.00e+00
8.93e+04,3.65e+02,6.88e+02,7.28e+02,8.00e+00,7.00e+00
8.99e+04,3.60e+02,6.79e+02,7.28e+02,8.00e+00,7.00e+00
9.04e+04,3.42e+02,6.90e+02,7.28e+02,8.00e+00,7.00e+00
9.10e+04,3.63e+02,6.93e+02,7.28e+02,8.00e+00,7.00e+00
9.16e+04,3.63e+02,7.22e+02,7.28e+02,8.00e+00,7.00e+00
9.22e+04,3.65e+02,6.94e+02,7.28e+02,8.00e+00,7.00e+00
9.27e+04,3.39e+02,6.91e+02,7.28e+02,7.00e+00,6.00e+00
9.33e+04,3.44e+02,7.10e+02,7.28e+02,7.00e+00,6.00e+00
9.39e+04,3.52e+02,7.11e+02,7.28e+02,7.00e+00,6.00e+00
9.45e+04,3.79e+02,7.12e+02,7.28e+02,7.50e+00,6.50e+00
9.50e+04,3.39e+02,6.90e+02,7.28e+02,7.00e+00,6.00e+00
9.56e+04,3.71e+02,6.87e+02,7.28e+02,7.00e+00,6.00e+00
9.62e+04,3.72e+02,6.86e+02,7.28e+02,8.00e+00,7.00e+00
9.68e+04,3.42e+02,6.92e+02,7.28e+02,8.00e+00,7.00e+00
9.73e+04,3.56e+02,6.86e+02,7.28e+02,8.00e+00,7.00e+00
9.79e+04,3.48e+02,6.86e+02,7.28e+02,8.00e+00,7.00e+00
9.85e+04,3.46e+02,6.95e+02,7.28e+02,8.00e+00,7.00e+00
9.91e+04,3.64e+02,6.92e+02,7.28e+02,7.00e+00,6.00e+00
9.96e+04,3.59e+02,6.90e+02,7.28e+02,8.00e+00,7.00e+00
1.00e+05,3.38e+02,7.29e+02,7.29e+02,8.00e+00,7.00e+00
1.01e+05,3.77e+02,7.20e+02,7.29e+02,7.00e+00,6.00e+00
1.01e+05,3.58e+02,7.07e+02,7.29e+02,8.00e+00,7.00e+00
1.02e+05,3.55e+02,7.04e+02,7.29e+02,7.00e+00,6.00e+00
1.03e+05,3.46e+02,6.99e+02,7.29e+02,8.00e+00,7.00e+00
1.03e+05,3.55e+02,7.01e+02,7.29e+02,7.00e+00,6.00e+00
1.04e+05,3.56e+02,7.02e+02,7.29e+02,8.00e+00,7.00e+00
1.04e+05,3.53e+02,7.10e+02,7.29e+02,8.00e+00,7.00e+00
1.05e+05,3.52e+02,7.06e+02,7.29e+02,7.00e+00,6.00e+00
1.05e+05,3.60e+02,7.02e+02,7.29e+02,8.00e+00,7.00e+00
1.06e+05,3.34e+02,6.90e+02,7.29e+02,7.00e+00,6.00e+00
1.07e+05,3.93e+02,6.91e+02,7.29e+02,7.00e+00,6.00e+00
1.07e+05,3.65e+02,6.90e+02,7.29e+02,8.00e+00,7.00e+00
1.08e+05,3.70e+02,6.90e+02,7.29e+02,8.00e+00,7.00e+00
1.08e+05,3.70e+02,6.91e+02,7.29e+02,8.00e+00,7.00e+00
1.09e+05,3.71e+02,6.90e+02,7.29e+02,8.00e+00,7.00e+00
1.09e+05,3.65e+02,6.85e+02,7.29e+02,8.00e+00,7.00e+00
1.10e+05,3.44e+02,6.86e+02,7.29e+02,8.00e+00,7.00e+00
1.11e+05,3.70e+02,6.90e+02,7.29e+02,8.00e+00,7.00e+00
1.11e+05,3.59e+02,6.84e+02,7.29e+02,8.00e+00,7.00e+00
1.12e+05,3.64e+02,6.94e+02,7.29e+02,8.00e+00,7.00e+00
1.12e+05,3.54e+02,7.28e+02,7.29e+02,8.00e+00,7.00e+00
1.13e+05,4.09e+02,6.92e+02,7.29e+02,8.00e+00,7.00e+00
1.13e+05,3.65e+02,6.89e+02,7.29e+02,8.00e+00,7.00e+00
1.14e+05,3.47e+02,6.94e+02,7.29e+02,8.00e+00,7.00e+00
1.15e+05,3.76e+02,6.90e+02,7.29e+02,8.00e+00,7.00e+00
1.15e+05,3.81e+02,6.90e+02,7.29e+02,8.00e+00,7.00e+00
1.16e+05,3.89e+02,6.92e+02,7.29e+02,8.00e+00,7.00e+00
1.16e+05,3.66e+02,7.00e+02,7.29e+02,8.00e+00,7.00e+00
1.17e+05,3.67e+02,6.98e+02,7.29e+02,8.00e+00,7.00e+00
1.18e+05,3.68e+02,6.96e+02,7.29e+02,8.00e+00,7.00e+00
1.18e+05,3.66e+02,6.94e+02,7.29e+02,8.00e+00,7.00e+00
1.19e+05,3.91e+02,6.91e+02,7.29e+02,8.00e+00,7.00e+00
1.19e+05,4.02e+02,6.97e+02,7.29e+02,8.00e+00,7.00e+00
1.20e+05,3.63e+02,6.93e+02,7.29e+02,8.00e+00,7.00e+00
1.20e+05,3.52e+02,6.90e+02,7.29e+02,8.00e+00,7.00e+00
1.21e+05,3.63e+02,6.96e+02,7.29e+02,8.00e+00,7.00e+00
1.22e+05,3.79e+02,6.96e+02,7.29e+02,8.00e+00,7.00e+00
1.22e+05,3.70e+02,7.06e+02,7.29e+02,8.00e+00,7.00e+00
1.23e+05,3.85e+02,6.88e+02,7.29e+02,8.00e+00,7.00e+00
1.23e+05,4.09e+02,6.91e+02,7.29e+02,8.00e+00,7.00e+00
1.24e+05,3.86e+02,6.92e+02,7.29e+02,8.00e+00,7.00e+00
1.24e+05,3.83e+02,6.90e+02,7.29e+02,8.00e+00,7.00e+00
1.25e+05,3.85e+02,6.91e+02,7.29e+02,8.00e+00,7.00e+00
1.26e+05,4.13e+02,6.90e+02,7.29e+02,8.00e+00,7.00e+00
1.26e+05,3.68e+02,6.89e+02,7.29e+02,8.00e+00,7.00e+00
1.27e+05,3.86e+02,6.94e+02,7.29e+02,8.00e+00,7.00e+00
1.27e+05,3.78e+02,6.94e+02,7.29e+02,8.00e+00,7.00e+00
1.28e+05,3.62e+02,6.89e+02,7.29e+02,8.00e+00,7.00e+00
1.28e+05,3.70e+02,6.90e+02,7.29e+02,8.00e+00,7.00e+00
1.29e+05,3.90e+02,6.87e+02,7.29e+02,8.00e+00,7.00e+00
1.30e+05,4.11e+02,7.00e+02,7.29e+02,8.00e+00,7.00e+00
1.30e+05,4.03e+02,6.97e+02,7.29e+02,8.00e+00,7.00e+00
1.31e+05,3.75e+02,6.89e+02,7.29e+02,8.00e+00,7.00e+00
1.31e+05,3.74e+02,6.92e+02,7.29e+02,8.00e+00,7.00e+00
1.32e+05,3.75e+02,6.95e+02,7.29e+02,8.00e+00,7.00e+00
1.32e+05,3.95e+02,6.90e+02,7.29e+02,8.00e+00,7.00e+00
1.33e+05,3.93e+02,6.89e+02,7.29e+02,8.00e+00,7.00e+00
1.34e+05,3.74e+02,6.94e+02,7.29e+02,8.00e+00,7.00e+00
1.34e+05,3.83e+02,6.91e+02,7.29e+02,8.00e+00,7.00e+00
1.35e+05,3.94e+02,6.94e+02,7.29e+02,8.00e+00,7.00e+00
1.35e+05,3.94e+02,6.94e+02,7.29e+02,8.00e+00,7.00e+00
1.36e+05,3.90e+02,6.97e+02,7.29e+02,8.00e+00,7.00e+00
1.37e+05,3.74e+02,6.98e+02,7.29e+02,8.00e+00,7.00e+00
1.37e+05,3.77e+02,6.97e+02,7.29e+02,8.00e+00,7.00e+00
1.38e+05,3.90e+02,6.93e+02,7.29e+02,8.00e+00,7.00e+00
1.38e+05,3.72e+02,6.96e+02,7.29e+02,8.00e+00,7.00e+00
1.39e+05,3.73e+02,6.94e+02,7.29e+02,8.00e+00,7.00e+00
1.39e+05,3.75e+02,6.95e+02,7.29e+02,8.00e+00,7.00e+00
1.40e+05,3.82e+02,7.00e+02,7.29e+02,8.00e+00,7.00e+00
1.41e+05,3.70e+02,6.92e+02,7.29e+02,8.00e+00,7.00e+00
1.41e+05,3.74e+02,6.92e+02,7.29e+02,8.00e+00,7.00e+00
1.42e+05,3.85e+02,7.00e+02,7.29e+02,8.00e+00,7.00e+00
1.42e+05,3.54e+02,6.97e+02,7.29e+02,8.00e+00,7.00e+00
1.43e+05,3.69e+02,7.05e+02,7.29e+02,8.00e+00,7.00e+00
1.43e+05,3.95e+02,6.96e+02,7.29e+02,8.00e+00,7.00e+00
1.44e+05,3.83e+02,6.89e+02,7.29e+02,8.00e+00,7.00e+00
1.45e+05,3.61e+02,6.91e+02,7.29e+02,8.00e+00,7.00e+00
1.45e+05,3.90e+02,6.93e+02,7.29e+02,8.00e+00,7.00e+00
1.46e+05,3.94e+02,6.90e+02,7.29e+02,8.00e+00,7.00e+00
1.46e+05,3.83e+02,6.94e+02,7.29e+02,8.00e+00,7.00e+00
1.47e+05,3.99e+02,7.10e+02,7.29e+02,8.00e+00,7.00e+00
1.47e+05,3.65e+02,7.07e+02,7.29e+02,8.00e+00,7.00e+00
1.48e+05,3.95e+02,6.85e+02,7.29e+02,8.00e+00,7.00e+00
1.49e+05,3.94e+02,6.87e+02,7.29e+02,8.00e+00,7.00e+00
1.49e+05,3.74e+02,6.89e+02,7.29e+02,8.00e+00,7.00e+00
1.50e+05,3.83e+02,7.21e+02,7.29e+02,8.00e+00,7.00e+00
1.50e+05,3.84e+02,7.09e+02,7.29e+02,8.00e+00,7.00e+00
1.51e+05,3.59e+02,7.16e+02,7.29e+02,8.00e+00,7.00e+00
1.51e+05,3.71e+02,7.13e+02,7.29e+02,8.00e+00,7.00e+00
1.52e+05,3.58e+02,7.12e+02,7.29e+02,8.00e+00,7.00e+00
1.53e+05,3.95e+02,7.08e+02,7.29e+02,8.00e+00,7.00e+00
1.53e+05,3.96e+02,7.21e+02,7.29e+02,8.00e+00,7.00e+00
1.54e+05,3.74e+02,7.07e+02,7.29e+02,8.00e+00,7.00e+00
1.54e+05,3.71e+02,7.12e+02,7.29e+02,8.00e+00,7.00e+00
1.55e+05,3.94e+02,7.14e+02,7.29e+02,8.00e+00,7.00e+00
1.56e+05,3.96e+02,6.97e+02,7.29e+02,8.00e+00,7.00e+00
1.56e+05,3.86e+02,6.87e+02,7.29e+02,8.00e+00,7.00e+00
1.57e+05,3.82e+02,6.93e+02,7.29e+02,8.00e+00,7.00e+00
1.57e+05,3.78e+02,6.97e+02,7.29e+02,8.00e+00,7.00e+00
1.58e+05,3.89e+02,7.01e+02,7.29e+02,8.00e+00,7.00e+00
1.58e+05,4.20e+02,6.93e+02,7.29e+02,8.00e+00,7.00e+00
1.59e+05,3.87e+02,6.94e+02,7.29e+02,8.00e+00,7.00e+00
1.60e+05,3.95e+02,6.90e+02,7.29e+02,8.00e+00,7.00e+00
1.60e+05,3.78e+02,6.99e+02,7.29e+02,8.00e+00,7.00e+00
1.61e+05,3.74e+02,7.04e+02,7.29e+02,8.00e+00,7.00e+00
1.61e+05,4.11e+02,7.05e+02,7.29e+02,8.00e+00,7.00e+00
1.62e+05,3.69e+02,6.93e+02,7.29e+02,8.00e+00,7.00e+00
1.62e+05,3.85e+02,6.94e+02,7.29e+02,8.00e+00,7.00e+00
1.63e+05,3.89e+02,6.99e+02,7.29e+02,8.00e+00,7.00e+00
1.64e+05,3.79e+02,6.95e+02,7.29e+02,8.00e+00,7.00e+00
1.64e+05,3.97e+02,6.88e+02,7.29e+02,8.00e+00,7.00e+00
1.65e+05,3.56e+02,7.02e+02,7.29e+02,8.00e+00,7.00e+00
1.65e+05,3.74e+02,7.08e+02,7.29e+02,8.00e+00,7.00e+00
1.66e+05,3.90e+02,6.94e+02,7.29e+02,8.00e+00,7.00e+00
1.66e+05,3.66e+02,6.96e+02,7.29e+02,8.00e+00,7.00e+00
1.67e+05,3.76e+02,6.95e+02,7.29e+02,8.00e+00,7.00e+00
1.68e+05,3.79e+02,7.05e+02,7.29e+02,8.00e+00,7.00e+00
1.68e+05,3.87e+02,6.90e+02,7.29e+02,8.00e+00,7.00e+00
1.69e+05,3.80e+02,6.94e+02,7.29e+02,8.00e+00,7.00e+00
1.69e+05,3.92e+02,6.95e+02,7.29e+02,8.00e+00,7.00e+00
1.70e+05,3.78e+02,6.93e+02,7.29e+02,8.00e+00,7.00e+00
1.70e+05,4.03e+02,7.02e+02,7.29e+02,8.00e+00,7.00e+00
1.71e+05,3.72e+02,6.94e+02,7.29e+02,8.00e+00,7.00e+00
1.72e+05,3.86e+02,6.98e+02,7.29e+02,8.00e+00,7.00e+00
1.72e+05,3.50e+02,7.07e+02,7.29e+02,8.00e+00,7.00e+00
1.73e+05,3.58e+02,7.00e+02,7.29e+02,8.00e+00,7.00e+00
1.73e+05,3.77e+02,6.97e+02,7.29e+02,8.00e+00,7.00e+00
1.74e+05,3.75e+02,7.00e+02,7.29e+02,8.00e+00,7.00e+00
1.75e+05,3.60e+02,7.02e+02,7.29e+02,8.00e+00,7.00e+00
1.75e+05,3.41e+02,6.98e+02,7.29e+02,8.00e+00,7.00e+00
1.76e+05,3.74e+02,6.99e+02,7.29e+02,8.00e+00,7.00e+00
1.76e+05,3.43e+02,6.98e+02,7.29e+02,8.00e+00,7.00e+00
1.77e+05,3.75e+02,7.02e+02,7.29e+02,8.00e+00,7.00e+00
1.77e+05,3.90e+02,7.01e+02,7.29e+02,8.00e+00,7.00e+00
1.78e+05,3.62e+02,6.98e+02,7.29e+02,8.00e+00,7.00e+00
1.79e+05,3.81e+02,6.99e+02,7.29e+02,8.00e+00,7.00e+00
1.79e+05,3.72e+02,6.98e+02,7.29e+02,8.00e+00,7.00e+00
1.80e+05,3.72e+02,7.00e+02,7.29e+02,8.00e+00,7.00e+00
1.80e+05,3.71e+02,7.20e+02,7.29e+02,8.00e+00,7.00e+00
1.81e+05,3.67e+02,6.97e+02,7.29e+02,8.00e+00,7.00e+00
1.81e+05,4.04e+02,7.02e+02,7.29e+02,8.00e+00,7.00e+00
1.82e+05,3.71e+02,6.99e+02,7.29e+02,8.00e+00,7.00e+00
1.83e+05,3.46e+02,7.02e+02,7.29e+02,8.00e+00,7.00e+00
1.83e+05,3.77e+02,6.97e+02,7.29e+02,8.00e+00,7.00e+00
1.84e+05,3.70e+02,6.97e+02,7.29e+02,8.00e+00,7.00e+00
1.84e+05,3.65e+02,6.98e+02,7.29e+02,8.00e+00,7.00e+00
1.85e+05,3.78e+02,6.98e+02,7.29e+02,8.00e+00,7.00e+00
1.85e+05,3.57e+02,6.94e+02,7.29e+02,8.00e+00,7.00e+00
1.86e+05,3.78e+02,6.98e+02,7.29e+02,8.00e+00,7.00e+00
1.87e+05,3.59e+02,7.04e+02,7.29e+02,8.00e+00,7.00e+00
1.87e+05,3.65e+02,6.96e+02,7.29e+02,8.00e+00,7.00e+00
1.88e+05,3.61e+02,6.96e+02,7.29e+02,8.00e+00,7.00e+00
1.88e+05,3.64e+02,6.96e+02,7.29e+02,8.00e+00,7.00e+00
1.89e+05,3.82e+02,6.94e+02,7.29e+02,8.00e+00,7.00e+00
1.90e+05,3.66e+02,6.94e+02,7.29e+02,8.00e+00,7.00e+00
1.90e+05,3.52e+02,6.97e+02,7.29e+02,8.00e+00,7.00e+00
1.91e+05,3.61e+02,6.95e+02,7.29e+02,8.00e+00,7.00e+00
1.91e+05,3.56e+02,6.92e+02,7.29e+02,8.00e+00,7.00e+00
1.92e+05,3.69e+02,7.23e+02,7.29e+02,8.00e+00,7.00e+00
1.92e+05,3.67e+02,6.89e+02,7.29e+02,8.00e+00,7.00e+00
1.93e+05,3.90e+02,6.97e+02,7.29e+02,8.00e+00,7.00e+00
1.94e+05,3.84e+02,6.99e+02,7.29e+02,8.00e+00,7.00e+00
1.94e+05,3.57e+02,7.02e+02,7.29e+02,8.00e+00,7.00e+00
1.95e+05,4.03e+02,6.95e+02,7.29e+02,8.00e+00,7.00e+00
1.95e+05,3.66e+02,6.93e+02,7.29e+02,8.00e+00,7.00e+00
1.96e+05,3.76e+02,6.92e+02,7.29e+02,8.00e+00,7.00e+00
1.96e+05,3.87e+02,6.95e+02,7.29e+02,8.00e+00,7.00e+00
1.97e+05,3.54e+02,6.93e+02,7.29e+02,8.00e+00,7.00e+00
1.98e+05,3.87e+02,6.98e+02,7.29e+02,8.00e+00,7.00e+00
1.98e+05,3.72e+02,6.95e+02,7.29e+02,8.00e+00,7.00e+00
1.99e+05,3.75e+02,7.01e+02,7.29e+02,8.00e+00,7.00e+00
1.99e+05,3.53e+02,6.98e+02,7.29e+02,8.00e+00,7.00e+00
2.00e+05,3.87e+02,7.20e+02,7.29e+02,8.00e+00,7.00e+00
2.00e+05,3.73e+02,6.93e+02,7.29e+02,8.00e+00,7.00e+00
2.01e+05,3.83e+02,6.91e+02,7.29e+02,8.00e+00,7.00e+00
2.02e+05,3.47e+02,6.99e+02,7.29e+02,8.00e+00,7.00e+00
2.02e+05,3.64e+02,7.01e+02,7.29e+02,8.00e+00,7.00e+00
2.03e+05,3.67e+02,7.04e+02,7.29e+02,8.00e+00,7.00e+00
2.03e+05,3.45e+02,7.10e+02,7.29e+02,8.00e+00,7.00e+00
2.04e+05,3.42e+02,7.10e+02,7.29e+02,8.00e+00,7.00e+00
2.04e+05,3.48e+02,7.16e+02,7.29e+02,8.00e+00,7.00e+00
2.05e+05,3.68e+02,7.11e+02,7.29e+02,8.00e+00,7.00e+00
2.06e+05,3.73e+02,7.01e+02,7.29e+02,8.00e+00,7.00e+00
2.06e+05,3.74e+02,6.98e+02,7.29e+02,8.00e+00,7.00e+00
2.07e+05,3.77e+02,6.94e+02,7.29e+02,8.00e+00,7.00e+00
2.07e+05,3.83e+02,7.00e+02,7.29e+02,8.00e+00,7.00e+00
2.08e+05,3.90e+02,6.93e+02,7.29e+02,8.00e+00,7.00e+00
2.09e+05,3.78e+02,6.93e+02,7.29e+02,8.00e+00,7.00e+00
2.09e+05,3.98e+02,7.01e+02,7.29e+02,8.00e+00,7.00e+00
2.10e+05,3.87e+02,7.07e+02,7.29e+02,8.00e+00,7.00e+00
2.10e+05,3.85e+02,7.02e+02,7.29e+02,8.00e+00,7.00e+00
2.11e+05,3.97e+02,6.99e+02,7.29e+02,8.00e+00,7.00e+00
2.11e+05,3.95e+02,7.02e+02,7.29e+02,8.00e+00,7.00e+00
2.12e+05,3.83e+02,7.21e+02,7.29e+02,8.00e+00,7.00e+00
2.13e+05,3.99e+02,7.06e+02,7.29e+02,8.00e+00,7.00e+00
2.13e+05,3.87e+02,6.99e+02,7.29e+02,8.00e+00,7.00e+00
2.14e+05,3.75e+02,6.98e+02,7.29e+02,8.00e+00,7.00e+00
2.14e+05,3.76e+02,7.02e+02,7.29e+02,8.00e+00,7.00e+00
2.15e+05,3.71e+02,6.98e+02,7.29e+02,8.00e+00,7.00e+00
2.15e+05,3.91e+02,6.99e+02,7.29e+02,8.00e+00,7.00e+00
2.16e+05,3.74e+02,7.01e+02,7.29e+02,8.00e+00,7.00e+00
2.17e+05,3.75e+02,7.02e+02,7.29e+02,8.00e+00,7.00e+00
2.17e+05,3.81e+02,7.03e+02,7.29e+02,8.00e+00,7.00e+00
2.18e+05,3.75e+02,7.03e+02,7.29e+02,8.00e+00,7.00e+00
2.18e+05,3.72e+02,6.97e+02,7.29e+02,8.00e+00,7.00e+00
2.19e+05,4.00e+02,7.16e+02,7.29e+02,8.00e+00,7.00e+00
2.19e+05,3.74e+02,7.13e+02,7.29e+02,8.00e+00,7.00e+00
2.20e+05,3.98e+02,7.07e+02,7.29e+02,8.00e+00,7.00e+00
2.21e+05,3.76e+02,7.10e+02,7.29e+02,8.00e+00,7.00e+00
2.21e+05,3.89e+02,7.01e+02,7.29e+02,8.00e+00,7.00e+00
2.22e+05,3.75e+02,7.09e+02,7.29e+02,8.00e+00,7.00e+00
2.22e+05,3.57e+02,6.97e+02,7.29e+02,8.00e+00,7.00e+00
2.23e+05,3.84e+02,7.01e+02,7.29e+02,8.00e+00,7.00e+00
2.23e+05,3.47e+02,6.93e+02,7.29e+02,8.00e+00,7.00e+00
2.24e+05,3.77e+02,6.97e+02,7.29e+02,8.00e+00,7.00e+00
2.25e+05,3.86e+02,6.97e+02,7.29e+02,8.00e+00,7.00e+00
2.25e+05,3.62e+02,6.97e+02,7.29e+02,8.00e+00,7.00e+00
2.26e+05,3.57e+02,6.94e+02,7.29e+02,8.00e+00,7.00e+00
2.26e+05,3.82e+02,6.97e+02,7.29e+02,8.00e+00,7.00e+00
2.27e+05,4.01e+02,7.16e+02,7.29e+02,8.00e+00,7.00e+00
2.28e+05,3.78e+02,7.20e+02,7.29e+02,8.00e+00,7.00e+00
2.28e+05,3.69e+02,6.97e+02,7.29e+02,8.00e+00,7.00e+00
2.29e+05,3.80e+02,7.16e+02,7.29e+02,8.00e+00,7.00e+00
2.29e+05,3.39e+02,6.95e+02,7.29e+02,8.00e+00,7.00e+00
2.30e+05,3.76e+02,6.97e+02,7.29e+02,8.00e+00,7.00e+00
2.30e+05,3.86e+02,6.98e+02,7.29e+02,8.00e+00,7.00e+00
2.31e+05,3.91e+02,7.02e+02,7.29e+02,8.00e+00,7.00e+00
2.32e+05,3.66e+02,7.02e+02,7.29e+02,8.00e+00,7.00e+00
2.32e+05,3.11e+02,6.96e+02,7.29e+02,8.00e+00,7.00e+00
2.33e+05,3.61e+02,7.06e+02,7.29e+02,8.00e+00,7.00e+00
2.33e+05,3.88e+02,6.99e+02,7.29e+02,8.00e+00,7.00e+00
2.34e+05,3.67e+02,6.97e+02,7.29e+02,8.00e+00,7.00e+00
2.34e+05,3.78e+02,6.79e+02,7.29e+02,8.00e+00,7.00e+00
2.35e+05,3.65e+02,6.82e+02,7.29e+02,8.00e+00,7.00e+00
2.36e+05,3.57e+02,6.86e+02,7.29e+02,8.00e+00,7.00e+00
2.36e+05,3.71e+02,6.96e+02,7.29e+02,8.00e+00,7.00e+00
2.37e+05,3.64e+02,6.97e+02,7.29e+02,8.00e+00,7.00e+00
2.37e+05,3.55e+02,7.16e+02,7.29e+02,8.00e+00,7.00e+00
2.38e+05,3.56e+02,7.14e+02,7.29e+02,8.00e+00,7.00e+00
2.38e+05,3.75e+02,7.12e+02,7.29e+02,8.00e+00,7.00e+00
2.39e+05,3.61e+02,6.87e+02,7.29e+02,8.00e+00,7.00e+00
2.40e+05,3.52e+02,7.09e+02,7.29e+02,8.00e+00,7.00e+00
2.40e+05,3.47e+02,6.94e+02,7.29e+02,8.00e+00,7.00e+00
2.41e+05,3.61e+02,6.89e+02,7.29e+02,8.00e+00,7.00e+00
2.41e+05,3.37e+02,6.82e+02,7.29e+02,8.00e+00,7.00e+00
2.42e+05,3.69e+02,6.91e+02,7.29e+02,8.00e+00,7.00e+00
2.42e+05,3.67e+02,6.95e+02,7.29e+02,8.00e+00,7.00e+00
2.43e+05,3.49e+02,6.99e+02,7.29e+02,8.00e+00,7.00e+00
2.44e+05,3.67e+02,6.97e+02,7.29e+02,8.00e+00,7.00e+00
2.44e+05,3.84e+02,7.14e+02,7.29e+02,8.00e+00,7.00e+00
2.45e+05,3.42e+02,7.11e+02,7.29e+02,8.00e+00,7.00e+00
2.45e+05,3.66e+02,7.18e+02,7.29e+02,8.00e+00,7.00e+00
2.46e+05,3.58e+02,7.13e+02,7.29e+02,8.00e+00,7.00e+00
2.47e+05,3.63e+02,7.12e+02,7.29e+02,8.00e+00,7.00e+00
2.47e+05,3.82e+02,7.03e+02,7.29e+02,8.00e+00,7.00e+00
2.48e+05,3.57e+02,6.92e+02,7.29e+02,8.00e+00,7.00e+00
2.48e+05,3.85e+02,7.01e+02,7.29e+02,8.00e+00,7.00e+00
2.49e+05,3.62e+02,6.84e+02,7.29e+02,8.00e+00,7.00e+00
2.49e+05,3.64e+02,6.88e+02,7.29e+02,8.00e+00,7.00e+00
2.50e+05,3.58e+02,6.87e+02,7.29e+02,8.00e+00,7.00e+00
2.51e+05,3.78e+02,7.01e+02,7.29e+02,8.00e+00,7.00e+00
2.51e+05,3.81e+02,7.01e+02,7.29e+02,8.00e+00,7.00e+00
2.52e+05,3.71e+02,6.98e+02,7.29e+02,8.00e+00,7.00e+00
2.52e+05,3.69e+02,7.16e+02,7.29e+02,8.00e+00,7.00e+00
2.53e+05,3.86e+02,7.01e+02,7.29e+02,8.00e+00,7.00e+00
2.53e+05,3.54e+02,6.96e+02,7.29e+02,8.00e+00,7.00e+00
2.54e+05,3.82e+02,6.90e+02,7.29e+02,8.00e+00,7.00e+00
2.55e+05,3.67e+02,6.91e+02,7.29e+02,8.00e+00,7.00e+00
2.55e+05,3.75e+02,7.10e+02,7.29e+02,8.00e+00,7.00e+00
2.56e+05,3.93e+02,7.05e+02,7.29e+02,8.00e+00,7.00e+00
2.56e+05,3.76e+02,6.88e+02,7.29e+02,8.00e+00,7.00e+00
2.57e+05,3.83e+02,6.80e+02,7.29e+02,8.00e+00,7.00e+00
2.57e+05,3.58e+02,6.99e+02,7.29e+02,8.00e+00,7.00e+00
2.58e+05,3.74e+02,7.00e+02,7.29e+02,8.00e+00,7.00e+00
2.59e+05,3.79e+02,7.00e+02,7.29e+02,8.00e+00,7.00e+00
2.59e+05,3.74e+02,7.00e+02,7.29e+02,8.00e+00,7.00e+00
2.60e+05,3.73e+02,6.98e+02,7.29e+02,8.00e+00,7.00e+00
2.60e+05,3.86e+02,7.02e+02,7.29e+02,8.00e+00,7.00e+00
2.61e+05,3.85e+02,6.95e+02,7.29e+02,8.00e+00,7.00e+00
2.62e+05,3.78e+02,6.96e+02,7.29e+02,8.00e+00,7.00e+00
2.62e+05,3.96e+02,6.98e+02,7.29e+02,8.00e+00,7.00e+00
2.63e+05,3.93e+02,7.01e+02,7.29e+02,8.00e+00,7.00e+00
2.63e+05,3.77e+02,6.99e+02,7.29e+02,8.00e+00,7.00e+00
2.64e+05,3.72e+02,6.96e+02,7.29e+02,8.00e+00,7.00e+00
2.64e+05,3.80e+02,7.00e+02,7.29e+02,8.00e+00,7.00e+00
2.65e+05,3.74e+02,6.95e+02,7.29e+02,8.00e+00,7.00e+00
2.66e+05,3.94e+02,6.98e+02,7.29e+02,8.00e+00,7.00e+00
2.66e+05,3.61e+02,6.92e+02,7.29e+02,8.00e+00,7.00e+00
2.67e+05,3.71e+02,6.97e+02,7.29e+02,8.00e+00,7.00e+00
2.67e+05,3.94e+02,6.91e+02,7.29e+02,8.00e+00,7.00e+00
2.68e+05,3.64e+02,6.90e+02,7.29e+02,8.00e+00,7.00e+00
2.68e+05,3.74e+02,6.95e+02,7.29e+02,8.00e+00,7.00e+00
2.69e+05,3.71e+02,7.06e+02,7.29e+02,8.00e+00,7.00e+00
2.70e+05,3.72e+02,6.95e+02,7.29e+02,8.00e+00,7.00e+00
2.70e+05,3.96e+02,6.94e+02,7.29e+02,8.00e+00,7.00e+00
2.71e+05,3.88e+02,6.95e+02,7.29e+02,8.00e+00,7.00e+00
2.71e+05,3.77e+02,6.97e+02,7.29e+02,8.00e+00,7.00e+00
2.72e+05,3.61e+02,6.91e+02,7.29e+02,8.00e+00,7.00e+00
2.72e+05,3.78e+02,6.88e+02,7.29e+02,8.00e+00,7.00e+00
2.73e+05,3.70e+02,7.12e+02,7.29e+02,8.00e+00,7.00e+00
2.74e+05,3.93e+02,6.96e+02,7.29e+02,8.00e+00,7.00e+00
2.74e+05,3.81e+02,6.92e+02,7.29e+02,8.00e+00,7.00e+00
2.75e+05,3.89e+02,6.93e+02,7.29e+02,8.00e+00,7.00e+00
2.75e+05,3.74e+02,6.93e+02,7.29e+02,8.00e+00,7.00e+00
2.76e+05,3.85e+02,6.87e+02,7.29e+02,8.00e+00,7.00e+00
2.76e+05,3.74e+02,6.95e+02,7.29e+02,8.00e+00,7.00e+00
2.77e+05,3.84e+02,6.96e+02,7.29e+02,8.00e+00,7.00e+00
2.78e+05,3.82e+02,6.90e+02,7.29e+02,8.00e+00,7.00e+00
2.78e+05,3.89e+02,6.99e+02,7.29e+02,8.00e+00,7.00e+00
2.79e+05,3.73e+02,6.98e+02,7.29e+02,8.00e+00,7.00e+00
2.79e+05,3.87e+02,6.99e+02,7.29e+02,8.00e+00,7.00e+00
2.80e+05,3.92e+02,7.00e+02,7.29e+02,8.00e+00,7.00e+00
2.81e+05,3.72e+02,7.31e+02,7.31e+02,8.00e+00,7.00e+00
2.81e+05,3.80e+02,7.24e+02,7.31e+02,8.00e+00,7.00e+00
2.82e+05,3.68e+02,6.97e+02,7.31e+02,8.00e+00,7.00e+00
2.82e+05,3.93e+02,7.03e+02,7.31e+02,8.00e+00,7.00e+00
2.83e+05,3.67e+02,7.07e+02,7.31e+02,8.00e+00,7.00e+00
2.83e+05,3.94e+02,7.00e+02,7.31e+02,8.00e+00,7.00e+00
2.84e+05,3.70e+02,6.97e+02,7.31e+02,8.00e+00,7.00e+00
2.85e+05,3.70e+02,6.98e+02,7.31e+02,8.00e+00,7.00e+00
2.85e+05,3.72e+02,7.00e+02,7.31e+02,8.00e+00,7.00e+00
2.86e+05,3.61e+02,7.02e+02,7.31e+02,8.00e+00,7.00e+00
2.86e+05,3.86e+02,7.02e+02,7.31e+02,8.00e+00,7.00e+00
2.87e+05,3.68e+02,7.00e+02,7.31e+02,8.00e+00,7.00e+00
2.87e+05,3.97e+02,6.97e+02,7.31e+02,8.00e+00,7.00e+00
2.88e+05,3.84e+02,6.95e+02,7.31e+02,8.00e+00,7.00e+00
2.89e+05,3.79e+02,6.96e+02,7.31e+02,8.00e+00,7.00e+00
2.89e+05,3.66e+02,6.93e+02,7.31e+02,8.00e+00,7.00e+00
2.90e+05,3.97e+02,7.10e+02,7.31e+02,8.00e+00,7.00e+00
2.90e+05,3.69e+02,6.94e+02,7.31e+02,8.00e+00,7.00e+00
2.91e+05,3.60e+02,7.01e+02,7.31e+02,8.00e+00,7.00e+00
2.91e+05,3.69e+02,6.96e+02,7.31e+02,8.00e+00,7.00e+00
2.92e+05,3.75e+02,6.99e+02,7.31e+02,8.00e+00,7.00e+00
2.93e+05,3.32e+02,6.93e+02,7.31e+02,8.00e+00,7.00e+00
2.93e+05,3.68e+02,6.94e+02,7.31e+02,8.00e+00,7.00e+00
2.94e+05,3.75e+02,6.99e+02,7.31e+02,8.00e+00,7.00e+00
2.94e+05,3.88e+02,6.93e+02,7.31e+02,8.00e+00,7.00e+00
2.95e+05,3.80e+02,6.94e+02,7.31e+02,8.00e+00,7.00e+00
2.95e+05,3.65e+02,7.01e+02,7.31e+02,8.00e+00,7.00e+00
2.96e+05,3.79e+02,7.20e+02,7.31e+02,8.00e+00,7.00e+00
2.97e+05,3.79e+02,7.21e+02,7.31e+02,8.00e+00,7.00e+00
2.97e+05,3.88e+02,7.15e+02,7.31e+02,8.00e+00,7.00e+00
2.98e+05,3.62e+02,6.94e+02,7.31e+02,8.00e+00,7.00e+00
2.98e+05,3.84e+02,7.00e+02,7.31e+02,8.00e+00,7.00e+00
2.99e+05,3.72e+02,6.98e+02,7.31e+02,8.00e+00,7.00e+00
3.00e+05,3.75e+02,6.97e+02,7.31e+02,8.00e+00,7.00e+00
3.00e+05,3.48e+02,6.96e+02,7.31e+02,8.00e+00,7.00e+00
3.01e+05,3.73e+02,6.95e+02,7.31e+02,8.00e+00,7.00e+00
3.01e+05,3.76e+02,7.08e+02,7.31e+02,8.00e+00,7.00e+00
3.02e+05,3.82e+02,6.99e+02,7.31e+02,8.00e+00,7.00e+00
3.02e+05,3.63e+02,6.92e+02,7.31e+02,8.00e+00,7.00e+00
3.03e+05,3.67e+02,7.12e+02,7.31e+02,8.00e+00,7.00e+00
3.04e+05,3.55e+02,7.15e+02,7.31e+02,8.00e+00,7.00e+00
3.04e+05,3.65e+02,7.09e+02,7.31e+02,8.00e+00,7.00e+00
3.05e+05,3.81e+02,7.06e+02,7.31e+02,8.00e+00,7.00e+00
3.05e+05,3.96e+02,7.10e+02,7.31e+02,8.00e+00,7.00e+00
3.06e+05,3.65e+02,7.02e+02,7.31e+02,8.00e+00,7.00e+00
3.06e+05,3.70e+02,7.10e+02,7.31e+02,8.00e+00,7.00e+00
3.07e+05,3.68e+02,7.08e+02,7.31e+02,8.00e+00,7.00e+00
3.08e+05,3.82e+02,7.06e+02,7.31e+02,8.00e+00,7.00e+00
3.08e+05,3.61e+02,7.05e+02,7.31e+02,8.00e+00,7.00e+00
3.09e+05,3.62e+02,6.94e+02,7.31e+02,8.00e+00,7.00e+00
3.09e+05,3.79e+02,6.93e+02,7.31e+02,8.00e+00,7.00e+00
3.10e+05,3.65e+02,6.92e+02,7.31e+02,8.00e+00,7.00e+00
3.10e+05,3.75e+02,6.90e+02,7.31e+02,8.00e+00,7.00e+00
3.11e+05,3.97e+02,6.88e+02,7.31e+02,8.00e+00,7.00e+00
3.12e+05,3.80e+02,6.89e+02,7.31e+02,8.00e+00,7.00e+00
3.12e+05,3.85e+02,6.87e+02,7.31e+02,8.00e+00,7.00e+00
3.13e+05,3.68e+02,6.90e+02,7.31e+02,8.00e+00,7.00e+00
3.13e+05,3.85e+02,6.98e+02,7.31e+02,8.00e+00,7.00e+00
3.14e+05,3.81e+02,6.97e+02,7.31e+02,8.00e+00,7.00e+00
3.14e+05,3.79e+02,6.95e+02,7.31e+02,8.00e+00,7.00e+00
3.15e+05,3.78e+02,6.98e+02,7.31e+02,8.00e+00,7.00e+00
3.16e+05,4.08e+02,6.93e+02,7.31e+02,8.00e+00,7.00e+00
3.16e+05,3.75e+02,7.01e+02,7.31e+02,8.00e+00,7.00e+00
3.17e+05,3.49e+02,6.91e+02,7.31e+02,8.00e+00,7.00e+00
3.17e+05,3.68e+02,6.90e+02,7.31e+02,8.00e+00,7.00e+00
3.18e+05,3.81e+02,6.91e+02,7.31e+02,8.00e+00,7.00e+00
3.19e+05,3.85e+02,6.93e+02,7.31e+02,8.00e+00,7.00e+00
3.19e+05,3.84e+02,6.91e+02,7.31e+02,8.00e+00,7.00e+00
3.20e+05,3.51e+02,6.99e+02,7.31e+02,8.00e+00,7.00e+00
3.20e+05,3.90e+02,6.85e+02,7.31e+02,8.00e+00,7.00e+00
3.21e+05,3.68e+02,6.89e+02,7.31e+02,8.00e+00,7.00e+00
3.21e+05,3.56e+02,6.96e+02,7.31e+02,8.00e+00,7.00e+00
3.22e+05,3.82e+02,7.00e+02,7.31e+02,8.00e+00,7.00e+00
3.23e+05,3.56e+02,6.95e+02,7.31e+02,8.00e+00,7.00e+00
3.23e+05,3.67e+02,6.94e+02,7.31e+02,8.00e+00,7.00e+00
3.24e+05,3.74e+02,6.96e+02,7.31e+02,8.00e+00,7.00e+00
3.24e+05,3.67e+02,6.92e+02,7.31e+02,8.00e+00,7.00e+00
3.25e+05,3.81e+02,6.98e+02,7.31e+02,8.00e+00,7.00e+00
3.25e+05,3.57e+02,6.97e+02,7.31e+02,8.00e+00,7.00e+00
3.26e+05,4.03e+02,7.00e+02,7.31e+02,8.00e+00,7.00e+00
3.27e+05,3.92e+02,7.07e+02,7.31e+02,8.00e+00,7.00e+00
3.27e+05,3.85e+02,6.91e+02,7.31e+02,8.00e+00,7.00e+00
3.28e+05,3.95e+02,7.18e+02,7.31e+02,8.00e+00,7.00e+00
3.28e+05,3.67e+02,7.17e+02,7.31e+02,8.00e+00,7.00e+00
3.29e+05,3.88e+02,6.95e+02,7.31e+02,8.00e+00,7.00e+00
3.29e+05,4.06e+02,6.93e+02,7.31e+02,8.00e+00,7.00e+00
3.30e+05,3.92e+02,6.92e+02,7.31e+02,8.00e+00,7.00e+00
3.31e+05,3.95e+02,6.90e+02,7.31e+02,8.00e+00,7.00e+00
3.31e+05,3.82e+02,6.95e+02,7.31e+02,8.00e+00,7.00e+00
3.32e+05,3.83e+02,7.09e+02,7.31e+02,8.00e+00,7.00e+00
3.32e+05,3.54e+02,7.14e+02,7.31e+02,8.00e+00,7.00e+00
3.33e+05,3.71e+02,7.06e+02,7.31e+02,8.00e+00,7.00e+00
3.34e+05,3.73e+02,7.00e+02,7.31e+02,8.00e+00,7.00e+00
3.34e+05,3.85e+02,7.12e+02,7.31e+02,8.00e+00,7.00e+00
3.35e+05,3.87e+02,7.02e+02,7.31e+02,8.00e+00,7.00e+00
3.35e+05,3.59e+02,7.03e+02,7.31e+02,8.00e+00,7.00e+00
3.36e+05,3.84e+02,7.06e+02,7.31e+02,8.00e+00,7.00e+00
3.36e+05,3.76e+02,7.04e+02,7.31e+02,8.00e+00,7.00e+00
3.37e+05,3.79e+02,7.03e+02,7.31e+02,8.00e+00,7.00e+00
3.38e+05,3.85e+02,7.04e+02,7.31e+02,8.00e+00,7.00e+00
3.38e+05,3.83e+02,7.07e+02,7.31e+02,8.00e+00,7.00e+00
3.39e+05,4.21e+02,7.02e+02,7.31e+02,8.00e+00,7.00e+00
3.39e+05,3.71e+02,6.89e+02,7.31e+02,8.00e+00,7.00e+00
3.40e+05,4.02e+02,6.94e+02,7.31e+02,8.00e+00,7.00e+00
3.40e+05,3.83e+02,6.92e+02,7.31e+02,8.00e+00,7.00e+00
3.41e+05,3.58e+02,6.94e+02,7.31e+02,8.00e+00,7.00e+00
3.42e+05,3.81e+02,6.95e+02,7.31e+02,8.00e+00,7.00e+00
3.42e+05,3.76e+02,6.92e+02,7.31e+02,8.00e+00,7.00e+00
3.43e+05,3.73e+02,6.91e+02,7.31e+02,8.00e+00,7.00e+00
3.43e+05,3.73e+02,7.00e+02,7.31e+02,8.00e+00,7.00e+00
3.44e+05,3.80e+02,7.06e+02,7.31e+02,8.00e+00,7.00e+00
3.44e+05,3.96e+02,7.09e+02,7.31e+02,8.00e+00,7.00e+00
3.45e+05,3.83e+02,7.12e+02,7.31e+02,8.00e+00,7.00e+00
3.46e+05,3.78e+02,7.03e+02,7.31e+02,8.00e+00,7.00e+00
3.46e+05,3.61e+02,6.95e+02,7.31e+02,8.00e+00,7.00e+00
3.47e+05,3.86e+02,6.99e+02,7.31e+02,8.00e+00,7.00e+00
3.47e+05,4.08e+02,6.98e+02,7.31e+02,8.00e+00,7.00e+00
3.48e+05,3.66e+02,6.98e+02,7.31e+02,8.00e+00,7.00e+00
3.48e+05,3.91e+02,6.96e+02,7.31e+02,8.00e+00,7.00e+00
3.49e+05,4.04e+02,7.05e+02,7.31e+02,8.00e+00,7.00e+00
3.50e+05,3.92e+02,6.98e+02,7.31e+02,8.00e+00,7.00e+00
3.50e+05,3.68e+02,6.95e+02,7.31e+02,8.00e+00,7.00e+00
3.51e+05,3.74e+02,6.93e+02,7.31e+02,8.00e+00,7.00e+00
3.51e+05,3.72e+02,6.99e+02,7.31e+02,8.00e+00,7.00e+00
3.52e+05,3.58e+02,7.00e+02,7.31e+02,8.00e+00,7.00e+00
3.53e+05,3.82e+02,6.99e+02,7.31e+02,8.00e+00,7.00e+00
3.53e+05,3.76e+02,7.06e+02,7.31e+02,8.00e+00,7.00e+00
3.54e+05,3.41e+02,7.05e+02,7.31e+02,8.00e+00,7.00e+00
3.54e+05,3.77e+02,6.97e+02,7.31e+02,8.00e+00,7.00e+00
3.55e+05,3.72e+02,6.96e+02,7.31e+02,8.00e+00,7.00e+00
3.55e+05,3.78e+02,7.02e+02,7.31e+02,8.00e+00,7.00e+00
3.56e+05,3.63e+02,7.16e+02,7.31e+02,8.00e+00,7.00e+00
3.57e+05,3.64e+02,6.95e+02,7.31e+02,8.00e+00,7.00e+00
3.57e+05,3.79e+02,7.07e+02,7.31e+02,8.00e+00,7.00e+00
3.58e+05,3.56e+02,6.95e+02,7.31e+02,8.00e+00,7.00e+00
3.58e+05,3.52e+02,7.03e+02,7.31e+02,8.00e+00,7.00e+00
3.59e+05,3.79e+02,7.01e+02,7.31e+02,8.00e+00,7.00e+00
3.59e+05,3.63e+02,6.95e+02,7.31e+02,8.00e+00,7.00e+00
3.60e+05,3.67e+02,6.96e+02,7.31e+02,8.00e+00,7.00e+00
3.61e+05,3.69e+02,7.07e+02,7.31e+02,8.00e+00,7.00e+00
3.61e+05,3.40e+02,6.93e+02,7.31e+02,8.00e+00,7.00e+00
3.62e+05,3.53e+02,7.12e+02,7.31e+02,8.00e+00,7.00e+00
3.62e+05,3.74e+02,7.03e+02,7.31e+02,8.00e+00,7.00e+00
3.63e+05,3.42e+02,7.03e+02,7.31e+02,8.00e+00,7.00e+00
3.63e+05,3.75e+02,7.08e+02,7.31e+02,8.00e+00,7.00e+00
3.64e+05,3.62e+02,7.22e+02,7.31e+02,8.00e+00,7.00e+00
3.65e+05,3.54e+02,7.05e+02,7.31e+02,8.00e+00,7.00e+00
3.65e+05,3.34e+02,7.01e+02,7.31e+02,8.00e+00,7.00e+00
3.66e+05,3.46e+02,6.98e+02,7.31e+02,8.00e+00,7.00e+00
3.66e+05,3.59e+02,7.02e+02,7.31e+02,8.00e+00,7.00e+00
3.67e+05,3.50e+02,6.96e+02,7.31e+02,8.00e+00,7.00e+00
3.67e+05,3.75e+02,6.97e+02,7.31e+02,8.00e+00,7.00e+00
3.68e+05,3.75e+02,6.94e+02,7.31e+02,8.00e+00,7.00e+00
3.69e+05,3.68e+02,6.98e+02,7.31e+02,8.00e+00,7.00e+00
3.69e+05,3.63e+02,6.95e+02,7.31e+02,8.00e+00,7.00e+00
3.70e+05,3.52e+02,6.97e+02,7.31e+02,8.00e+00,7.00e+00
3.70e+05,3.91e+02,6.98e+02,7.31e+02,8.00e+00,7.00e+00
3.71e+05,3.43e+02,6.96e+02,7.31e+02,8.00e+00,7.00e+00
3.72e+05,3.67e+02,6.96e+02,7.31e+02,8.00e+00,7.00e+00
3.72e+05,3.49e+02,6.95e+02,7.31e+02,8.00e+00,7.00e+00
3.73e+05,3.53e+02,6.95e+02,7.31e+02,8.00e+00,7.00e+00
3.73e+05,3.57e+02,6.94e+02,7.31e+02,8.00e+00,7.00e+00
3.74e+05,3.72e+02,6.98e+02,7.31e+02,8.00e+00,7.00e+00
3.74e+05,3.76e+02,7.01e+02,7.31e+02,8.00e+00,7.00e+00
3.75e+05,3.92e+02,6.94e+02,7.31e+02,8.00e+00,7.00e+00
3.76e+05,3.80e+02,6.93e+02,7.31e+02,8.00e+00,7.00e+00
3.76e+05,3.64e+02,6.95e+02,7.31e+02,8.00e+00,7.00e+00
3.77e+05,3.59e+02,7.21e+02,7.31e+02,8.00e+00,8.00e+00
3.77e+05,3.66e+02,6.96e+02,7.31e+02,8.00e+00,7.00e+00
3.78e+05,3.67e+02,6.95e+02,7.31e+02,8.00e+00,7.00e+00
3.78e+05,3.86e+02,7.10e+02,7.31e+02,8.00e+00,8.00e+00
3.79e+05,3.74e+02,6.95e+02,7.31e+02,7.00e+00,6.00e+00
3.80e+05,3.73e+02,6.96e+02,7.31e+02,8.00e+00,7.00e+00
3.80e+05,3.97e+02,7.01e+02,7.31e+02,8.00e+00,7.00e+00
3.81e+05,3.73e+02,7.02e+02,7.31e+02,8.00e+00,8.00e+00
3.81e+05,3.84e+02,6.95e+02,7.31e+02,8.00e+00,8.00e+00
3.82e+05,3.69e+02,7.02e+02,7.31e+02,7.50e+00,6.50e+00
3.82e+05,3.93e+02,7.00e+02,7.31e+02,8.00e+00,8.00e+00
3.83e+05,4.05e+02,7.05e+02,7.31e+02,8.00e+00,8.00e+00
3.84e+05,3.76e+02,7.09e+02,7.31e+02,8.00e+00,7.00e+00
3.84e+05,3.85e+02,7.00e+02,7.31e+02,8.00e+00,8.00e+00
3.85e+05,4.06e+02,6.99e+02,7.31e+02,8.00e+00,8.00e+00
3.85e+05,3.88e+02,6.99e+02,7.31e+02,8.00e+00,8.00e+00
3.86e+05,3.79e+02,6.95e+02,7.31e+02,8.00e+00,8.00e+00
3.86e+05,3.69e+02,6.93e+02,7.31e+02,8.00e+00,7.00e+00
3.87e+05,3.84e+02,7.13e+02,7.31e+02,7.00e+00,6.00e+00
3.88e+05,3.82e+02,6.97e+02,7.31e+02,8.00e+00,8.00e+00
3.88e+05,3.99e+02,6.98e+02,7.31e+02,8.00e+00,8.00e+00
3.89e+05,3.99e+02,7.01e+02,7.31e+02,7.00e+00,6.00e+00
3.89e+05,3.77e+02,6.95e+02,7.31e+02,8.00e+00,7.00e+00
3.90e+05,3.86e+02,7.03e+02,7.31e+02,8.00e+00,8.00e+00
3.91e+05,3.72e+02,6.99e+02,7.31e+02,8.00e+00,8.00e+00
3.91e+05,3.42e+02,7.01e+02,7.31e+02,8.00e+00,7.00e+00
3.92e+05,3.66e+02,7.02e+02,7.31e+02,8.00e+00,7.00e+00
3.92e+05,3.66e+02,7.08e+02,7.31e+02,7.00e+00,6.00e+00
3.93e+05,3.70e+02,6.96e+02,7.31e+02,7.50e+00,6.50e+00
3.93e+05,3.86e+02,6.97e+02,7.31e+02,8.00e+00,7.50e+00
3.94e+05,3.81e+02,6.96e+02,7.31e+02,8.00e+00,7.00e+00
3.95e+05,3.71e+02,6.97e+02,7.31e+02,8.00e+00,7.00e+00
3.95e+05,3.90e+02,6.97e+02,7.31e+02,8.00e+00,7.00e+00
3.96e+05,3.81e+02,6.96e+02,7.31e+02,8.00e+00,7.00e+00
3.96e+05,3.66e+02,6.95e+02,7.31e+02,8.00e+00,7.00e+00
3.97e+05,3.77e+02,6.98e+02,7.31e+02,8.00e+00,7.00e+00
3.97e+05,3.80e+02,6.96e+02,7.31e+02,8.00e+00,7.00e+00
3.98e+05,3.73e+02,6.99e+02,7.31e+02,8.00e+00,7.00e+00
3.99e+05,3.91e+02,6.96e+02,7.31e+02,8.00e+00,7.00e+00
3.99e+05,3.81e+02,6.97e+02,7.31e+02,8.00e+00,7.00e+00
4.00e+05,3.74e+02,6.89e+02,7.31e+02,8.00e+00,7.50e+00
4.00e+05,3.67e+02,6.94e+02,7.31e+02,7.00e+00,6.00e+00
4.01e+05,3.73e+02,6.97e+02,7.31e+02,8.00e+00,8.00e+00
4.01e+05,4.01e+02,6.93e+02,7.31e+02,8.00e+00,8.00e+00
4.02e+05,3.91e+02,7.01e+02,7.31e+02,8.00e+00,7.00e+00
4.03e+05,3.76e+02,7.21e+02,7.31e+02,8.00e+00,7.00e+00
4.03e+05,3.66e+02,6.92e+02,7.31e+02,8.00e+00,8.00e+00
4.04e+05,3.66e+02,6.98e+02,7.31e+02,8.00e+00,8.00e+00
4.04e+05,3.65e+02,6.92e+02,7.31e+02,7.00e+00,6.00e+00
4.05e+05,3.88e+02,6.94e+02,7.31e+02,7.00e+00,6.00e+00
4.06e+05,3.77e+02,6.94e+02,7.31e+02,7.00e+00,6.00e+00
4.06e+05,3.82e+02,6.95e+02,7.31e+02,8.00e+00,7.00e+00
4.07e+05,3.77e+02,6.94e+02,7.31e+02,8.00e+00,8.00e+00
4.07e+05,3.68e+02,6.87e+02,7.31e+02,8.00e+00,8.00e+00
4.08e+05,3.60e+02,6.94e+02,7.31e+02,8.00e+00,8.00e+00
4.08e+05,3.95e+02,6.97e+02,7.31e+02,8.00e+00,8.00e+00
4.09e+05,4.15e+02,6.96e+02,7.31e+02,8.00e+00,8.00e+00
4.10e+05,4.07e+02,6.93e+02,7.31e+02,7.00e+00,6.00e+00
4.10e+05,3.80e+02,7.00e+02,7.31e+02,8.00e+00,8.00e+00
4.11e+05,3.80e+02,6.94e+02,7.31e+02,7.00e+00,6.00e+00
4.11e+05,3.79e+02,6.95e+02,7.31e+02,8.00e+00,7.50e+00
4.12e+05,3.85e+02,7.14e+02,7.31e+02,8.00e+00,8.00e+00
4.12e+05,3.84e+02,7.00e+02,7.31e+02,8.00e+00,7.00e+00
4.13e+05,4.07e+02,6.99e+02,7.31e+02,8.00e+00,8.00e+00
4.14e+05,3.98e+02,6.96e+02,7.31e+02,8.00e+00,7.00e+00
4.14e+05,3.91e+02,6.93e+02,7.31e+02,8.00e+00,8.00e+00
4.15e+05,3.73e+02,6.94e+02,7.31e+02,8.00e+00,8.00e+00
4.15e+05,3.96e+02,6.96e+02,7.31e+02,8.00e+00,7.00e+00
4.16e+05,3.80e+02,6.95e+02,7.31e+02,8.00e+00,7.00e+00
4.16e+05,3.92e+02,6.97e+02,7.31e+02,7.00e+00,6.00e+00
4.17e+05,3.99e+02,6.93e+02,7.31e+02,8.00e+00,8.00e+00
4.18e+05,4.14e+02,6.99e+02,7.31e+02,7.00e+00,6.00e+00
4.18e+05,3.88e+02,7.16e+02,7.31e+02,8.00e+00,8.00e+00
4.19e+05,3.77e+02,6.95e+02,7.31e+02,8.00e+00,7.00e+00
4.19e+05,3.83e+02,6.95e+02,7.31e+02,7.00e+00,6.00e+00
4.20e+05,3.94e+02,6.96e+02,7.31e+02,8.00e+00,8.00e+00
4.20e+05,3.76e+02,6.99e+02,7.31e+02,8.00e+00,7.00e+00
4.21e+05,4.03e+02,6.98e+02,7.31e+02,8.00e+00,8.00e+00
4.22e+05,4.18e+02,6.97e+02,7.31e+02,8.00e+00,7.00e+00
4.22e+05,4.11e+02,6.96e+02,7.31e+02,8.00e+00,8.00e+00
4.23e+05,3.77e+02,6.96e+02,7.31e+02,8.00e+00,7.00e+00
4.23e+05,3.92e+02,6.97e+02,7.31e+02,8.00e+00,8.00e+00
4.24e+05,3.94e+02,7.00e+02,7.31e+02,8.00e+00,8.00e+00
4.25e+05,3.73e+02,6.96e+02,7.31e+02,7.00e+00,6.00e+00
4.25e+05,3.65e+02,6.92e+02,7.31e+02,7.00e+00,6.00e+00
4.26e+05,3.77e+02,7.06e+02,7.31e+02,8.00e+00,8.00e+00
4.26e+05,3.86e+02,6.91e+02,7.31e+02,8.00e+00,7.00e+00
4.27e+05,3.85e+02,6.92e+02,7.31e+02,8.00e+00,8.00e+00
4.27e+05,3.77e+02,7.00e+02,7.31e+02,8.00e+00,7.00e+00
4.28e+05,3.74e+02,6.94e+02,7.31e+02,8.00e+00,8.00e+00
4.29e+05,3.88e+02,6.96e+02,7.31e+02,8.00e+00,8.00e+00
4.29e+05,3.76e+02,6.94e+02,7.31e+02,8.00e+00,8.00e+00
4.30e+05,3.93e+02,7.00e+02,7.31e+02,8.00e+00,8.00e+00
4.30e+05,3.66e+02,6.96e+02,7.31e+02,8.00e+00,8.00e+00
4.31e+05,3.80e+02,6.94e+02,7.31e+02,8.00e+00,8.00e+00
4.31e+05,4.02e+02,6.93e+02,7.31e+02,8.00e+00,8.00e+00
4.32e+05,3.86e+02,6.98e+02,7.31e+02,8.00e+00,8.00e+00
4.33e+05,3.74e+02,6.90e+02,7.31e+02,8.00e+00,8.00e+00
4.33e+05,3.81e+02,6.97e+02,7.31e+02,8.00e+00,8.00e+00
4.34e+05,3.90e+02,6.91e+02,7.31e+02,8.00e+00,8.00e+00
4.34e+05,4.02e+02,6.94e+02,7.31e+02,8.00e+00,8.00e+00
4.35e+05,3.94e+02,6.95e+02,7.31e+02,8.00e+00,8.00e+00
4.35e+05,3.84e+02,6.94e+02,7.31e+02,8.00e+00,8.00e+00
4.36e+05,3.73e+02,6.97e+02,7.31e+02,8.00e+00,8.00e+00
4.37e+05,3.93e+02,6.90e+02,7.31e+02,8.00e+00,8.00e+00
4.37e+05,3.69e+02,6.96e+02,7.31e+02,8.00e+00,8.00e+00
4.38e+05,3.80e+02,6.96e+02,7.31e+02,8.00e+00,8.00e+00
4.38e+05,3.74e+02,6.95e+02,7.31e+02,8.00e+00,8.00e+00
4.39e+05,4.02e+02,7.01e+02,7.31e+02,8.00e+00,8.00e+00
4.39e+05,3.99e+02,7.06e+02,7.31e+02,8.00e+00,8.00e+00
4.40e+05,3.74e+02,6.94e+02,7.31e+02,7.50e+00,6.50e+00
4.41e+05,3.82e+02,6.92e+02,7.31e+02,8.00e+00,8.00e+00
4.41e+05,3.72e+02,6.96e+02,7.31e+02,8.00e+00,8.00e+00
4.42e+05,3.98e+02,6.90e+02,7.31e+02,7.00e+00,6.00e+00
4.42e+05,3.76e+02,6.94e+02,7.31e+02,8.00e+00,8.00e+00
4.43e+05,3.85e+02,6.91e+02,7.31e+02,8.00e+00,7.00e+00
4.44e+05,3.83e+02,6.94e+02,7.31e+02,8.00e+00,7.00e+00
4.44e+05,3.46e+02,6.89e+02,7.31e+02,8.00e+00,8.00e+00
4.45e+05,3.86e+02,6.89e+02,7.31e+02,8.00e+00,8.00e+00
4.45e+05,3.69e+02,6.92e+02,7.31e+02,8.00e+00,8.00e+00
4.46e+05,3.79e+02,6.96e+02,7.31e+02,8.00e+00,8.00e+00
4.46e+05,3.63e+02,6.95e+02,7.31e+02,8.00e+00,8.00e+00
4.47e+05,3.73e+02,6.96e+02,7.31e+02,7.00e+00,6.00e+00
4.48e+05,4.05e+02,6.94e+02,7.31e+02,8.00e+00,8.00e+00
4.48e+05,3.73e+02,6.92e+02,7.31e+02,8.00e+00,7.00e+00
4.49e+05,3.56e+02,6.93e+02,7.31e+02,8.00e+00,8.00e+00
4.49e+05,3.68e+02,6.95e+02,7.31e+02,8.00e+00,8.00e+00
4.50e+05,4.10e+02,6.99e+02,7.31e+02,8.00e+00,8.00e+00
4.50e+05,3.62e+02,6.95e+02,7.31e+02,8.00e+00,7.00e+00
4.51e+05,3.85e+02,7.14e+02,7.31e+02,8.00e+00,8.00e+00
4.52e+05,3.64e+02,6.96e+02,7.31e+02,8.00e+00,8.00e+00
4.52e+05,3.84e+02,6.95e+02,7.31e+02,8.00e+00,8.00e+00
4.53e+05,3.68e+02,6.96e+02,7.31e+02,8.00e+00,8.00e+00
4.53e+05,3.80e+02,6.94e+02,7.31e+02,8.00e+00,8.00e+00
4.54e+05,3.87e+02,6.96e+02,7.31e+02,8.00e+00,8.00e+00
4.54e+05,3.74e+02,6.95e+02,7.31e+02,8.00e+00,8.00e+00
4.55e+05,3.76e+02,6.95e+02,7.31e+02,8.00e+00,8.00e+00
4.56e+05,3.98e+02,6.91e+02,7.31e+02,8.00e+00,8.00e+00
4.56e+05,3.94e+02,7.08e+02,7.31e+02,8.00e+00,8.00e+00
4.57e+05,3.68e+02,6.97e+02,7.31e+02,8.00e+00,7.00e+00
4.57e+05,3.96e+02,6.98e+02,7.31e+02,8.00e+00,8.00e+00
4.58e+05,3.89e+02,7.01e+02,7.31e+02,8.00e+00,8.00e+00
4.58e+05,3.62e+02,6.93e+02,7.31e+02,8.00e+00,8.00e+00
4.59e+05,3.71e+02,6.94e+02,7.31e+02,8.00e+00,8.00e+00
4.60e+05,4.02e+02,6.97e+02,7.31e+02,8.00e+00,8.00e+00
4.60e+05,3.57e+02,6.97e+02,7.31e+02,8.00e+00,8.00e+00
4.61e+05,3.81e+02,6.97e+02,7.31e+02,8.00e+00,8.00e+00
4.61e+05,3.81e+02,6.96e+02,7.31e+02,8.00e+00,8.00e+00
4.62e+05,3.94e+02,6.98e+02,7.31e+02,8.00e+00,8.00e+00
4.63e+05,3.90e+02,6.97e+02,7.31e+02,8.00e+00,8.00e+00
4.63e+05,3.43e+02,6.93e+02,7.31e+02,8.00e+00,8.00e+00
4.64e+05,3.69e+02,7.02e+02,7.31e+02,8.00e+00,8.00e+00
4.64e+05,3.68e+02,6.94e+02,7.31e+02,8.00e+00,8.00e+00
4.65e+05,3.93e+02,6.96e+02,7.31e+02,8.00e+00,8.00e+00
4.65e+05,3.99e+02,7.03e+02,7.31e+02,8.00e+00,8.00e+00
4.66e+05,3.78e+02,6.98e+02,7.31e+02,8.00e+00,8.00e+00
4.67e+05,3.76e+02,6.96e+02,7.31e+02,8.00e+00,8.00e+00
4.67e+05,3.82e+02,6.98e+02,7.31e+02,8.00e+00,8.00e+00
4.68e+05,3.61e+02,6.97e+02,7.31e+02,8.00e+00,8.00e+00
4.68e+05,3.80e+02,6.98e+02,7.31e+02,8.00e+00,8.00e+00
4.69e+05,3.74e+02,6.99e+02,7.31e+02,8.00e+00,8.00e+00
4.69e+05,3.65e+02,6.88e+02,7.31e+02,8.00e+00,8.00e+00
4.70e+05,3.63e+02,6.87e+02,7.31e+02,8.00e+00,8.00e+00
4.71e+05,3.82e+02,7.02e+02,7.31e+02,8.00e+00,8.00e+00
4.71e+05,3.64e+02,6.92e+02,7.31e+02,8.00e+00,8.00e+00
4.72e+05,3.72e+02,6.90e+02,7.31e+02,8.00e+00,8.00e+00
4.72e+05,3.76e+02,6.90e+02,7.31e+02,8.00e+00,8.00e+00
4.73e+05,3.53e+02,7.00e+02,7.31e+02,8.00e+00,8.00e+00
4.73e+05,3.77e+02,6.93e+02,7.31e+02,8.00e+00,7.50e+00
4.74e+05,3.87e+02,6.93e+02,7.31e+02,8.00e+00,8.00e+00
4.75e+05,3.76e+02,6.91e+02,7.31e+02,7.00e+00,6.00e+00
4.75e+05,3.85e+02,6.93e+02,7.31e+02,8.00e+00,8.00e+00
4.76e+05,4.00e+02,6.91e+02,7.31e+02,8.00e+00,8.00e+00
4.76e+05,3.75e+02,6.87e+02,7.31e+02,8.00e+00,8.00e+00
4.77e+05,3.87e+02,6.89e+02,7.31e+02,8.00e+00,8.00e+00
4.78e+05,3.83e+02,6.90e+02,7.31e+02,8.00e+00,8.00e+00
4.78e+05,3.62e+02,6.91e+02,7.31e+02,8.00e+00,8.00e+00
4.79e+05,3.78e+02,6.89e+02,7.31e+02,8.00e+00,8.00e+00
4.79e+05,3.62e+02,6.92e+02,7.31e+02,8.00e+00,8.00e+00
4.80e+05,3.58e+02,6.86e+02,7.31e+02,8.00e+00,8.00e+00
4.80e+05,3.93e+02,6.91e+02,7.31e+02,8.00e+00,8.00e+00
4.81e+05,3.95e+02,6.92e+02,7.31e+02,8.00e+00,8.00e+00
4.82e+05,3.88e+02,6.91e+02,7.31e+02,8.00e+00,8.00e+00
4.82e+05,3.72e+02,6.94e+02,7.31e+02,8.00e+00,8.00e+00
4.83e+05,3.79e+02,6.88e+02,7.31e+02,7.00e+00,6.00e+00
4.83e+05,3.85e+02,6.88e+02,7.31e+02,8.00e+00,8.00e+00
4.84e+05,3.76e+02,6.88e+02,7.31e+02,8.00e+00,8.00e+00
4.84e+05,4.17e+02,7.14e+02,7.31e+02,8.00e+00,8.00e+00
4.85e+05,4.02e+02,6.94e+02,7.31e+02,8.00e+00,7.50e+00
4.86e+05,4.15e+02,7.02e+02,7.31e+02,8.00e+00,8.00e+00
4.86e+05,3.99e+02,6.93e+02,7.31e+02,8.00e+00,8.00e+00
4.87e+05,3.94e+02,6.94e+02,7.31e+02,8.00e+00,8.00e+00
4.87e+05,3.97e+02,7.01e+02,7.31e+02,8.00e+00,8.00e+00
4.88e+05,4.26e+02,7.02e+02,7.31e+02,8.00e+00,8.00e+00
4.88e+05,3.75e+02,7.00e+02,7.31e+02,8.00e+00,7.00e+00
4.89e+05,3.94e+02,6.97e+02,7.31e+02,7.00e+00,6.00e+00
4.90e+05,3.89e+02,7.04e+02,7.31e+02,8.00e+00,7.00e+00
4.90e+05,3.72e+02,7.04e+02,7.31e+02,8.00e+00,8.00e+00
4.91e+05,3.77e+02,6.98e+02,7.31e+02,8.00e+00,7.50e+00
4.91e+05,3.98e+02,6.92e+02,7.31e+02,8.00e+00,8.00e+00
4.92e+05,3.86e+02,6.89e+02,7.31e+02,8.00e+00,8.00e+00
4.92e+05,3.77e+02,6.95e+02,7.31e+02,8.00e+00,8.00e+00
4.93e+05,4.15e+02,6.92e+02,7.31e+02,8.00e+00,8.00e+00
4.94e+05,3.76e+02,7.06e+02,7.31e+02,8.00e+00,8.00e+00
4.94e+05,4.00e+02,6.97e+02,7.31e+02,7.00e+00,6.00e+00
4.95e+05,3.77e+02,6.94e+02,7.31e+02,8.00e+00,8.00e+00
4.95e+05,3.82e+02,7.23e+02,7.31e+02,8.00e+00,8.00e+00
4.96e+05,3.76e+02,6.94e+02,7.31e+02,8.00e+00,7.50e+00
4.97e+05,3.86e+02,6.97e+02,7.31e+02,8.00e+00,8.00e+00
4.97e+05,3.96e+02,6.94e+02,7.31e+02,8.00e+00,8.00e+00
4.98e+05,3.91e+02,6.95e+02,7.31e+02,7.00e+00,6.00e+00
4.98e+05,3.97e+02,6.95e+02,7.31e+02,8.00e+00,7.00e+00
4.99e+05,3.87e+02,6.96e+02,7.31e+02,7.50e+00,6.50e+00
4.99e+05,3.79e+02,6.93e+02,7.31e+02,8.00e+00,8.00e+00
5.00e+05,3.86e+02,6.93e+02,7.31e+02,8.00e+00,7.00e+00
5.01e+05,3.74e+02,6.97e+02,7.31e+02,8.00e+00,8.00e+00
5.01e+05,3.96e+02,6.97e+02,7.31e+02,8.00e+00,8.00e+00
5.02e+05,3.88e+02,7.11e+02,7.31e+02,8.00e+00,7.00e+00
5.02e+05,3.81e+02,6.98e+02,7.31e+02,7.00e+00,6.00e+00
5.03e+05,3.74e+02,6.96e+02,7.31e+02,8.00e+00,7.00e+00
5.03e+05,3.83e+02,6.89e+02,7.31e+02,8.00e+00,7.00e+00
5.04e+05,3.91e+02,7.00e+02,7.31e+02,8.00e+00,8.00e+00
5.05e+05,3.89e+02,6.99e+02,7.31e+02,8.00e+00,8.00e+00
5.05e+05,3.94e+02,7.00e+02,7.31e+02,8.00e+00,8.00e+00
5.06e+05,3.83e+02,7.00e+02,7.31e+02,8.00e+00,7.50e+00
5.06e+05,3.77e+02,6.99e+02,7.31e+02,8.00e+00,8.00e+00
5.07e+05,4.10e+02,7.03e+02,7.31e+02,8.00e+00,8.00e+00
5.07e+05,3.81e+02,7.03e+02,7.31e+02,8.00e+00,8.00e+00
5.08e+05,4.08e+02,7.00e+02,7.31e+02,8.00e+00,8.00e+00
5.09e+05,3.91e+02,6.96e+02,7.31e+02,8.00e+00,7.00e+00
5.09e+05,3.85e+02,7.09e+02,7.31e+02,8.00e+00,7.00e+00
5.10e+05,3.93e+02,7.11e+02,7.31e+02,8.00e+00,8.00e+00
5.10e+05,4.13e+02,7.00e+02,7.31e+02,8.00e+00,8.00e+00
5.11e+05,4.03e+02,7.02e+02,7.31e+02,8.00e+00,8.00e+00
5.11e+05,3.87e+02,7.05e+02,7.31e+02,8.00e+00,8.00e+00
5.12e+05,3.83e+02,6.97e+02,7.31e+02,8.00e+00,7.00e+00
5.13e+05,3.96e+02,7.03e+02,7.31e+02,8.00e+00,8.00e+00
5.13e+05,3.80e+02,7.01e+02,7.31e+02,8.00e+00,8.00e+00
5.14e+05,3.77e+02,7.02e+02,7.31e+02,8.00e+00,8.00e+00
5.14e+05,3.83e+02,7.01e+02,7.31e+02,8.00e+00,8.00e+00
5.15e+05,3.75e+02,7.04e+02,7.31e+02,7.00e+00,6.00e+00
5.16e+05,3.89e+02,7.09e+02,7.31e+02,7.00e+00,6.00e+00
5.16e+05,3.71e+02,6.96e+02,7.31e+02,7.50e+00,6.50e+00
5.17e+05,3.85e+02,7.00e+02,7.31e+02,7.00e+00,6.00e+00
5.17e+05,3.74e+02,6.99e+02,7.31e+02,8.00e+00,8.00e+00
5.18e+05,3.91e+02,7.00e+02,7.31e+02,8.00e+00,7.00e+00
5.18e+05,3.76e+02,6.91e+02,7.31e+02,8.00e+00,8.00e+00
5.19e+05,4.02e+02,7.12e+02,7.31e+02,8.00e+00,7.00e+00
5.20e+05,4.02e+02,6.92e+02,7.31e+02,7.50e+00,6.50e+00
5.20e+05,3.92e+02,6.94e+02,7.31e+02,8.00e+00,7.00e+00
5.21e+05,3.92e+02,6.95e+02,7.31e+02,7.00e+00,6.00e+00
5.21e+05,3.98e+02,6.96e+02,7.31e+02,8.00e+00,7.00e+00
5.22e+05,3.83e+02,6.95e+02,7.31e+02,7.00e+00,6.00e+00
5.22e+05,4.00e+02,6.92e+02,7.31e+02,8.00e+00,8.00e+00
5.23e+05,3.96e+02,6.94e+02,7.31e+02,8.00e+00,8.00e+00
5.24e+05,4.02e+02,6.92e+02,7.31e+02,8.00e+00,8.00e+00
5.24e+05,3.85e+02,6.93e+02,7.31e+02,8.00e+00,8.00e+00
5.25e+05,3.92e+02,6.94e+02,7.31e+02,8.00e+00,8.00e+00
5.25e+05,3.71e+02,6.92e+02,7.31e+02,8.00e+00,8.00e+00
5.26e+05,3.83e+02,7.22e+02,7.31e+02,8.00e+00,8.00e+00
5.26e+05,3.91e+02,7.00e+02,7.31e+02,7.00e+00,6.00e+00
5.27e+05,3.86e+02,6.97e+02,7.31e+02,8.00e+00,7.00e+00
5.28e+05,3.89e+02,7.05e+02,7.31e+02,8.00e+00,8.00e+00
5.28e+05,4.03e+02,7.12e+02,7.31e+02,8.00e+00,8.00e+00
5.29e+05,3.91e+02,7.08e+02,7.31e+02,7.00e+00,6.00e+00
5.29e+05,3.73e+02,6.91e+02,7.31e+02,7.00e+00,6.00e+00
5.30e+05,3.83e+02,6.88e+02,7.31e+02,7.00e+00,6.00e+00
5.30e+05,3.81e+02,6.92e+02,7.31e+02,8.00e+00,8.00e+00
5.31e+05,3.76e+02,6.88e+02,7.31e+02,8.00e+00,8.00e+00
5.32e+05,3.64e+02,7.00e+02,7.31e+02,8.00e+00,8.00e+00
5.32e+05,3.39e+02,6.95e+02,7.31e+02,8.00e+00,7.00e+00
5.33e+05,3.73e+02,6.99e+02,7.31e+02,8.00e+00,7.50e+00
5.33e+05,3.79e+02,6.97e+02,7.31e+02,8.00e+00,7.00e+00
5.34e+05,3.78e+02,6.99e+02,7.31e+02,8.00e+00,8.00e+00
5.35e+05,3.52e+02,6.90e+02,7.31e+02,8.00e+00,8.00e+00
5.35e+05,3.85e+02,7.11e+02,7.31e+02,8.00e+00,8.00e+00
5.36e+05,3.75e+02,7.07e+02,7.31e+02,8.00e+00,7.00e+00
5.36e+05,3.93e+02,7.04e+02,7.31e+02,8.00e+00,8.00e+00
5.37e+05,3.87e+02,7.09e+02,7.31e+02,8.00e+00,7.00e+00
5.37e+05,3.89e+02,6.98e+02,7.31e+02,8.00e+00,7.00e+00
5.38e+05,3.74e+02,6.92e+02,7.31e+02,8.00e+00,7.00e+00
5.39e+05,3.71e+02,6.91e+02,7.31e+02,8.00e+00,7.00e+00
5.39e+05,3.69e+02,6.92e+02,7.31e+02,8.00e+00,7.00e+00
5.40e+05,3.70e+02,6.87e+02,7.31e+02,8.00e+00,7.00e+00
5.40e+05,3.93e+02,6.89e+02,7.31e+02,8.00e+00,7.00e+00
5.41e+05,3.63e+02,6.91e+02,7.31e+02,8.00e+00,7.00e+00
5.41e+05,3.60e+02,6.90e+02,7.31e+02,8.00e+00,7.00e+00
5.42e+05,3.44e+02,6.94e+02,7.31e+02,8.00e+00,7.00e+00
5.43e+05,3.79e+02,7.00e+02,7.31e+02,8.00e+00,7.00e+00
5.43e+05,3.48e+02,7.14e+02,7.31e+02,8.00e+00,7.00e+00
5.44e+05,3.59e+02,7.03e+02,7.31e+02,8.00e+00,7.00e+00
5.44e+05,3.81e+02,7.06e+02,7.31e+02,8.00e+00,7.00e+00
5.45e+05,3.59e+02,7.04e+02,7.31e+02,8.00e+00,7.00e+00
5.45e+05,3.54e+02,7.04e+02,7.31e+02,8.00e+00,7.00e+00
5.46e+05,3.82e+02,7.04e+02,7.31e+02,8.00e+00,7.00e+00
5.47e+05,3.75e+02,6.92e+02,7.31e+02,8.00e+00,7.00e+00
5.47e+05,3.58e+02,6.98e+02,7.31e+02,8.00e+00,7.00e+00
5.48e+05,3.72e+02,6.89e+02,7.31e+02,8.00e+00,7.00e+00
5.48e+05,3.73e+02,6.89e+02,7.31e+02,8.00e+00,7.00e+00
5.49e+05,3.57e+02,7.19e+02,7.31e+02,8.00e+00,7.00e+00
5.50e+05,3.73e+02,6.95e+02,7.31e+02,8.00e+00,7.00e+00
5.50e+05,3.75e+02,7.01e+02,7.31e+02,8.00e+00,7.00e+00
5.51e+05,3.67e+02,6.97e+02,7.31e+02,8.00e+00,7.00e+00
5.51e+05,3.92e+02,7.16e+02,7.31e+02,8.00e+00,7.00e+00
5.52e+05,3.92e+02,6.92e+02,7.31e+02,8.00e+00,7.00e+00
5.52e+05,3.55e+02,6.96e+02,7.31e+02,8.00e+00,7.00e+00
5.53e+05,4.03e+02,6.87e+02,7.31e+02,8.00e+00,7.00e+00
5.54e+05,3.64e+02,6.99e+02,7.31e+02,8.00e+00,7.00e+00
5.54e+05,3.77e+02,7.02e+02,7.31e+02,8.00e+00,7.00e+00
5.55e+05,3.59e+02,6.83e+02,7.31e+02,8.00e+00,7.00e+00
5.55e+05,3.93e+02,7.11e+02,7.31e+02,8.00e+00,7.00e+00
5.56e+05,3.78e+02,6.83e+02,7.31e+02,8.00e+00,7.00e+00
5.56e+05,4.01e+02,6.91e+02,7.31e+02,8.00e+00,7.00e+00
5.57e+05,3.86e+02,6.92e+02,7.31e+02,8.00e+00,7.00e+00
5.58e+05,4.18e+02,7.04e+02,7.31e+02,8.00e+00,7.00e+00
5.58e+05,3.91e+02,6.97e+02,7.31e+02,8.00e+00,7.00e+00
5.59e+05,3.87e+02,7.01e+02,7.31e+02,8.00e+00,7.00e+00
5.59e+05,3.85e+02,7.02e+02,7.31e+02,8.00e+00,7.00e+00
5.60e+05,3.81e+02,6.92e+02,7.31e+02,8.00e+00,7.00e+00
5.60e+05,3.86e+02,6.88e+02,7.31e+02,8.00e+00,7.00e+00
5.61e+05,3.65e+02,6.97e+02,7.31e+02,8.00e+00,7.00e+00
5.62e+05,3.83e+02,7.06e+02,7.31e+02,8.00e+00,7.00e+00
5.62e+05,3.82e+02,6.94e+02,7.31e+02,8.00e+00,7.00e+00
5.63e+05,3.87e+02,7.20e+02,7.31e+02,8.00e+00,7.00e+00
5.63e+05,3.77e+02,7.08e+02,7.31e+02,8.00e+00,7.00e+00
5.64e+05,3.90e+02,7.11e+02,7.31e+02,8.00e+00,7.00e+00
5.64e+05,3.90e+02,7.00e+02,7.31e+02,8.00e+00,7.00e+00
5.65e+05,3.89e+02,6.84e+02,7.31e+02,8.00e+00,7.00e+00
5.66e+05,3.74e+02,6.87e+02,7.31e+02,8.00e+00,7.00e+00
5.66e+05,3.54e+02,6.99e+02,7.31e+02,8.00e+00,7.00e+00
5.67e+05,3.87e+02,7.01e+02,7.31e+02,8.00e+00,7.00e+00
5.67e+05,3.82e+02,6.92e+02,7.31e+02,8.00e+00,7.00e+00
5.68e+05,3.95e+02,7.00e+02,7.31e+02,8.00e+00,7.00e+00
5.69e+05,3.80e+02,6.95e+02,7.31e+02,8.00e+00,7.00e+00
5.69e+05,3.73e+02,6.95e+02,7.31e+02,8.00e+00,7.00e+00
5.70e+05,3.74e+02,6.96e+02,7.31e+02,8.00e+00,7.00e+00
5.70e+05,3.63e+02,6.99e+02,7.31e+02,8.00e+00,7.00e+00
5.71e+05,4.02e+02,6.97e+02,7.31e+02,8.00e+00,7.00e+00
5.71e+05,3.57e+02,6.93e+02,7.31e+02,8.00e+00,7.00e+00
5.72e+05,3.76e+02,6.99e+02,7.31e+02,8.00e+00,7.00e+00
5.73e+05,3.76e+02,6.96e+02,7.31e+02,8.00e+00,7.00e+00
5.73e+05,3.83e+02,6.96e+02,7.31e+02,8.00e+00,7.00e+00
5.74e+05,3.77e+02,6.97e+02,7.31e+02,8.00e+00,7.00e+00
5.74e+05,3.60e+02,6.98e+02,7.31e+02,8.00e+00,7.00e+00
5.75e+05,3.60e+02,6.96e+02,7.31e+02,8.00e+00,7.00e+00
5.75e+05,3.72e+02,6.92e+02,7.31e+02,8.00e+00,7.00e+00
5.76e+05,3.96e+02,6.96e+02,7.31e+02,8.00e+00,7.00e+00
5.77e+05,3.75e+02,7.01e+02,7.31e+02,8.00e+00,7.00e+00
5.77e+05,3.73e+02,7.02e+02,7.31e+02,8.00e+00,7.00e+00
5.78e+05,3.82e+02,6.96e+02,7.31e+02,8.00e+00,7.00e+00
5.78e+05,3.69e+02,6.99e+02,7.31e+02,8.00e+00,7.00e+00
5.79e+05,3.79e+02,7.15e+02,7.31e+02,8.00e+00,7.00e+00
5.79e+05,3.81e+02,7.05e+02,7.31e+02,8.00e+00,7.00e+00
5.80e+05,3.94e+02,7.01e+02,7.31e+02,8.00e+00,7.00e+00
5.81e+05,3.69e+02,6.94e+02,7.31e+02,8.00e+00,7.00e+00
5.81e+05,3.73e+02,6.99e+02,7.31e+02,8.00e+00,7.00e+00
5.82e+05,3.98e+02,7.03e+02,7.31e+02,8.00e+00,7.00e+00
5.82e+05,4.06e+02,6.99e+02,7.31e+02,8.00e+00,7.00e+00
5.83e+05,3.84e+02,7.00e+02,7.31e+02,8.00e+00,7.00e+00
5.83e+05,3.90e+02,7.02e+02,7.31e+02,8.00e+00,7.00e+00
5.84e+05,3.83e+02,7.04e+02,7.31e+02,8.00e+00,7.00e+00
5.85e+05,3.83e+02,7.06e+02,7.31e+02,8.00e+00,7.00e+00
5.85e+05,3.87e+02,7.03e+02,7.31e+02,8.00e+00,7.00e+00
5.86e+05,3.98e+02,7.06e+02,7.31e+02,8.00e+00,7.00e+00
5.86e+05,3.80e+02,7.05e+02,7.31e+02,8.00e+00,7.00e+00
5.87e+05,3.96e+02,7.03e+02,7.31e+02,8.00e+00,7.00e+00
5.88e+05,3.89e+02,7.01e+02,7.31e+02,8.00e+00,7.00e+00
5.88e+05,3.90e+02,7.00e+02,7.31e+02,8.00e+00,7.00e+00
5.89e+05,3.89e+02,7.03e+02,7.31e+02,8.00e+00,7.00e+00
5.89e+05,3.95e+02,6.96e+02,7.31e+02,8.00e+00,7.00e+00
5.90e+05,3.72e+02,6.95e+02,7.31e+02,8.00e+00,7.00e+00
5.90e+05,3.72e+02,6.95e+02,7.31e+02,8.00e+00,7.00e+00
